IP Generator (Version 2022.2-SP6.4 build 146967)
Check out license ...
Start generating at 2025-11-04 00:40
Instance: fft (C:\Users\27102\Desktop\pds project\project\ipcore\fft\fft.idf)
IP: Pango FFT (1.2)
Part: Logos2-PG2L100H-FBG676--6
Copy 'example_design' ...
Copy 'pnr' ...
Copy 'rtl' ...
Copy 'sim' ...
Copy 'sim_lib' ...
Copy 'ipsxe_fft_wrapper_v1_2.v.xml' ...
Copy 'readme.txt' ...
Compile file 'ipsxe_fft_wrapper_v1_2.v.xml' to 'fft.v' ...
Found top module 'fft' in file 'fft.v'.
Compile file 'pnr\core_only\ipsxe_fft_core_only.v.xml' to 'pnr\core_only\ipsxe_fft_core_only.v' ...
Compile file 'example_design\rtl\ipsxe_fft_onboard_top.v.xml' to 'example_design\rtl\ipsxe_fft_onboard_top.v' ...
Compile file 'sim\modelsim\ipsxe_fft_onboard_top_filelist.f.xml' to 'sim\modelsim\ipsxe_fft_onboard_top_filelist.f' ...
Compile file 'sim\modelsim\ipsxe_fft_onboard_top_wave.do.xml' to 'sim\modelsim\ipsxe_fft_onboard_top_wave.do' ...
Run file 'createFiles.tcl' ...
Create template file 'fft_tmpl.v' ...
Create template file 'fft_tmpl.vhdl' ...
There are 10 source files to synthesize.
Synthesis is disabled.
Done: 0 error(s), 0 warning(s)
