IP Generator (Version 2022.2-SP6.4 build 146967)
Check out license ...
Start generating at 2025-11-03 17:14
Instance: ROM_sin (C:\Users\27102\Desktop\pds project\project\ipcore\ROM_sin\ROM_sin.idf)
IP: Pango DRM Based ROM (1.8)
Part: Logos2-PG2L100H-FBG676--6
Create directory 'rtl' ...
Copy 'rtl\ipm2l_rom_v1_8.v.xml' to 'rtl' ...
Copy 'rtl\ipm2l_spram_v1_8.v.xml' to 'rtl' ...
Compile file 'rtl\ipm2l_spram_v1_8.v.xml' to 'rtl\ipm2l_spram_v1_8_ROM_sin.v' ...
Compile file 'rtl\ipm2l_rom_v1_8.v.xml' to 'rtl\ipm2l_rom_v1_8_ROM_sin.v' ...
Copy 'ipm2l_rom_wrapper_v1_8.v.xml' ...
Compile file 'ipm2l_rom_wrapper_v1_8.v.xml' to 'ROM_sin.v' ...
Found top module 'ROM_sin' in file 'ROM_sin.v'.
Copy 'ipm2l_rom_wrapper_v1_0_tb.v.xml' ...
Compile file 'ipm2l_rom_wrapper_v1_0_tb.v.xml' to 'ROM_sin_tb.v' ...
Copy 'init_param_bin_exmp.dat' ...
Copy 'init_param_hex_exmp.dat' ...
Run file 'createParam.tcl' ...
Run file 'creatResetValue.tcl' ...
Create template file 'ROM_sin_tmpl.v' ...
Create template file 'ROM_sin_tmpl.vhdl' ...
There are 3 source files to synthesize.
Synthesis is disabled.
Done: 0 error(s), 0 warning(s)
