#Build: Fabric Compiler 2022.2-SP6.4, Build 146967, Jan 31 01:39 2024
#Install: D:\pds right\PDS_2022.2-SP6.4\bin
#Application name: pds_shell.exe
#OS: Windows 10 10.0.26100
#Hostname: yanxi
Generated by Fabric Compiler (version 2022.2-SP6.4 build 146967) at Thu Nov  6 03:53:34 2025
Compiling verification operator library.
Compiling common defs.
Compiling prim grid devices.
Compiling gate devices.
Compiling gate operators.
Building architecture model.
Loading device packaging model.
Reading design from DB.
Start Generating Programming File...
Reading design from DB takes 9.265625 sec.
Generating architecture configuration.
The bitstream file is "C:/Users/27102/Desktop/pds project/project/generate_bitstream/top.sbit"
Generate programming file takes 51.453125 sec.
Generating Programming File done.
Action gen_bit_stream: Real time elapsed is 0h:1m:6s
Action gen_bit_stream: CPU time elapsed is 0h:1m:0s
Action gen_bit_stream: Process CPU time elapsed is 0h:1m:0s
Current time: Thu Nov  6 03:54:38 2025
Action gen_bit_stream: Peak memory pool usage is 1,684 MB
