#Build: Fabric Compiler 2022.2-SP6.4, Build 146967, Jan 31 01:39 2024
#Install: D:\pds right\PDS_2022.2-SP6.4\bin
#Application name: pds_shell.exe
#OS: Windows 10 10.0.26100
#Hostname: yanxi
Generated by Fabric Compiler (version 2022.2-SP6.4 build 146967) at Tue Nov  4 20:57:45 2025
Compiling verification operator library.
Compiling common defs.
Compiling prim grid devices.
Compiling gate devices.
Compiling gate operators.
Building architecture model.
Loading device packaging model.
Reading design from DB.
Start Generating Programming File...
Reading design from DB takes 2.875000 sec.
Generating architecture configuration.
The bitstream file is "C:/Users/27102/Desktop/pds project/project/generate_bitstream/top.sbit"
Generate programming file takes 13.953125 sec.
Generating Programming File done.
Action gen_bit_stream: Real time elapsed is 0h:0m:24s
Action gen_bit_stream: CPU time elapsed is 0h:0m:22s
Action gen_bit_stream: Process CPU time elapsed is 0h:0m:22s
Current time: Tue Nov  4 20:58:07 2025
Action gen_bit_stream: Peak memory pool usage is 1,374 MB
