#Build: Fabric Compiler 2022.2-SP6.4, Build 146967, Jan 31 01:39 2024
#Install: D:\pds right\PDS_2022.2-SP6.4\bin
#Application name: pds_shell.exe
#OS: Windows 10 10.0.26100
#Hostname: yanxi
Generated by Fabric Compiler (version 2022.2-SP6.4 build 146967) at Tue Nov  4 22:26:00 2025
Compiling verification operator library.
Compiling common defs.
Compiling prim grid devices.
Compiling gate devices.
Compiling gate operators.
Building architecture model.
Loading device packaging model.
pnr strategy configuration : 
strategy name : 0
Building architecture floorplan logic view.
Constraint check start.
Executing : def_port {adc1_clk} LOC=V21 VCCIO=3.3 IOSTANDARD=LVCMOS33 DRIVE=4 SLEW=FAST NONE=TRUE
Executing : def_port {adc1_clk} LOC=V21 VCCIO=3.3 IOSTANDARD=LVCMOS33 DRIVE=4 SLEW=FAST NONE=TRUE successfully
Executing : def_port {adc2_clk} LOC=V14 VCCIO=3.3 IOSTANDARD=LVCMOS33 DRIVE=4 SLEW=FAST UNUSED=TRUE
Executing : def_port {adc2_clk} LOC=V14 VCCIO=3.3 IOSTANDARD=LVCMOS33 DRIVE=4 SLEW=FAST UNUSED=TRUE successfully
Executing : def_port {hmi_tx} LOC=U22 VCCIO=3.3 IOSTANDARD=LVCMOS33 DRIVE=4 SLEW=FAST UNUSED=TRUE
Executing : def_port {hmi_tx} LOC=U22 VCCIO=3.3 IOSTANDARD=LVCMOS33 DRIVE=4 SLEW=FAST UNUSED=TRUE successfully
Executing : def_port {led[0]} LOC=A20 VCCIO=3.3 IOSTANDARD=LVCMOS33 DRIVE=4 SLEW=FAST NONE=TRUE
Executing : def_port {led[0]} LOC=A20 VCCIO=3.3 IOSTANDARD=LVCMOS33 DRIVE=4 SLEW=FAST NONE=TRUE successfully
Executing : def_port {led[1]} LOC=C18 VCCIO=3.3 IOSTANDARD=LVCMOS33 DRIVE=4 SLEW=FAST NONE=TRUE
Executing : def_port {led[1]} LOC=C18 VCCIO=3.3 IOSTANDARD=LVCMOS33 DRIVE=4 SLEW=FAST NONE=TRUE successfully
Executing : def_port {led[2]} LOC=C19 VCCIO=3.3 IOSTANDARD=LVCMOS33 DRIVE=4 SLEW=FAST NONE=TRUE
Executing : def_port {led[2]} LOC=C19 VCCIO=3.3 IOSTANDARD=LVCMOS33 DRIVE=4 SLEW=FAST NONE=TRUE successfully
Executing : def_port {led[3]} LOC=E18 VCCIO=3.3 IOSTANDARD=LVCMOS33 DRIVE=4 SLEW=FAST NONE=TRUE
Executing : def_port {led[3]} LOC=E18 VCCIO=3.3 IOSTANDARD=LVCMOS33 DRIVE=4 SLEW=FAST NONE=TRUE successfully
Executing : def_port {led[4]} LOC=A17 VCCIO=3.3 IOSTANDARD=LVCMOS33 DRIVE=4 SLEW=FAST NONE=TRUE
Executing : def_port {led[4]} LOC=A17 VCCIO=3.3 IOSTANDARD=LVCMOS33 DRIVE=4 SLEW=FAST NONE=TRUE successfully
Executing : def_port {led[5]} LOC=A18 VCCIO=3.3 IOSTANDARD=LVCMOS33 DRIVE=4 SLEW=FAST NONE=TRUE
Executing : def_port {led[5]} LOC=A18 VCCIO=3.3 IOSTANDARD=LVCMOS33 DRIVE=4 SLEW=FAST NONE=TRUE successfully
Executing : def_port {led[6]} LOC=C17 VCCIO=3.3 IOSTANDARD=LVCMOS33 DRIVE=4 SLEW=FAST NONE=TRUE
Executing : def_port {led[6]} LOC=C17 VCCIO=3.3 IOSTANDARD=LVCMOS33 DRIVE=4 SLEW=FAST NONE=TRUE successfully
Executing : def_port {led[7]} LOC=B17 VCCIO=3.3 IOSTANDARD=LVCMOS33 DRIVE=4 SLEW=FAST NONE=TRUE
Executing : def_port {led[7]} LOC=B17 VCCIO=3.3 IOSTANDARD=LVCMOS33 DRIVE=4 SLEW=FAST NONE=TRUE successfully
Executing : def_port {A1} LOC=W26 VCCIO=3.3 IOSTANDARD=LVCMOS33 NONE=TRUE
Executing : def_port {A1} LOC=W26 VCCIO=3.3 IOSTANDARD=LVCMOS33 NONE=TRUE successfully
Executing : def_port {B1} LOC=V26 VCCIO=3.3 IOSTANDARD=LVCMOS33 NONE=TRUE
Executing : def_port {B1} LOC=V26 VCCIO=3.3 IOSTANDARD=LVCMOS33 NONE=TRUE successfully
Executing : def_port {adc1[0]} LOC=V16 VCCIO=3.3 IOSTANDARD=LVCMOS33 NONE=TRUE
Executing : def_port {adc1[0]} LOC=V16 VCCIO=3.3 IOSTANDARD=LVCMOS33 NONE=TRUE successfully
Executing : def_port {adc1[1]} LOC=V17 VCCIO=3.3 IOSTANDARD=LVCMOS33 NONE=TRUE
Executing : def_port {adc1[1]} LOC=V17 VCCIO=3.3 IOSTANDARD=LVCMOS33 NONE=TRUE successfully
Executing : def_port {adc1[2]} LOC=T17 VCCIO=3.3 IOSTANDARD=LVCMOS33 NONE=TRUE
Executing : def_port {adc1[2]} LOC=T17 VCCIO=3.3 IOSTANDARD=LVCMOS33 NONE=TRUE successfully
Executing : def_port {adc1[3]} LOC=T18 VCCIO=3.3 IOSTANDARD=LVCMOS33 NONE=TRUE
Executing : def_port {adc1[3]} LOC=T18 VCCIO=3.3 IOSTANDARD=LVCMOS33 NONE=TRUE successfully
Executing : def_port {adc1[4]} LOC=V19 VCCIO=3.3 IOSTANDARD=LVCMOS33 NONE=TRUE
Executing : def_port {adc1[4]} LOC=V19 VCCIO=3.3 IOSTANDARD=LVCMOS33 NONE=TRUE successfully
Executing : def_port {adc1[5]} LOC=W19 VCCIO=3.3 IOSTANDARD=LVCMOS33 NONE=TRUE
Executing : def_port {adc1[5]} LOC=W19 VCCIO=3.3 IOSTANDARD=LVCMOS33 NONE=TRUE successfully
Executing : def_port {adc1[6]} LOC=U25 VCCIO=3.3 IOSTANDARD=LVCMOS33 NONE=TRUE
Executing : def_port {adc1[6]} LOC=U25 VCCIO=3.3 IOSTANDARD=LVCMOS33 NONE=TRUE successfully
Executing : def_port {adc1[7]} LOC=U26 VCCIO=3.3 IOSTANDARD=LVCMOS33 NONE=TRUE
Executing : def_port {adc1[7]} LOC=U26 VCCIO=3.3 IOSTANDARD=LVCMOS33 NONE=TRUE successfully
Executing : def_port {adc1[8]} LOC=AA24 VCCIO=3.3 IOSTANDARD=LVCMOS33 NONE=TRUE
Executing : def_port {adc1[8]} LOC=AA24 VCCIO=3.3 IOSTANDARD=LVCMOS33 NONE=TRUE successfully
Executing : def_port {adc1[9]} LOC=AB25 VCCIO=3.3 IOSTANDARD=LVCMOS33 NONE=TRUE
Executing : def_port {adc1[9]} LOC=AB25 VCCIO=3.3 IOSTANDARD=LVCMOS33 NONE=TRUE successfully
Executing : def_port {adc1[10]} LOC=AA22 VCCIO=3.3 IOSTANDARD=LVCMOS33 NONE=TRUE
Executing : def_port {adc1[10]} LOC=AA22 VCCIO=3.3 IOSTANDARD=LVCMOS33 NONE=TRUE successfully
Executing : def_port {adc1[11]} LOC=AA23 VCCIO=3.3 IOSTANDARD=LVCMOS33 NONE=TRUE
Executing : def_port {adc1[11]} LOC=AA23 VCCIO=3.3 IOSTANDARD=LVCMOS33 NONE=TRUE successfully
Executing : def_port {adc2[0]} LOC=U14 VCCIO=3.3 IOSTANDARD=LVCMOS33 NONE=TRUE
Executing : def_port {adc2[0]} LOC=U14 VCCIO=3.3 IOSTANDARD=LVCMOS33 NONE=TRUE successfully
Executing : def_port {adc2[1]} LOC=Y21 VCCIO=3.3 IOSTANDARD=LVCMOS33 NONE=TRUE
Executing : def_port {adc2[1]} LOC=Y21 VCCIO=3.3 IOSTANDARD=LVCMOS33 NONE=TRUE successfully
Executing : def_port {adc2[2]} LOC=W21 VCCIO=3.3 IOSTANDARD=LVCMOS33 NONE=TRUE
Executing : def_port {adc2[2]} LOC=W21 VCCIO=3.3 IOSTANDARD=LVCMOS33 NONE=TRUE successfully
Executing : def_port {adc2[3]} LOC=T15 VCCIO=3.3 IOSTANDARD=LVCMOS33 NONE=TRUE
Executing : def_port {adc2[3]} LOC=T15 VCCIO=3.3 IOSTANDARD=LVCMOS33 NONE=TRUE successfully
Executing : def_port {adc2[4]} LOC=T14 VCCIO=3.3 IOSTANDARD=LVCMOS33 NONE=TRUE
Executing : def_port {adc2[4]} LOC=T14 VCCIO=3.3 IOSTANDARD=LVCMOS33 NONE=TRUE successfully
Executing : def_port {adc2[5]} LOC=W18 VCCIO=3.3 IOSTANDARD=LVCMOS33 NONE=TRUE
Executing : def_port {adc2[5]} LOC=W18 VCCIO=3.3 IOSTANDARD=LVCMOS33 NONE=TRUE successfully
Executing : def_port {adc2[6]} LOC=V18 VCCIO=3.3 IOSTANDARD=LVCMOS33 NONE=TRUE
Executing : def_port {adc2[6]} LOC=V18 VCCIO=3.3 IOSTANDARD=LVCMOS33 NONE=TRUE successfully
Executing : def_port {adc2[7]} LOC=U20 VCCIO=3.3 IOSTANDARD=LVCMOS33 NONE=TRUE
Executing : def_port {adc2[7]} LOC=U20 VCCIO=3.3 IOSTANDARD=LVCMOS33 NONE=TRUE successfully
Executing : def_port {adc2[8]} LOC=T20 VCCIO=3.3 IOSTANDARD=LVCMOS33 NONE=TRUE
Executing : def_port {adc2[8]} LOC=T20 VCCIO=3.3 IOSTANDARD=LVCMOS33 NONE=TRUE successfully
Executing : def_port {adc2[9]} LOC=Y26 VCCIO=3.3 IOSTANDARD=LVCMOS33 NONE=TRUE
Executing : def_port {adc2[9]} LOC=Y26 VCCIO=3.3 IOSTANDARD=LVCMOS33 NONE=TRUE successfully
Executing : def_port {adc2[10]} LOC=W25 VCCIO=3.3 IOSTANDARD=LVCMOS33 NONE=TRUE
Executing : def_port {adc2[10]} LOC=W25 VCCIO=3.3 IOSTANDARD=LVCMOS33 NONE=TRUE successfully
Executing : def_port {adc2[11]} LOC=AC24 VCCIO=3.3 IOSTANDARD=LVCMOS33 NONE=TRUE
Executing : def_port {adc2[11]} LOC=AC24 VCCIO=3.3 IOSTANDARD=LVCMOS33 NONE=TRUE successfully
Executing : def_port {clk} LOC=D18 VCCIO=3.3 IOSTANDARD=LVCMOS33 UNUSED=TRUE
Executing : def_port {clk} LOC=D18 VCCIO=3.3 IOSTANDARD=LVCMOS33 UNUSED=TRUE successfully
Executing : def_port {hmi_rx} LOC=V22 VCCIO=3.3 IOSTANDARD=LVCMOS33 NONE=TRUE
Executing : def_port {hmi_rx} LOC=V22 VCCIO=3.3 IOSTANDARD=LVCMOS33 NONE=TRUE successfully
Executing : def_port {rst} LOC=C22 VCCIO=3.3 IOSTANDARD=LVCMOS33 NONE=TRUE
Executing : def_port {rst} LOC=C22 VCCIO=3.3 IOSTANDARD=LVCMOS33 NONE=TRUE successfully
Constraint check end.
I: Column Clock Check open.
Read Column Clock Map.

Placement started.
Phase 1 Pre global placement started.
Mapping instance GRS_INST/grs_ccs to CCS_87_316.
Mapping instance u_CORES/u_GTP_SCANCHAIN_PG/scanchain to SCANCHAIN_88_312.
Mapping instance PLL/u_gpll/gpll_inst to GPLL_7_1075.
Phase 1.1 1st GP placement started.
Design Utilization : 21%.
First map gop timing takes 3.48 sec
Worst slack after clock region global placement is 349
Wirelength after clock region global placement is 140269 and checksum is 608300EE2B6A16C2.
1st GP placement takes 8.09 sec.

Phase 1.2 Clock placement started.
Mapping instance clkbufg_23/gopclkbufg to USCM_215_624.
Mapping instance clkbufg_24/gopclkbufg to USCM_215_627.
C: Place-2028: GLOBAL_CLOCK: the driver u_CORES/u_GTP_SCANCHAIN_PG/scanchain fixed at SCANCHAIN_88_312 is unreasonable. Sub-optimal placement for a clock source and a clock buffer.
Mapping instance clkbufg_25/gopclkbufg to USCM_215_576.
Clock placement takes 0.17 sec.

Wirelength after Pre Global Placement is 140269 and checksum is 608300EE2B6A16C2.
Pre global placement takes 8.75 sec.

Phase 2 Global placement started.
Phase 2.1 Fixed placement started.
Placed fixed group with base inst A1_ibuf/opit_1 on IOLHR_16_276.
Placed fixed group with base inst B1_ibuf/opit_1 on IOLHR_16_282.
Placed fixed group with base inst adc1_clk_obuf/opit_1 on IOLHR_16_138.
Placed fixed group with base inst adc1_ibuf[0]/opit_1 on IOLHR_16_12.
Placed fixed group with base inst adc1_ibuf[1]/opit_1 on IOLHR_16_6.
Placed fixed group with base inst adc1_ibuf[2]/opit_1 on IOLHR_16_48.
Placed fixed group with base inst adc1_ibuf[3]/opit_1 on IOLHR_16_42.
Placed fixed group with base inst adc1_ibuf[4]/opit_1 on IOLHR_16_84.
Placed fixed group with base inst adc1_ibuf[5]/opit_1 on IOLHR_16_78.
Placed fixed group with base inst adc1_ibuf[6]/opit_1 on IOLHR_16_294.
Placed fixed group with base inst adc1_ibuf[7]/opit_1 on IOLHR_16_288.
Placed fixed group with base inst adc1_ibuf[8]/opit_1 on IOLHR_16_222.
Placed fixed group with base inst adc1_ibuf[9]/opit_1 on IOLHR_16_216.
Placed fixed group with base inst adc1_ibuf[10]/opit_1 on IOLHR_16_210.
Placed fixed group with base inst adc1_ibuf[11]/opit_1 on IOLHR_16_204.
Placed fixed group with base inst adc2_clk_obuf/opit_1 on IOLHR_16_18.
Placed fixed group with base inst adc2_ibuf[0]/opit_1 on IOLHR_16_24.
Placed fixed group with base inst adc2_ibuf[1]/opit_1 on IOLHR_16_126.
Placed fixed group with base inst adc2_ibuf[2]/opit_1 on IOLHR_16_132.
Placed fixed group with base inst adc2_ibuf[3]/opit_1 on IOLHR_16_54.
Placed fixed group with base inst adc2_ibuf[4]/opit_1 on IOLHR_16_60.
Placed fixed group with base inst adc2_ibuf[5]/opit_1 on IOLHR_16_66.
Placed fixed group with base inst adc2_ibuf[6]/opit_1 on IOLHR_16_72.
Placed fixed group with base inst adc2_ibuf[7]/opit_1 on IOLHR_16_114.
Placed fixed group with base inst adc2_ibuf[8]/opit_1 on IOLHR_16_120.
Placed fixed group with base inst adc2_ibuf[9]/opit_1 on IOLHR_16_252.
Placed fixed group with base inst adc2_ibuf[10]/opit_1 on IOLHR_16_258.
Placed fixed group with base inst adc2_ibuf[11]/opit_1 on IOLHR_16_192.
Placed fixed group with base inst clk_ibuf/opit_1 on IOLHR_16_1080.
Placed fixed group with base inst hmi_rx_ibuf/opit_1 on IOLHR_16_156.
Placed fixed group with base inst hmi_tx_obuf/opit_1 on IOLHR_16_162.
Placed fixed group with base inst led_obuf[0]/opit_1 on IOLHR_16_1032.
Placed fixed group with base inst led_obuf[1]/opit_1 on IOLHR_16_1074.
Placed fixed group with base inst led_obuf[2]/opit_1 on IOLHR_16_1056.
Placed fixed group with base inst led_obuf[3]/opit_1 on IOLHR_16_1086.
Placed fixed group with base inst led_obuf[4]/opit_1 on IOLHR_16_1116.
Placed fixed group with base inst led_obuf[5]/opit_1 on IOLHR_16_1110.
Placed fixed group with base inst led_obuf[6]/opit_1 on IOLHR_16_1140.
Placed fixed group with base inst led_obuf[7]/opit_1 on IOLHR_16_1134.
Placed fixed group with base inst rst_ibuf/opit_1 on IOLHR_16_990.
Placed fixed instance GRS_INST/grs_ccs on CCS_87_316.
Placed fixed instance PLL/u_gpll/gpll_inst on GPLL_7_1075.
Placed fixed instance clkbufg_23/gopclkbufg on USCM_215_624.
Placed fixed instance clkbufg_24/gopclkbufg on USCM_215_627.
Placed fixed instance clkbufg_25/gopclkbufg on USCM_215_576.
Placed fixed instance u_CORES/u_GTP_SCANCHAIN_PG/scanchain on SCANCHAIN_88_312.
Placed fixed instance BKCL_auto_0 on BKCL_1_952.
Placed fixed instance BKCL_auto_1 on BKCL_1_34.
Fixed placement takes 0.47 sec.

Phase 2.2 Process placement started.
Process placement takes 0.02 sec.

Phase 2.3 IO placement started.
IO placement takes 0.16 sec.

Phase 2.4 2nd GP placement started.
Run super clustering :
	Initial slack -3035.
	4 iterations finished.
	Final slack -1418.
Super clustering done.
Design Utilization : 21%.
Worst slack after global placement is 184
2nd GP placement takes 4.14 sec.

Wirelength after global placement is 126378 and checksum is 1546DB0DD3549D63.
Global placement takes 4.80 sec.

Phase 3 Post global placement started.
Packing LUT6D started.
I: LUT6D pack result: There are 1846 LUT6 in collection, pack success:52
Packing LUT6D takes 0.98 sec.
Phase 3.1 Macro cell placement started.
I: Process macros using "Greedy".
Wirelength after macro cell placement is 168783 and checksum is 4CAAE582FE360996.
Macro cell placement takes 0.02 sec.

Phase 3.2 3rd GP placement started.
Run super clustering :
	Initial slack -3035.
	4 iterations finished.
	Final slack -1418.
Super clustering done.
Design Utilization : 21%.
Worst slack after post global placement is -1509
3rd GP placement takes 3.58 sec.

Wirelength after post global placement is 128645 and checksum is 51A4450EC7EBD766.
Packing LUT6D started.
I: LUT6D pack result: There are 1567 LUT6 in collection, pack success:3
Packing LUT6D takes 0.91 sec.
Post global placement takes 5.52 sec.

Phase 4 Legalization started.
The average distance in LP is 0.703556.
Wirelength after legalization is 160636 and checksum is E1F712A6908C0EF8.
Legalization takes 0.62 sec.

Phase 5 Timing-driven detailed placement started.
Phase 5.1 Replication placement started.
Worst slack before Replication Place is -790.
Replication placement takes 0.89 sec.

Wirelength after replication placement is 160562 and checksum is A3E8593303B3B393.
Phase 5.2 Swapping placement started.
Worst slack before detailed placement is -790, TNS before detailed placement is -7113. 
Cost at Swap iteration 0 : -790, wslk -688, tns -5871, takes 0.06 sec.
Cost at DP iteration 0 : -688, wslk -620, tns -5646, takes 0.06 sec.
Cost at Swap iteration 1 : -620, wslk -617, tns -5388, takes 0.02 sec.
Cost at Swap iteration 2 : -617, wslk -617, tns -5388, takes 0.02 sec.
Cost at DP iteration 2 : -617, wslk -613, tns -5255, takes 0.02 sec.
Cost at Swap iteration 3 : -613, wslk -613, tns -5255, takes 0.02 sec.
Cost at Swap iteration 4 : -613, wslk -563, tns -4755, takes 0.03 sec.
Cost at DP iteration 4 : -563, wslk -563, tns -4755, takes 0.03 sec.
Cost at Swap iteration 5 : -563, wslk -563, tns -4755, takes 0.02 sec.
Cost at Swap iteration 6 : -563, wslk -546, tns -4585, takes 0.03 sec.
Cost at DP iteration 6 : -546, wslk -541, tns -4535, takes 0.05 sec.
Cost at Swap iteration 7 : -541, wslk -541, tns -4535, takes 0.03 sec.
Cost at Swap iteration 8 : -541, wslk 481, tns 0, takes 0.03 sec.
Cost at DP iteration 8 : 481, wslk 481, tns 0, takes 0.05 sec.
Cost at Swap iteration 9 : 481, wslk 481, tns 0, takes 0.02 sec.
Cost at Swap iteration 10 : 481, wslk 481, tns 0, takes 0.03 sec.
Cost at DP iteration 10 : 481, wslk 481, tns 0, takes 0.05 sec.
Cost at Swap iteration 11 : 481, wslk 481, tns 0, takes 0.02 sec.
Worst slack after detailed placement is 481, TNS after detailed placement is 0. 
Swapping placement takes 1.31 sec.

I: Place-6001: Add the new FF instances CLMS_63_325(/FF1/FF) replicated by the FF instance CLMA_123_282(/FF1/FF) .
Origin phase_measure/timer1[12]/opit_0_inv replicates:
    CLMS_63_325(/FF1/FF)  : phase_measure/timer1[12]/opit_0_inv_1(gopQ)
I: Place-6001: Add the new FF instances CLMA_75_318(/FFAPP1/FF) replicated by the FF instance CLMA_129_276(/FF1/FF) .
Origin phase_measure/timer1[0]/opit_0_inv replicates:
    CLMA_75_318(/FFAPP1/FF)  : phase_measure/timer1[0]/opit_0_inv_1(gopQ)
I: Place-6001: Add the new FF instances CLMA_63_324(/FFAPP0/FF) replicated by the FF instance CLMA_123_282(/FF3/FF) .
Origin phase_measure/timer1[14]/opit_0_inv replicates:
    CLMA_63_324(/FFAPP0/FF)  : phase_measure/timer1[14]/opit_0_inv_1(gopQ)
I: Place-6001: Add the new FF instances CLMA_57_319(/FF2/FF) replicated by the FF instance CLMA_123_282(/FF2/FF) .
Origin phase_measure/timer1[8]/opit_0_inv replicates:
    CLMA_57_319(/FF2/FF)  : phase_measure/timer1[8]/opit_0_inv_1(gopQ)
I: Place-6001: Add the new FF instances CLMS_63_319(/FFAPP0/FF) replicated by the FF instance CLMA_117_295(/FF0/FF) .
Origin phase_measure/timer1[10]/opit_0_inv replicates:
    CLMS_63_319(/FFAPP0/FF)  : phase_measure/timer1[10]/opit_0_inv_1(gopQ)
I: Place-6001: Add the new FF instances CLMA_75_318(/FFAPP3/FF) replicated by the FF instance CLMA_117_295(/FF1/FF) .
Origin phase_measure/timer1[4]/opit_0_inv replicates:
    CLMA_75_318(/FFAPP3/FF)  : phase_measure/timer1[4]/opit_0_inv_1(gopQ)
Wirelength after detailed placement is 160706 and checksum is D11A41D233500A55.
Timing-driven detailed placement takes 2.23 sec.

Worst slack is 481, TNS after placement is 0.
Placement done.
Total placement takes 25.98 sec.
Finished placement.

Routing started.
Building routing graph takes 3.00 sec.
Worst slack is 481, TNS before global route is 0.
Processing design graph takes 1.38 sec.
Total memory for routing:
	233.510215 M.
Total nets for routing : 24588.
Global Routing step 1 processed 0 nets, it takes 1.33 sec.
Rcf routing step 1 processed 0 nets, it takes 0.00 sec.
Rcf routing step 2 processed 0 nets, it takes 0.00 sec.
Rcf routing step 3 processed 0 nets, it takes 0.00 sec.
Unrouted nets 0 at the end of iteration 0.
Global Routing step 1 processed 32 nets, it takes 0.03 sec.
Unrouted nets 195 at the end of iteration 0.
Unrouted nets 131 at the end of iteration 1.
Unrouted nets 76 at the end of iteration 2.
Unrouted nets 49 at the end of iteration 3.
Unrouted nets 22 at the end of iteration 4.
Unrouted nets 16 at the end of iteration 5.
Unrouted nets 11 at the end of iteration 6.
Unrouted nets 7 at the end of iteration 7.
Unrouted nets 4 at the end of iteration 8.
Unrouted nets 4 at the end of iteration 9.
Unrouted nets 2 at the end of iteration 10.
Unrouted nets 2 at the end of iteration 11.
Unrouted nets 2 at the end of iteration 12.
Unrouted nets 2 at the end of iteration 13.
Unrouted nets 2 at the end of iteration 14.
Unrouted nets 2 at the end of iteration 15.
Unrouted nets 0 at the end of iteration 16.
Global Routing step 2 processed 565 nets, it takes 0.50 sec.
Unrouted nets 5 at the end of iteration 0.
Unrouted nets 3 at the end of iteration 1.
Unrouted nets 0 at the end of iteration 2.
Global Routing step 3 processed 10 nets, it takes 0.03 sec.
Unrouted nets 279 at the end of iteration 0.
Unrouted nets 124 at the end of iteration 1.
Unrouted nets 56 at the end of iteration 2.
Unrouted nets 28 at the end of iteration 3.
Unrouted nets 12 at the end of iteration 4.
Unrouted nets 10 at the end of iteration 5.
Unrouted nets 6 at the end of iteration 6.
Unrouted nets 2 at the end of iteration 7.
Unrouted nets 2 at the end of iteration 8.
Unrouted nets 2 at the end of iteration 9.
Unrouted nets 0 at the end of iteration 10.
Global Routing step 4 processed 618 nets, it takes 0.66 sec.
Global routing takes 1.27 sec.
Total 25846 subnets.
    forward max bucket size 15331 , backward 435.
        Unrouted nets 16569 at the end of iteration 0.
    route iteration 0, CPU time elapsed 3.062500 sec.
    forward max bucket size 722 , backward 482.
        Unrouted nets 13325 at the end of iteration 1.
    route iteration 1, CPU time elapsed 2.609375 sec.
    forward max bucket size 700 , backward 233.
        Unrouted nets 11083 at the end of iteration 2.
    route iteration 2, CPU time elapsed 2.265625 sec.
    forward max bucket size 706 , backward 450.
        Unrouted nets 9296 at the end of iteration 3.
    route iteration 3, CPU time elapsed 2.093750 sec.
    forward max bucket size 516 , backward 372.
        Unrouted nets 9009 at the end of iteration 4.
    route iteration 4, CPU time elapsed 1.500000 sec.
    forward max bucket size 612 , backward 186.
        Unrouted nets 7762 at the end of iteration 5.
    route iteration 5, CPU time elapsed 1.328125 sec.
    forward max bucket size 368 , backward 137.
        Unrouted nets 6385 at the end of iteration 6.
    route iteration 6, CPU time elapsed 1.031250 sec.
    forward max bucket size 172 , backward 456.
        Unrouted nets 5086 at the end of iteration 7.
    route iteration 7, CPU time elapsed 0.875000 sec.
    forward max bucket size 580 , backward 190.
        Unrouted nets 4008 at the end of iteration 8.
    route iteration 8, CPU time elapsed 0.656250 sec.
    forward max bucket size 571 , backward 143.
        Unrouted nets 3206 at the end of iteration 9.
    route iteration 9, CPU time elapsed 0.515625 sec.
    forward max bucket size 956 , backward 106.
        Unrouted nets 2456 at the end of iteration 10.
    route iteration 10, CPU time elapsed 0.390625 sec.
    forward max bucket size 128 , backward 72.
        Unrouted nets 1875 at the end of iteration 11.
    route iteration 11, CPU time elapsed 0.359375 sec.
    forward max bucket size 243 , backward 207.
        Unrouted nets 1468 at the end of iteration 12.
    route iteration 12, CPU time elapsed 0.296875 sec.
    forward max bucket size 141 , backward 73.
        Unrouted nets 1102 at the end of iteration 13.
    route iteration 13, CPU time elapsed 0.234375 sec.
    forward max bucket size 251 , backward 69.
        Unrouted nets 839 at the end of iteration 14.
    route iteration 14, CPU time elapsed 0.203125 sec.
    forward max bucket size 115 , backward 76.
        Unrouted nets 676 at the end of iteration 15.
    route iteration 15, CPU time elapsed 0.171875 sec.
    forward max bucket size 65 , backward 106.
        Unrouted nets 522 at the end of iteration 16.
    route iteration 16, CPU time elapsed 0.140625 sec.
    forward max bucket size 87 , backward 52.
        Unrouted nets 381 at the end of iteration 17.
    route iteration 17, CPU time elapsed 0.125000 sec.
    forward max bucket size 95 , backward 62.
        Unrouted nets 288 at the end of iteration 18.
    route iteration 18, CPU time elapsed 0.078125 sec.
    forward max bucket size 41 , backward 31.
        Unrouted nets 236 at the end of iteration 19.
    route iteration 19, CPU time elapsed 0.078125 sec.
    forward max bucket size 48 , backward 69.
        Unrouted nets 177 at the end of iteration 20.
    route iteration 20, CPU time elapsed 0.093750 sec.
    forward max bucket size 75 , backward 48.
        Unrouted nets 146 at the end of iteration 21.
    route iteration 21, CPU time elapsed 0.078125 sec.
    forward max bucket size 54 , backward 48.
        Unrouted nets 121 at the end of iteration 22.
    route iteration 22, CPU time elapsed 0.078125 sec.
    forward max bucket size 52 , backward 55.
        Unrouted nets 103 at the end of iteration 23.
    route iteration 23, CPU time elapsed 0.062500 sec.
    forward max bucket size 52 , backward 33.
        Unrouted nets 73 at the end of iteration 24.
    route iteration 24, CPU time elapsed 0.062500 sec.
    forward max bucket size 49 , backward 23.
        Unrouted nets 53 at the end of iteration 25.
    route iteration 25, CPU time elapsed 0.062500 sec.
    forward max bucket size 50 , backward 33.
        Unrouted nets 45 at the end of iteration 26.
    route iteration 26, CPU time elapsed 0.062500 sec.
    forward max bucket size 35 , backward 19.
        Unrouted nets 32 at the end of iteration 27.
    route iteration 27, CPU time elapsed 0.046875 sec.
    forward max bucket size 35 , backward 19.
        Unrouted nets 33 at the end of iteration 28.
    route iteration 28, CPU time elapsed 0.062500 sec.
    forward max bucket size 29 , backward 18.
        Unrouted nets 30 at the end of iteration 29.
    route iteration 29, CPU time elapsed 0.031250 sec.
    forward max bucket size 16 , backward 19.
        Unrouted nets 17 at the end of iteration 30.
    route iteration 30, CPU time elapsed 0.046875 sec.
    forward max bucket size 24 , backward 27.
        Unrouted nets 16 at the end of iteration 31.
    route iteration 31, CPU time elapsed 0.031250 sec.
    forward max bucket size 25 , backward 26.
        Unrouted nets 11 at the end of iteration 32.
    route iteration 32, CPU time elapsed 0.046875 sec.
    forward max bucket size 31 , backward 19.
        Unrouted nets 12 at the end of iteration 33.
    route iteration 33, CPU time elapsed 0.046875 sec.
    forward max bucket size 23 , backward 12.
        Unrouted nets 7 at the end of iteration 34.
    route iteration 34, CPU time elapsed 0.046875 sec.
    forward max bucket size 22 , backward 11.
        Unrouted nets 7 at the end of iteration 35.
    route iteration 35, CPU time elapsed 0.046875 sec.
    forward max bucket size 12 , backward 16.
        Unrouted nets 4 at the end of iteration 36.
    route iteration 36, CPU time elapsed 0.046875 sec.
    forward max bucket size 23 , backward 15.
        Unrouted nets 2 at the end of iteration 37.
    route iteration 37, CPU time elapsed 0.062500 sec.
    forward max bucket size 15 , backward 7.
        Unrouted nets 0 at the end of iteration 38.
    route iteration 38, CPU time elapsed 0.046875 sec.
Detailed routing takes 38 iterations
I: Design net u_CORES/drck_o is routed by general path.
C: Route-2036: The clock path from u_CORES/u_GTP_SCANCHAIN_PG/scanchain:TCK1 to clkbufg_25/gopclkbufg:CLK is routed by SRB.
I: Design net u_CORES/capt_o is routed by general path.
C: Route-2036: The clock path from u_CORES/u_GTP_SCANCHAIN_PG/scanchain:CAPTUREDR to u_CORES/u_debug_core_0/u_hub_data_decode/id_sample.conf_id[4]/opit_0_inv:CLK is routed by SRB.
I: Design net ntclkbufg_2 is routed by general path.
C: Route-2036: The clock path from clkbufg_25/gopclkbufg:CLKOUT to u_CORES/u_debug_core_0/u0_trig_unit/conf_reg[32]/opit_0_inv_L6QL5Q:CLK is routed by SRB.
Detailed routing takes 19.80 sec.
Start fix hold violation.
Build tmp routing results takes 0.16 sec.
Timing analysis takes 0.22 sec.
Hold violation fix iter 0 takes 2.11 sec, total_step_forward 92508.
Incremental timing analysis takes 0.16 sec.
Hold violation fix iter 1 takes 0.03 sec, total_step_forward 1065.
Incremental timing analysis takes 0.17 sec.
Hold violation fix iter 2 takes 0.00 sec, total_step_forward 162.
Incremental timing analysis takes 0.20 sec.
Hold violation fix iter 3 takes 0.00 sec, total_step_forward 0.
Hold Violation Fix in router takes 4 iterations.
Fix hold violation Finished.
Hold Violation Fix in router takes 6.47 sec.

Dispose routing result:
    Collect routing result.
    Delete unused device instances.
    Annotate routing result.
    Change LUT configuration.
    Dispose misc instances.
    Annotate routing result again.
Finish routing takes 1.06 sec.
Used SRB routing arc is 206442.
Cleanup routing takes 0.03 sec.
Routing done.
Total routing takes 35.25 sec.


Device Utilization Summary :
+-------------------------------------------------------------------------------+
| Logic Utilization           | Used      | Available     | Utilization(%)     
+-------------------------------------------------------------------------------+
| Use of ADC                  | 0         | 1             | 0                  
| Use of ANALOG               | 0         | 1             | 0                  
| Use of APM                  | 47        | 240           | 20                 
| Use of BKCL                 | 2         | 6             | 34                 
| Use of CCS                  | 1         | 1             | 100                
| Use of CLMA                 | 2764      | 11675         | 24                 
|   FF                        | 10844     | 93400         | 12                 
|   LUT                       | 9346      | 46700         | 21                 
|   LUT-FF pairs              | 6491      | 46700         | 14                 
| Use of CLMS                 | 1170      | 4975          | 24                 
|   FF                        | 4550      | 39800         | 12                 
|   LUT                       | 3996      | 19900         | 21                 
|   LUT-FF pairs              | 2811      | 19900         | 15                 
|   Distributed RAM           | 79        | 19900         | 1                  
| Use of DDRPHY_CPD           | 0         | 12            | 0                  
| Use of DDRPHY_IOCLK_DIV     | 0         | 6             | 0                  
| Use of DDR_PHY              | 0         | 24            | 0                  
| Use of DRM                  | 20.5      | 155           | 14                 
| Use of GPLL                 | 1         | 6             | 17                 
| Use of GSEB                 | 0         | 218           | 0                  
| Use of HARD0                | 1386      | 10550         | 14                 
| Use of HCKB                 | 15        | 96            | 16                 
|  HCKB dataused              | 1         | 96            | 2                  
| Use of HCKMUX_TEST          | 0         | 8             | 0                  
| Use of HSSTLP               | 0         | 2             | 0                  
| Use of IO                   | 40        | 300           | 14                 
|   IOBD                      | 18        | 144           | 13                 
|   IOBS                      | 22        | 156           | 15                 
| Use of IOCKB                | 0         | 24            | 0                  
| Use of IOCKMUX_TEST         | 0         | 6             | 0                  
| Use of IOLHR                | 40        | 300           | 14                 
| Use of KEYRAM               | 0         | 1             | 0                  
| Use of MFG_TEST             | 0         | 1             | 0                  
| Use of MRCKB                | 0         | 12            | 0                  
| Use of MRCKMUX_TEST         | 0         | 6             | 0                  
| Use of MRPOSTMUX_TEST       | 0         | 6             | 0                  
| Use of PCIE                 | 0         | 1             | 0                  
| Use of PCKMUX_TEST          | 0         | 12            | 0                  
| Use of PLLMRMUX_TEST        | 0         | 6             | 0                  
| Use of PLLREFMUX_TEST       | 0         | 6             | 0                  
| Use of PPLL                 | 0         | 6             | 0                  
| Use of PREGMUXC_TEST        | 0         | 4             | 0                  
| Use of PREGMUXLR_TEST       | 0         | 6             | 0                  
| Use of RCKB                 | 1         | 24            | 5                  
|  RCKB dataused              | 1         | 24            | 5                  
| Use of RCKMUX_TEST          | 0         | 6             | 0                  
| Use of SCANCHAIN            | 1         | 1             | 100                
| Use of SCKMUX_TEST          | 0         | 12            | 0                  
| Use of SFB                  | 0         | 2225          | 0                  
| Use of SPAD                 | 0         | 8             | 0                  
| Use of TSERDES              | 0         | 48            | 0                  
| Use of USCM                 | 4         | 32            | 13                 
|  USCM dataused              | 0         | 32            | 0                  
| Use of USCMMUX_TEST         | 0         | 32            | 0                  
+-------------------------------------------------------------------------------+

Finished routing.
Design 'top' has been placed and routed successfully.
Saving design to DB.
Finished placement and routing.
Action pnr: Real time elapsed is 0h:1m:56s
Action pnr: CPU time elapsed is 0h:1m:44s
Action pnr: Process CPU time elapsed is 0h:2m:9s
Current time: Tue Nov  4 22:27:54 2025
Action pnr: Peak memory pool usage is 2,289 MB
