#Build: Fabric Compiler 2022.2-SP6.4, Build 146967, Jan 31 01:39 2024
#Install: D:\pds right\PDS_2022.2-SP6.4\bin
#Application name: pds_shell.exe
#OS: Windows 10 10.0.26100
#Hostname: yanxi
Generated by Fabric Compiler (version 2022.2-SP6.4 build 146967) at Thu Nov  6 00:24:29 2025
Compiling verification operator library.
Compiling common defs.
Compiling prim grid devices.
Compiling gate devices.
Compiling gate operators.
Building architecture model.
Loading device packaging model.
pnr strategy configuration : 
strategy name : 0
Building architecture floorplan logic view.
Constraint check start.
Executing : def_port {adc1_clk} LOC=V21 VCCIO=3.3 IOSTANDARD=LVCMOS33 DRIVE=4 SLEW=FAST NONE=TRUE
Executing : def_port {adc1_clk} LOC=V21 VCCIO=3.3 IOSTANDARD=LVCMOS33 DRIVE=4 SLEW=FAST NONE=TRUE successfully
Executing : def_port {adc2_clk} LOC=V14 VCCIO=3.3 IOSTANDARD=LVCMOS33 DRIVE=4 SLEW=FAST UNUSED=TRUE
Executing : def_port {adc2_clk} LOC=V14 VCCIO=3.3 IOSTANDARD=LVCMOS33 DRIVE=4 SLEW=FAST UNUSED=TRUE successfully
Executing : def_port {hmi_tx} LOC=U22 VCCIO=3.3 IOSTANDARD=LVCMOS33 DRIVE=4 SLEW=FAST UNUSED=TRUE
Executing : def_port {hmi_tx} LOC=U22 VCCIO=3.3 IOSTANDARD=LVCMOS33 DRIVE=4 SLEW=FAST UNUSED=TRUE successfully
Executing : def_port {led[0]} LOC=A20 VCCIO=3.3 IOSTANDARD=LVCMOS33 DRIVE=4 SLEW=FAST NONE=TRUE
Executing : def_port {led[0]} LOC=A20 VCCIO=3.3 IOSTANDARD=LVCMOS33 DRIVE=4 SLEW=FAST NONE=TRUE successfully
Executing : def_port {led[1]} LOC=C18 VCCIO=3.3 IOSTANDARD=LVCMOS33 DRIVE=4 SLEW=FAST NONE=TRUE
Executing : def_port {led[1]} LOC=C18 VCCIO=3.3 IOSTANDARD=LVCMOS33 DRIVE=4 SLEW=FAST NONE=TRUE successfully
Executing : def_port {led[2]} LOC=C19 VCCIO=3.3 IOSTANDARD=LVCMOS33 DRIVE=4 SLEW=FAST NONE=TRUE
Executing : def_port {led[2]} LOC=C19 VCCIO=3.3 IOSTANDARD=LVCMOS33 DRIVE=4 SLEW=FAST NONE=TRUE successfully
Executing : def_port {led[3]} LOC=E18 VCCIO=3.3 IOSTANDARD=LVCMOS33 DRIVE=4 SLEW=FAST NONE=TRUE
Executing : def_port {led[3]} LOC=E18 VCCIO=3.3 IOSTANDARD=LVCMOS33 DRIVE=4 SLEW=FAST NONE=TRUE successfully
Executing : def_port {led[4]} LOC=A17 VCCIO=3.3 IOSTANDARD=LVCMOS33 DRIVE=4 SLEW=FAST NONE=TRUE
Executing : def_port {led[4]} LOC=A17 VCCIO=3.3 IOSTANDARD=LVCMOS33 DRIVE=4 SLEW=FAST NONE=TRUE successfully
Executing : def_port {led[5]} LOC=A18 VCCIO=3.3 IOSTANDARD=LVCMOS33 DRIVE=4 SLEW=FAST NONE=TRUE
Executing : def_port {led[5]} LOC=A18 VCCIO=3.3 IOSTANDARD=LVCMOS33 DRIVE=4 SLEW=FAST NONE=TRUE successfully
Executing : def_port {led[6]} LOC=C17 VCCIO=3.3 IOSTANDARD=LVCMOS33 DRIVE=4 SLEW=FAST NONE=TRUE
Executing : def_port {led[6]} LOC=C17 VCCIO=3.3 IOSTANDARD=LVCMOS33 DRIVE=4 SLEW=FAST NONE=TRUE successfully
Executing : def_port {led[7]} LOC=B17 VCCIO=3.3 IOSTANDARD=LVCMOS33 DRIVE=4 SLEW=FAST NONE=TRUE
Executing : def_port {led[7]} LOC=B17 VCCIO=3.3 IOSTANDARD=LVCMOS33 DRIVE=4 SLEW=FAST NONE=TRUE successfully
Executing : def_port {A1} LOC=W26 VCCIO=3.3 IOSTANDARD=LVCMOS33 NONE=TRUE
Executing : def_port {A1} LOC=W26 VCCIO=3.3 IOSTANDARD=LVCMOS33 NONE=TRUE successfully
Executing : def_port {B1} LOC=V26 VCCIO=3.3 IOSTANDARD=LVCMOS33 NONE=TRUE
Executing : def_port {B1} LOC=V26 VCCIO=3.3 IOSTANDARD=LVCMOS33 NONE=TRUE successfully
Executing : def_port {adc1[0]} LOC=V16 VCCIO=3.3 IOSTANDARD=LVCMOS33 NONE=TRUE
Executing : def_port {adc1[0]} LOC=V16 VCCIO=3.3 IOSTANDARD=LVCMOS33 NONE=TRUE successfully
Executing : def_port {adc1[1]} LOC=V17 VCCIO=3.3 IOSTANDARD=LVCMOS33 NONE=TRUE
Executing : def_port {adc1[1]} LOC=V17 VCCIO=3.3 IOSTANDARD=LVCMOS33 NONE=TRUE successfully
Executing : def_port {adc1[2]} LOC=T17 VCCIO=3.3 IOSTANDARD=LVCMOS33 NONE=TRUE
Executing : def_port {adc1[2]} LOC=T17 VCCIO=3.3 IOSTANDARD=LVCMOS33 NONE=TRUE successfully
Executing : def_port {adc1[3]} LOC=T18 VCCIO=3.3 IOSTANDARD=LVCMOS33 NONE=TRUE
Executing : def_port {adc1[3]} LOC=T18 VCCIO=3.3 IOSTANDARD=LVCMOS33 NONE=TRUE successfully
Executing : def_port {adc1[4]} LOC=V19 VCCIO=3.3 IOSTANDARD=LVCMOS33 NONE=TRUE
Executing : def_port {adc1[4]} LOC=V19 VCCIO=3.3 IOSTANDARD=LVCMOS33 NONE=TRUE successfully
Executing : def_port {adc1[5]} LOC=W19 VCCIO=3.3 IOSTANDARD=LVCMOS33 NONE=TRUE
Executing : def_port {adc1[5]} LOC=W19 VCCIO=3.3 IOSTANDARD=LVCMOS33 NONE=TRUE successfully
Executing : def_port {adc1[6]} LOC=U25 VCCIO=3.3 IOSTANDARD=LVCMOS33 NONE=TRUE
Executing : def_port {adc1[6]} LOC=U25 VCCIO=3.3 IOSTANDARD=LVCMOS33 NONE=TRUE successfully
Executing : def_port {adc1[7]} LOC=U26 VCCIO=3.3 IOSTANDARD=LVCMOS33 NONE=TRUE
Executing : def_port {adc1[7]} LOC=U26 VCCIO=3.3 IOSTANDARD=LVCMOS33 NONE=TRUE successfully
Executing : def_port {adc1[8]} LOC=AA24 VCCIO=3.3 IOSTANDARD=LVCMOS33 NONE=TRUE
Executing : def_port {adc1[8]} LOC=AA24 VCCIO=3.3 IOSTANDARD=LVCMOS33 NONE=TRUE successfully
Executing : def_port {adc1[9]} LOC=AB25 VCCIO=3.3 IOSTANDARD=LVCMOS33 NONE=TRUE
Executing : def_port {adc1[9]} LOC=AB25 VCCIO=3.3 IOSTANDARD=LVCMOS33 NONE=TRUE successfully
Executing : def_port {adc1[10]} LOC=AA22 VCCIO=3.3 IOSTANDARD=LVCMOS33 NONE=TRUE
Executing : def_port {adc1[10]} LOC=AA22 VCCIO=3.3 IOSTANDARD=LVCMOS33 NONE=TRUE successfully
Executing : def_port {adc1[11]} LOC=AA23 VCCIO=3.3 IOSTANDARD=LVCMOS33 NONE=TRUE
Executing : def_port {adc1[11]} LOC=AA23 VCCIO=3.3 IOSTANDARD=LVCMOS33 NONE=TRUE successfully
Executing : def_port {adc2[0]} LOC=U14 VCCIO=3.3 IOSTANDARD=LVCMOS33 NONE=TRUE
Executing : def_port {adc2[0]} LOC=U14 VCCIO=3.3 IOSTANDARD=LVCMOS33 NONE=TRUE successfully
Executing : def_port {adc2[1]} LOC=Y21 VCCIO=3.3 IOSTANDARD=LVCMOS33 NONE=TRUE
Executing : def_port {adc2[1]} LOC=Y21 VCCIO=3.3 IOSTANDARD=LVCMOS33 NONE=TRUE successfully
Executing : def_port {adc2[2]} LOC=W21 VCCIO=3.3 IOSTANDARD=LVCMOS33 NONE=TRUE
Executing : def_port {adc2[2]} LOC=W21 VCCIO=3.3 IOSTANDARD=LVCMOS33 NONE=TRUE successfully
Executing : def_port {adc2[3]} LOC=T15 VCCIO=3.3 IOSTANDARD=LVCMOS33 NONE=TRUE
Executing : def_port {adc2[3]} LOC=T15 VCCIO=3.3 IOSTANDARD=LVCMOS33 NONE=TRUE successfully
Executing : def_port {adc2[4]} LOC=T14 VCCIO=3.3 IOSTANDARD=LVCMOS33 NONE=TRUE
Executing : def_port {adc2[4]} LOC=T14 VCCIO=3.3 IOSTANDARD=LVCMOS33 NONE=TRUE successfully
Executing : def_port {adc2[5]} LOC=W18 VCCIO=3.3 IOSTANDARD=LVCMOS33 NONE=TRUE
Executing : def_port {adc2[5]} LOC=W18 VCCIO=3.3 IOSTANDARD=LVCMOS33 NONE=TRUE successfully
Executing : def_port {adc2[6]} LOC=V18 VCCIO=3.3 IOSTANDARD=LVCMOS33 NONE=TRUE
Executing : def_port {adc2[6]} LOC=V18 VCCIO=3.3 IOSTANDARD=LVCMOS33 NONE=TRUE successfully
Executing : def_port {adc2[7]} LOC=U20 VCCIO=3.3 IOSTANDARD=LVCMOS33 NONE=TRUE
Executing : def_port {adc2[7]} LOC=U20 VCCIO=3.3 IOSTANDARD=LVCMOS33 NONE=TRUE successfully
Executing : def_port {adc2[8]} LOC=T20 VCCIO=3.3 IOSTANDARD=LVCMOS33 NONE=TRUE
Executing : def_port {adc2[8]} LOC=T20 VCCIO=3.3 IOSTANDARD=LVCMOS33 NONE=TRUE successfully
Executing : def_port {adc2[9]} LOC=Y26 VCCIO=3.3 IOSTANDARD=LVCMOS33 NONE=TRUE
Executing : def_port {adc2[9]} LOC=Y26 VCCIO=3.3 IOSTANDARD=LVCMOS33 NONE=TRUE successfully
Executing : def_port {adc2[10]} LOC=W25 VCCIO=3.3 IOSTANDARD=LVCMOS33 NONE=TRUE
Executing : def_port {adc2[10]} LOC=W25 VCCIO=3.3 IOSTANDARD=LVCMOS33 NONE=TRUE successfully
Executing : def_port {adc2[11]} LOC=AC24 VCCIO=3.3 IOSTANDARD=LVCMOS33 NONE=TRUE
Executing : def_port {adc2[11]} LOC=AC24 VCCIO=3.3 IOSTANDARD=LVCMOS33 NONE=TRUE successfully
Executing : def_port {clk} LOC=D18 VCCIO=3.3 IOSTANDARD=LVCMOS33 UNUSED=TRUE
Executing : def_port {clk} LOC=D18 VCCIO=3.3 IOSTANDARD=LVCMOS33 UNUSED=TRUE successfully
Executing : def_port {hmi_rx} LOC=V22 VCCIO=3.3 IOSTANDARD=LVCMOS33 NONE=TRUE
Executing : def_port {hmi_rx} LOC=V22 VCCIO=3.3 IOSTANDARD=LVCMOS33 NONE=TRUE successfully
Executing : def_port {rst} LOC=C22 VCCIO=3.3 IOSTANDARD=LVCMOS33 NONE=TRUE
Executing : def_port {rst} LOC=C22 VCCIO=3.3 IOSTANDARD=LVCMOS33 NONE=TRUE successfully
Constraint check end.
I: Column Clock Check open.
Read Column Clock Map.

Placement started.
Phase 1 Pre global placement started.
Mapping instance GRS_INST/grs_ccs to CCS_87_316.
Mapping instance u_CORES/u_GTP_SCANCHAIN_PG/scanchain to SCANCHAIN_88_312.
Mapping instance PLL/u_gpll/gpll_inst to GPLL_7_1075.
Phase 1.1 1st GP placement started.
Design Utilization : 80%.
First map gop timing takes 4.38 sec
Worst slack after clock region global placement is 1499
Wirelength after clock region global placement is 917706 and checksum is 9C941BCFF1675912.
1st GP placement takes 30.83 sec.

Phase 1.2 Clock placement started.
Mapping instance clkbufg_3/gopclkbufg to USCM_215_624.
Mapping instance clkbufg_4/gopclkbufg to USCM_215_627.
C: Place-2028: GLOBAL_CLOCK: the driver u_CORES/u_GTP_SCANCHAIN_PG/scanchain fixed at SCANCHAIN_88_312 is unreasonable. Sub-optimal placement for a clock source and a clock buffer.
Mapping instance clkbufg_5/gopclkbufg to USCM_215_576.
Clock placement takes 0.50 sec.

Wirelength after Pre Global Placement is 917706 and checksum is 9C941BCFF1675912.
Pre global placement takes 32.61 sec.

Phase 2 Global placement started.
Phase 2.1 Fixed placement started.
Placed fixed group with base inst A1_ibuf/opit_1 on IOLHR_16_276.
Placed fixed group with base inst B1_ibuf/opit_1 on IOLHR_16_282.
Placed fixed group with base inst adc1_clk_obuf/opit_1 on IOLHR_16_138.
Placed fixed group with base inst adc1_ibuf[0]/opit_1 on IOLHR_16_12.
Placed fixed group with base inst adc1_ibuf[1]/opit_1 on IOLHR_16_6.
Placed fixed group with base inst adc1_ibuf[2]/opit_1 on IOLHR_16_48.
Placed fixed group with base inst adc1_ibuf[3]/opit_1 on IOLHR_16_42.
Placed fixed group with base inst adc1_ibuf[4]/opit_1 on IOLHR_16_84.
Placed fixed group with base inst adc1_ibuf[5]/opit_1 on IOLHR_16_78.
Placed fixed group with base inst adc1_ibuf[6]/opit_1 on IOLHR_16_294.
Placed fixed group with base inst adc1_ibuf[7]/opit_1 on IOLHR_16_288.
Placed fixed group with base inst adc1_ibuf[8]/opit_1 on IOLHR_16_222.
Placed fixed group with base inst adc1_ibuf[9]/opit_1 on IOLHR_16_216.
Placed fixed group with base inst adc1_ibuf[10]/opit_1 on IOLHR_16_210.
Placed fixed group with base inst adc1_ibuf[11]/opit_1 on IOLHR_16_204.
Placed fixed group with base inst adc2_clk_obuf/opit_1 on IOLHR_16_18.
Placed fixed group with base inst adc2_ibuf[0]/opit_1 on IOLHR_16_24.
Placed fixed group with base inst adc2_ibuf[1]/opit_1 on IOLHR_16_126.
Placed fixed group with base inst adc2_ibuf[2]/opit_1 on IOLHR_16_132.
Placed fixed group with base inst adc2_ibuf[3]/opit_1 on IOLHR_16_54.
Placed fixed group with base inst adc2_ibuf[4]/opit_1 on IOLHR_16_60.
Placed fixed group with base inst adc2_ibuf[5]/opit_1 on IOLHR_16_66.
Placed fixed group with base inst adc2_ibuf[6]/opit_1 on IOLHR_16_72.
Placed fixed group with base inst adc2_ibuf[7]/opit_1 on IOLHR_16_114.
Placed fixed group with base inst adc2_ibuf[8]/opit_1 on IOLHR_16_120.
Placed fixed group with base inst adc2_ibuf[9]/opit_1 on IOLHR_16_252.
Placed fixed group with base inst adc2_ibuf[10]/opit_1 on IOLHR_16_258.
Placed fixed group with base inst adc2_ibuf[11]/opit_1 on IOLHR_16_192.
Placed fixed group with base inst clk_ibuf/opit_1 on IOLHR_16_1080.
Placed fixed group with base inst hmi_rx_ibuf/opit_1 on IOLHR_16_156.
Placed fixed group with base inst hmi_tx_obuf/opit_1 on IOLHR_16_162.
Placed fixed group with base inst led_obuf[0]/opit_1 on IOLHR_16_1032.
Placed fixed group with base inst led_obuf[1]/opit_1 on IOLHR_16_1074.
Placed fixed group with base inst led_obuf[2]/opit_1 on IOLHR_16_1056.
Placed fixed group with base inst led_obuf[3]/opit_1 on IOLHR_16_1086.
Placed fixed group with base inst led_obuf[4]/opit_1 on IOLHR_16_1116.
Placed fixed group with base inst led_obuf[5]/opit_1 on IOLHR_16_1110.
Placed fixed group with base inst led_obuf[6]/opit_1 on IOLHR_16_1140.
Placed fixed group with base inst led_obuf[7]/opit_1 on IOLHR_16_1134.
Placed fixed group with base inst rst_ibuf/opit_1 on IOLHR_16_990.
Placed fixed instance GRS_INST/grs_ccs on CCS_87_316.
Placed fixed instance PLL/u_gpll/gpll_inst on GPLL_7_1075.
Placed fixed instance clkbufg_3/gopclkbufg on USCM_215_624.
Placed fixed instance clkbufg_4/gopclkbufg on USCM_215_627.
Placed fixed instance clkbufg_5/gopclkbufg on USCM_215_576.
Placed fixed instance u_CORES/u_GTP_SCANCHAIN_PG/scanchain on SCANCHAIN_88_312.
Placed fixed instance BKCL_auto_0 on BKCL_1_952.
Placed fixed instance BKCL_auto_1 on BKCL_1_34.
Fixed placement takes 1.19 sec.

Phase 2.2 Process placement started.
Process placement takes 0.00 sec.

Phase 2.3 IO placement started.
IO placement takes 0.34 sec.

Phase 2.4 2nd GP placement started.
Run super clustering :
	Initial slack -1418.
	3 iterations finished.
	Final slack -541.
Super clustering done.
Design Utilization : 80%.
Worst slack after global placement is 1803
2nd GP placement takes 28.95 sec.

Wirelength after global placement is 831774 and checksum is 2A77A554A1675B33.
Global placement takes 30.50 sec.

Phase 3 Post global placement started.
Packing LUT6D started.
I: LUT6D pack result: There are 3854 LUT6 in collection, pack success:108
Packing LUT6D takes 1.94 sec.
Phase 3.1 Macro cell placement started.
I: Process macros using "Greedy".
Ram placement takes 0.00 sec.
Wirelength after macro cell placement is 856986 and checksum is 97F4D0EA2AB23DB8.
Macro cell placement takes 0.14 sec.

Phase 3.2 3rd GP placement started.
Run super clustering :
	Initial slack -1520.
	1 iterations finished.
	Final slack -1520.
Super clustering done.
Design Utilization : 80%.
Worst slack after post global placement is 1913
3rd GP placement takes 25.50 sec.

Wirelength after post global placement is 861041 and checksum is 5BA8FEFC494C7A2D.
Packing LUT6D started.
I: LUT6D pack result: There are 3638 LUT6 in collection, pack success:15
Packing LUT6D takes 1.84 sec.
Post global placement takes 29.45 sec.

Phase 4 Legalization started.
The average distance in LP is 1.751101.
Wirelength after legalization is 993522 and checksum is 9E0DED7172AFDCE8.
Legalization takes 7.02 sec.

Phase 5 Timing-driven detailed placement started.
Phase 5.1 Replication placement started.
Worst slack before Replication Place is 994.
Replication placement takes 1.06 sec.

Wirelength after replication placement is 993522 and checksum is 9E0DED7172AFDCE8.
Phase 5.2 Swapping placement started.
Worst slack before detailed placement is 994, TNS before detailed placement is 0. 
Cost at Swap iteration 0 : 994, wslk 1311, tns 0, takes 0.00 sec.
Cost at DP iteration 0 : 1311, wslk 1311, tns 0, takes 0.00 sec.
Worst slack after detailed placement is 1311, TNS after detailed placement is 0. 
Swapping placement takes 1.25 sec.

Wirelength after detailed placement is 993696 and checksum is 6F1165084E98E58A.
Timing-driven detailed placement takes 2.38 sec.

Worst slack is 1311, TNS after placement is 0.
Placement done.
Total placement takes 112.94 sec.
Finished placement.

Routing started.
Building routing graph takes 4.42 sec.
Worst slack is 1311, TNS before global route is 0.
Processing design graph takes 4.75 sec.
Total memory for routing:
	276.993613 M.
Total nets for routing : 73442.
Global Routing step 1 processed 0 nets, it takes 2.19 sec.
Rcf routing step 1 processed 0 nets, it takes 0.00 sec.
Rcf routing step 2 processed 0 nets, it takes 0.00 sec.
Rcf routing step 3 processed 0 nets, it takes 0.00 sec.
Unrouted nets 0 at the end of iteration 0.
Global Routing step 1 processed 18 nets, it takes 0.09 sec.
Unrouted nets 301 at the end of iteration 0.
Unrouted nets 187 at the end of iteration 1.
Unrouted nets 141 at the end of iteration 2.
Unrouted nets 91 at the end of iteration 3.
Unrouted nets 63 at the end of iteration 4.
Unrouted nets 42 at the end of iteration 5.
Unrouted nets 28 at the end of iteration 6.
Unrouted nets 18 at the end of iteration 7.
Unrouted nets 9 at the end of iteration 8.
Unrouted nets 5 at the end of iteration 9.
Unrouted nets 5 at the end of iteration 10.
Unrouted nets 5 at the end of iteration 11.
Unrouted nets 1 at the end of iteration 12.
Unrouted nets 0 at the end of iteration 13.
Global Routing step 2 processed 818 nets, it takes 2.31 sec.
Unrouted nets 99 at the end of iteration 0.
Unrouted nets 91 at the end of iteration 1.
Unrouted nets 77 at the end of iteration 2.
Unrouted nets 58 at the end of iteration 3.
Unrouted nets 47 at the end of iteration 4.
Unrouted nets 30 at the end of iteration 5.
Unrouted nets 7 at the end of iteration 6.
Unrouted nets 0 at the end of iteration 7.
Global Routing step 3 processed 111 nets, it takes 4.42 sec.
Unrouted nets 1342 at the end of iteration 0.
Unrouted nets 866 at the end of iteration 1.
Unrouted nets 609 at the end of iteration 2.
Unrouted nets 459 at the end of iteration 3.
Unrouted nets 322 at the end of iteration 4.
Unrouted nets 227 at the end of iteration 5.
Unrouted nets 162 at the end of iteration 6.
Unrouted nets 114 at the end of iteration 7.
Unrouted nets 76 at the end of iteration 8.
Unrouted nets 79 at the end of iteration 9.
Unrouted nets 58 at the end of iteration 10.
Unrouted nets 34 at the end of iteration 11.
Unrouted nets 26 at the end of iteration 12.
Unrouted nets 21 at the end of iteration 13.
Unrouted nets 21 at the end of iteration 14.
Unrouted nets 17 at the end of iteration 15.
Unrouted nets 16 at the end of iteration 16.
Unrouted nets 16 at the end of iteration 17.
Unrouted nets 16 at the end of iteration 18.
Unrouted nets 7 at the end of iteration 19.
Unrouted nets 7 at the end of iteration 20.
Unrouted nets 6 at the end of iteration 21.
Unrouted nets 3 at the end of iteration 22.
Unrouted nets 0 at the end of iteration 23.
Global Routing step 4 processed 2081 nets, it takes 15.17 sec.
Global routing takes 22.09 sec.
Total 91524 subnets.
    forward max bucket size 13815 , backward 508.
        Unrouted nets 68573 at the end of iteration 0.
    route iteration 0, CPU time elapsed 15.718750 sec.
    forward max bucket size 29526 , backward 991.
        Unrouted nets 62776 at the end of iteration 1.
    route iteration 1, CPU time elapsed 15.187500 sec.
    forward max bucket size 17443 , backward 3185.
        Unrouted nets 56823 at the end of iteration 2.
    route iteration 2, CPU time elapsed 15.312500 sec.
    forward max bucket size 8589 , backward 8203.
        Unrouted nets 51424 at the end of iteration 3.
    route iteration 3, CPU time elapsed 16.828125 sec.
    forward max bucket size 9774 , backward 8152.
        Unrouted nets 46885 at the end of iteration 4.
    route iteration 4, CPU time elapsed 21.656250 sec.
    forward max bucket size 23516 , backward 7642.
        Unrouted nets 43043 at the end of iteration 5.
    route iteration 5, CPU time elapsed 33.828125 sec.
    forward max bucket size 5669 , backward 7743.
        Unrouted nets 47439 at the end of iteration 6.
    route iteration 6, CPU time elapsed 36.593750 sec.
    forward max bucket size 7776 , backward 8958.
        Unrouted nets 46542 at the end of iteration 7.
    route iteration 7, CPU time elapsed 35.156250 sec.
    forward max bucket size 4054 , backward 5981.
        Unrouted nets 43810 at the end of iteration 8.
    route iteration 8, CPU time elapsed 33.531250 sec.
    forward max bucket size 3832 , backward 6875.
        Unrouted nets 40616 at the end of iteration 9.
    route iteration 9, CPU time elapsed 35.515625 sec.
    forward max bucket size 3329 , backward 6328.
        Unrouted nets 37561 at the end of iteration 10.
    route iteration 10, CPU time elapsed 32.312500 sec.
    forward max bucket size 3646 , backward 5727.
        Unrouted nets 34393 at the end of iteration 11.
    route iteration 11, CPU time elapsed 31.171875 sec.
    forward max bucket size 26120 , backward 7214.
        Unrouted nets 31558 at the end of iteration 12.
    route iteration 12, CPU time elapsed 31.343750 sec.
    forward max bucket size 4068 , backward 3621.
        Unrouted nets 28893 at the end of iteration 13.
    route iteration 13, CPU time elapsed 29.765625 sec.
    forward max bucket size 2430 , backward 4308.
        Unrouted nets 26310 at the end of iteration 14.
    route iteration 14, CPU time elapsed 29.968750 sec.
    forward max bucket size 2699 , backward 3932.
        Unrouted nets 24195 at the end of iteration 15.
    route iteration 15, CPU time elapsed 29.234375 sec.
    forward max bucket size 3411 , backward 5286.
        Unrouted nets 22070 at the end of iteration 16.
    route iteration 16, CPU time elapsed 27.937500 sec.
    forward max bucket size 4148 , backward 3221.
        Unrouted nets 20239 at the end of iteration 17.
    route iteration 17, CPU time elapsed 26.062500 sec.
    forward max bucket size 31185 , backward 4040.
        Unrouted nets 18698 at the end of iteration 18.
    route iteration 18, CPU time elapsed 25.515625 sec.
    forward max bucket size 22552 , backward 4894.
        Unrouted nets 17173 at the end of iteration 19.
    route iteration 19, CPU time elapsed 23.765625 sec.
    forward max bucket size 27368 , backward 5475.
        Unrouted nets 15845 at the end of iteration 20.
    route iteration 20, CPU time elapsed 22.234375 sec.
    forward max bucket size 2008 , backward 3962.
        Unrouted nets 14669 at the end of iteration 21.
    route iteration 21, CPU time elapsed 21.296875 sec.
    forward max bucket size 4711 , backward 3845.
        Unrouted nets 13582 at the end of iteration 22.
    route iteration 22, CPU time elapsed 21.406250 sec.
    forward max bucket size 2554 , backward 4053.
        Unrouted nets 12680 at the end of iteration 23.
    route iteration 23, CPU time elapsed 21.625000 sec.
    forward max bucket size 4478 , backward 4757.
        Unrouted nets 11842 at the end of iteration 24.
    route iteration 24, CPU time elapsed 20.468750 sec.
    forward max bucket size 3008 , backward 4002.
        Unrouted nets 10980 at the end of iteration 25.
    route iteration 25, CPU time elapsed 19.375000 sec.
    forward max bucket size 3464 , backward 4019.
        Unrouted nets 10114 at the end of iteration 26.
    route iteration 26, CPU time elapsed 18.921875 sec.
    forward max bucket size 3635 , backward 3520.
        Unrouted nets 9568 at the end of iteration 27.
    route iteration 27, CPU time elapsed 18.140625 sec.
    forward max bucket size 2812 , backward 4249.
        Unrouted nets 8917 at the end of iteration 28.
    route iteration 28, CPU time elapsed 17.000000 sec.
    forward max bucket size 2959 , backward 4267.
        Unrouted nets 8158 at the end of iteration 29.
    route iteration 29, CPU time elapsed 15.281250 sec.
    forward max bucket size 2292 , backward 2321.
        Unrouted nets 7693 at the end of iteration 30.
    route iteration 30, CPU time elapsed 15.953125 sec.
    forward max bucket size 2036 , backward 4775.
        Unrouted nets 7336 at the end of iteration 31.
    route iteration 31, CPU time elapsed 15.671875 sec.
    forward max bucket size 2817 , backward 4845.
        Unrouted nets 6959 at the end of iteration 32.
    route iteration 32, CPU time elapsed 15.796875 sec.
    forward max bucket size 3625 , backward 5173.
        Unrouted nets 6444 at the end of iteration 33.
    route iteration 33, CPU time elapsed 14.937500 sec.
    forward max bucket size 2322 , backward 2810.
        Unrouted nets 6030 at the end of iteration 34.
    route iteration 34, CPU time elapsed 14.109375 sec.
    forward max bucket size 1702 , backward 3954.
        Unrouted nets 5680 at the end of iteration 35.
    route iteration 35, CPU time elapsed 13.515625 sec.
    forward max bucket size 2672 , backward 3800.
        Unrouted nets 5383 at the end of iteration 36.
    route iteration 36, CPU time elapsed 13.312500 sec.
    forward max bucket size 2141 , backward 2961.
        Unrouted nets 5204 at the end of iteration 37.
    route iteration 37, CPU time elapsed 12.906250 sec.
    forward max bucket size 2756 , backward 4106.
        Unrouted nets 5097 at the end of iteration 38.
    route iteration 38, CPU time elapsed 13.046875 sec.
    forward max bucket size 4519 , backward 4239.
        Unrouted nets 4765 at the end of iteration 39.
    route iteration 39, CPU time elapsed 13.468750 sec.
    forward max bucket size 2989 , backward 4191.
        Unrouted nets 4589 at the end of iteration 40.
    route iteration 40, CPU time elapsed 11.203125 sec.
    forward max bucket size 20286 , backward 3902.
        Unrouted nets 4489 at the end of iteration 41.
    route iteration 41, CPU time elapsed 10.734375 sec.
    forward max bucket size 2998 , backward 3097.
        Unrouted nets 4405 at the end of iteration 42.
    route iteration 42, CPU time elapsed 10.125000 sec.
    forward max bucket size 2381 , backward 3679.
        Unrouted nets 4336 at the end of iteration 43.
    route iteration 43, CPU time elapsed 10.281250 sec.
    forward max bucket size 2985 , backward 3022.
        Unrouted nets 4024 at the end of iteration 44.
    route iteration 44, CPU time elapsed 9.156250 sec.
    forward max bucket size 2391 , backward 3183.
        Unrouted nets 3789 at the end of iteration 45.
    route iteration 45, CPU time elapsed 8.015625 sec.
    forward max bucket size 3394 , backward 3051.
        Unrouted nets 3647 at the end of iteration 46.
    route iteration 46, CPU time elapsed 8.281250 sec.
    forward max bucket size 2203 , backward 3102.
        Unrouted nets 3581 at the end of iteration 47.
    route iteration 47, CPU time elapsed 9.343750 sec.
    forward max bucket size 1409 , backward 2491.
        Unrouted nets 3473 at the end of iteration 48.
    route iteration 48, CPU time elapsed 9.765625 sec.
    forward max bucket size 2491 , backward 3973.
        Unrouted nets 3321 at the end of iteration 49.
    route iteration 49, CPU time elapsed 8.093750 sec.
    forward max bucket size 3621 , backward 4024.
        Unrouted nets 3193 at the end of iteration 50.
    route iteration 50, CPU time elapsed 7.828125 sec.
    forward max bucket size 4023 , backward 3708.
        Unrouted nets 3114 at the end of iteration 51.
    route iteration 51, CPU time elapsed 8.656250 sec.
    forward max bucket size 4351 , backward 4098.
        Unrouted nets 2986 at the end of iteration 52.
    route iteration 52, CPU time elapsed 7.421875 sec.
    forward max bucket size 1621 , backward 3585.
        Unrouted nets 2867 at the end of iteration 53.
    route iteration 53, CPU time elapsed 6.328125 sec.
    forward max bucket size 2200 , backward 3746.
        Unrouted nets 2792 at the end of iteration 54.
    route iteration 54, CPU time elapsed 7.421875 sec.
    forward max bucket size 2948 , backward 3975.
        Unrouted nets 2572 at the end of iteration 55.
    route iteration 55, CPU time elapsed 6.921875 sec.
    forward max bucket size 2462 , backward 3021.
        Unrouted nets 2414 at the end of iteration 56.
    route iteration 56, CPU time elapsed 6.703125 sec.
    forward max bucket size 3334 , backward 2692.
        Unrouted nets 2328 at the end of iteration 57.
    route iteration 57, CPU time elapsed 6.687500 sec.
    forward max bucket size 1005 , backward 2598.
        Unrouted nets 2194 at the end of iteration 58.
    route iteration 58, CPU time elapsed 6.468750 sec.
    forward max bucket size 1342 , backward 3193.
        Unrouted nets 2182 at the end of iteration 59.
    route iteration 59, CPU time elapsed 6.031250 sec.
    forward max bucket size 2059 , backward 2619.
        Unrouted nets 2072 at the end of iteration 60.
    route iteration 60, CPU time elapsed 5.625000 sec.
    forward max bucket size 4007 , backward 3654.
        Unrouted nets 1982 at the end of iteration 61.
    route iteration 61, CPU time elapsed 5.828125 sec.
    forward max bucket size 2770 , backward 3368.
        Unrouted nets 1994 at the end of iteration 62.
    route iteration 62, CPU time elapsed 6.515625 sec.
    forward max bucket size 3288 , backward 4551.
        Unrouted nets 1924 at the end of iteration 63.
    route iteration 63, CPU time elapsed 5.375000 sec.
    forward max bucket size 3385 , backward 2214.
        Unrouted nets 1831 at the end of iteration 64.
    route iteration 64, CPU time elapsed 5.468750 sec.
    forward max bucket size 1235 , backward 3037.
        Unrouted nets 1771 at the end of iteration 65.
    route iteration 65, CPU time elapsed 5.703125 sec.
    forward max bucket size 1095 , backward 3128.
        Unrouted nets 1724 at the end of iteration 66.
    route iteration 66, CPU time elapsed 5.937500 sec.
    forward max bucket size 1673 , backward 3104.
        Unrouted nets 1629 at the end of iteration 67.
    route iteration 67, CPU time elapsed 4.921875 sec.
    forward max bucket size 1510 , backward 3252.
        Unrouted nets 1604 at the end of iteration 68.
    route iteration 68, CPU time elapsed 5.468750 sec.
    forward max bucket size 1800 , backward 4445.
        Unrouted nets 1563 at the end of iteration 69.
    route iteration 69, CPU time elapsed 5.796875 sec.
    forward max bucket size 1255 , backward 3370.
        Unrouted nets 1559 at the end of iteration 70.
    route iteration 70, CPU time elapsed 5.875000 sec.
    forward max bucket size 18711 , backward 18387.
        Unrouted nets 1473 at the end of iteration 71.
    route iteration 71, CPU time elapsed 5.218750 sec.
    forward max bucket size 1272 , backward 2609.
        Unrouted nets 1389 at the end of iteration 72.
    route iteration 72, CPU time elapsed 3.812500 sec.
    forward max bucket size 1425 , backward 2062.
        Unrouted nets 1261 at the end of iteration 73.
    route iteration 73, CPU time elapsed 4.796875 sec.
    forward max bucket size 1219 , backward 2529.
        Unrouted nets 1173 at the end of iteration 74.
    route iteration 74, CPU time elapsed 4.000000 sec.
    forward max bucket size 798 , backward 727.
        Unrouted nets 1192 at the end of iteration 75.
    route iteration 75, CPU time elapsed 3.890625 sec.
    forward max bucket size 2044 , backward 1552.
        Unrouted nets 1196 at the end of iteration 76.
    route iteration 76, CPU time elapsed 4.375000 sec.
    forward max bucket size 1451 , backward 3243.
        Unrouted nets 1137 at the end of iteration 77.
    route iteration 77, CPU time elapsed 3.781250 sec.
    forward max bucket size 1836 , backward 3754.
        Unrouted nets 1116 at the end of iteration 78.
    route iteration 78, CPU time elapsed 4.859375 sec.
    forward max bucket size 1752 , backward 3788.
        Unrouted nets 1141 at the end of iteration 79.
    route iteration 79, CPU time elapsed 4.296875 sec.
    forward max bucket size 1186 , backward 3540.
        Unrouted nets 1105 at the end of iteration 80.
    route iteration 80, CPU time elapsed 3.250000 sec.
    forward max bucket size 658 , backward 3615.
        Unrouted nets 1002 at the end of iteration 81.
    route iteration 81, CPU time elapsed 3.671875 sec.
    forward max bucket size 1637 , backward 1959.
        Unrouted nets 943 at the end of iteration 82.
    route iteration 82, CPU time elapsed 2.953125 sec.
    forward max bucket size 1631 , backward 3625.
        Unrouted nets 912 at the end of iteration 83.
    route iteration 83, CPU time elapsed 3.031250 sec.
    forward max bucket size 872 , backward 3617.
        Unrouted nets 851 at the end of iteration 84.
    route iteration 84, CPU time elapsed 2.453125 sec.
    forward max bucket size 917 , backward 896.
        Unrouted nets 787 at the end of iteration 85.
    route iteration 85, CPU time elapsed 1.828125 sec.
    forward max bucket size 1027 , backward 2581.
        Unrouted nets 795 at the end of iteration 86.
    route iteration 86, CPU time elapsed 2.109375 sec.
    forward max bucket size 665 , backward 1340.
        Unrouted nets 790 at the end of iteration 87.
    route iteration 87, CPU time elapsed 2.625000 sec.
    forward max bucket size 1108 , backward 1319.
        Unrouted nets 764 at the end of iteration 88.
    route iteration 88, CPU time elapsed 2.718750 sec.
    forward max bucket size 2528 , backward 1937.
        Unrouted nets 706 at the end of iteration 89.
    route iteration 89, CPU time elapsed 2.531250 sec.
    forward max bucket size 1352 , backward 1959.
        Unrouted nets 741 at the end of iteration 90.
    route iteration 90, CPU time elapsed 2.265625 sec.
    forward max bucket size 1020 , backward 2609.
        Unrouted nets 784 at the end of iteration 91.
    route iteration 91, CPU time elapsed 2.109375 sec.
    forward max bucket size 1864 , backward 2226.
        Unrouted nets 772 at the end of iteration 92.
    route iteration 92, CPU time elapsed 2.125000 sec.
    forward max bucket size 1516 , backward 1760.
        Unrouted nets 705 at the end of iteration 93.
    route iteration 93, CPU time elapsed 3.031250 sec.
    forward max bucket size 1897 , backward 800.
        Unrouted nets 732 at the end of iteration 94.
    route iteration 94, CPU time elapsed 2.625000 sec.
    forward max bucket size 2008 , backward 2102.
        Unrouted nets 697 at the end of iteration 95.
    route iteration 95, CPU time elapsed 2.625000 sec.
    forward max bucket size 1340 , backward 2093.
        Unrouted nets 629 at the end of iteration 96.
    route iteration 96, CPU time elapsed 2.953125 sec.
    forward max bucket size 1896 , backward 1895.
        Unrouted nets 631 at the end of iteration 97.
    route iteration 97, CPU time elapsed 3.406250 sec.
    forward max bucket size 930 , backward 1587.
        Unrouted nets 649 at the end of iteration 98.
    route iteration 98, CPU time elapsed 4.140625 sec.
    forward max bucket size 1320 , backward 2025.
        Unrouted nets 622 at the end of iteration 99.
    route iteration 99, CPU time elapsed 6.046875 sec.
    forward max bucket size 948 , backward 2528.
        Unrouted nets 610 at the end of iteration 100.
    route iteration 100, CPU time elapsed 4.562500 sec.
    forward max bucket size 1217 , backward 527.
        Unrouted nets 570 at the end of iteration 101.
    route iteration 101, CPU time elapsed 2.718750 sec.
    forward max bucket size 1066 , backward 3655.
        Unrouted nets 541 at the end of iteration 102.
    route iteration 102, CPU time elapsed 2.046875 sec.
    forward max bucket size 1510 , backward 998.
        Unrouted nets 522 at the end of iteration 103.
    route iteration 103, CPU time elapsed 2.359375 sec.
    forward max bucket size 1364 , backward 2006.
        Unrouted nets 472 at the end of iteration 104.
    route iteration 104, CPU time elapsed 2.203125 sec.
    forward max bucket size 396 , backward 3176.
        Unrouted nets 457 at the end of iteration 105.
    route iteration 105, CPU time elapsed 2.468750 sec.
    forward max bucket size 391 , backward 3261.
        Unrouted nets 466 at the end of iteration 106.
    route iteration 106, CPU time elapsed 2.468750 sec.
    forward max bucket size 1760 , backward 2108.
        Unrouted nets 441 at the end of iteration 107.
    route iteration 107, CPU time elapsed 2.078125 sec.
    forward max bucket size 766 , backward 3313.
        Unrouted nets 394 at the end of iteration 108.
    route iteration 108, CPU time elapsed 2.171875 sec.
    forward max bucket size 921 , backward 4721.
        Unrouted nets 406 at the end of iteration 109.
    route iteration 109, CPU time elapsed 1.687500 sec.
    forward max bucket size 3603 , backward 2342.
        Unrouted nets 405 at the end of iteration 110.
    route iteration 110, CPU time elapsed 1.703125 sec.
    forward max bucket size 2599 , backward 1277.
        Unrouted nets 366 at the end of iteration 111.
    route iteration 111, CPU time elapsed 2.046875 sec.
    forward max bucket size 396 , backward 330.
        Unrouted nets 330 at the end of iteration 112.
    route iteration 112, CPU time elapsed 1.468750 sec.
    forward max bucket size 618 , backward 4642.
        Unrouted nets 324 at the end of iteration 113.
    route iteration 113, CPU time elapsed 1.171875 sec.
    forward max bucket size 631 , backward 3441.
        Unrouted nets 327 at the end of iteration 114.
    route iteration 114, CPU time elapsed 1.484375 sec.
    forward max bucket size 786 , backward 2809.
        Unrouted nets 336 at the end of iteration 115.
    route iteration 115, CPU time elapsed 2.015625 sec.
    forward max bucket size 3429 , backward 496.
        Unrouted nets 318 at the end of iteration 116.
    route iteration 116, CPU time elapsed 1.171875 sec.
    forward max bucket size 2292 , backward 782.
        Unrouted nets 295 at the end of iteration 117.
    route iteration 117, CPU time elapsed 1.781250 sec.
    forward max bucket size 1232 , backward 2292.
        Unrouted nets 275 at the end of iteration 118.
    route iteration 118, CPU time elapsed 2.203125 sec.
    forward max bucket size 1101 , backward 143.
        Unrouted nets 266 at the end of iteration 119.
    route iteration 119, CPU time elapsed 1.593750 sec.
    forward max bucket size 692 , backward 346.
        Unrouted nets 274 at the end of iteration 120.
    route iteration 120, CPU time elapsed 1.515625 sec.
    forward max bucket size 661 , backward 190.
        Unrouted nets 261 at the end of iteration 121.
    route iteration 121, CPU time elapsed 2.125000 sec.
    forward max bucket size 974 , backward 2296.
        Unrouted nets 258 at the end of iteration 122.
    route iteration 122, CPU time elapsed 2.265625 sec.
    forward max bucket size 503 , backward 2417.
        Unrouted nets 232 at the end of iteration 123.
    route iteration 123, CPU time elapsed 1.656250 sec.
    forward max bucket size 694 , backward 3148.
        Unrouted nets 191 at the end of iteration 124.
    route iteration 124, CPU time elapsed 1.000000 sec.
    forward max bucket size 325 , backward 2178.
        Unrouted nets 184 at the end of iteration 125.
    route iteration 125, CPU time elapsed 1.046875 sec.
    forward max bucket size 446 , backward 359.
        Unrouted nets 189 at the end of iteration 126.
    route iteration 126, CPU time elapsed 0.625000 sec.
    forward max bucket size 856 , backward 4662.
        Unrouted nets 209 at the end of iteration 127.
    route iteration 127, CPU time elapsed 0.765625 sec.
    forward max bucket size 466 , backward 2043.
        Unrouted nets 179 at the end of iteration 128.
    route iteration 128, CPU time elapsed 1.140625 sec.
    forward max bucket size 348 , backward 2334.
        Unrouted nets 204 at the end of iteration 129.
    route iteration 129, CPU time elapsed 1.609375 sec.
    forward max bucket size 630 , backward 1053.
        Unrouted nets 227 at the end of iteration 130.
    route iteration 130, CPU time elapsed 1.343750 sec.
    forward max bucket size 689 , backward 1081.
        Unrouted nets 216 at the end of iteration 131.
    route iteration 131, CPU time elapsed 1.625000 sec.
    forward max bucket size 511 , backward 2703.
        Unrouted nets 232 at the end of iteration 132.
    route iteration 132, CPU time elapsed 2.000000 sec.
    forward max bucket size 496 , backward 635.
        Unrouted nets 237 at the end of iteration 133.
    route iteration 133, CPU time elapsed 2.515625 sec.
    forward max bucket size 561 , backward 245.
        Unrouted nets 236 at the end of iteration 134.
    route iteration 134, CPU time elapsed 1.375000 sec.
    forward max bucket size 466 , backward 338.
        Unrouted nets 203 at the end of iteration 135.
    route iteration 135, CPU time elapsed 1.234375 sec.
    forward max bucket size 405 , backward 3047.
        Unrouted nets 188 at the end of iteration 136.
    route iteration 136, CPU time elapsed 1.000000 sec.
    forward max bucket size 705 , backward 2207.
        Unrouted nets 175 at the end of iteration 137.
    route iteration 137, CPU time elapsed 0.968750 sec.
    forward max bucket size 432 , backward 584.
        Unrouted nets 162 at the end of iteration 138.
    route iteration 138, CPU time elapsed 0.796875 sec.
    forward max bucket size 1354 , backward 1739.
        Unrouted nets 170 at the end of iteration 139.
    route iteration 139, CPU time elapsed 1.281250 sec.
    forward max bucket size 362 , backward 401.
        Unrouted nets 171 at the end of iteration 140.
    route iteration 140, CPU time elapsed 0.875000 sec.
    forward max bucket size 456 , backward 208.
        Unrouted nets 188 at the end of iteration 141.
    route iteration 141, CPU time elapsed 0.734375 sec.
    forward max bucket size 454 , backward 424.
        Unrouted nets 198 at the end of iteration 142.
    route iteration 142, CPU time elapsed 1.046875 sec.
    forward max bucket size 397 , backward 2307.
        Unrouted nets 187 at the end of iteration 143.
    route iteration 143, CPU time elapsed 0.984375 sec.
    forward max bucket size 577 , backward 501.
        Unrouted nets 165 at the end of iteration 144.
    route iteration 144, CPU time elapsed 1.125000 sec.
    forward max bucket size 765 , backward 351.
        Unrouted nets 139 at the end of iteration 145.
    route iteration 145, CPU time elapsed 1.281250 sec.
    forward max bucket size 496 , backward 142.
        Unrouted nets 130 at the end of iteration 146.
    route iteration 146, CPU time elapsed 1.062500 sec.
    forward max bucket size 379 , backward 226.
        Unrouted nets 135 at the end of iteration 147.
    route iteration 147, CPU time elapsed 1.296875 sec.
    forward max bucket size 379 , backward 1415.
        Unrouted nets 134 at the end of iteration 148.
    route iteration 148, CPU time elapsed 1.218750 sec.
    forward max bucket size 113 , backward 1311.
        Unrouted nets 134 at the end of iteration 149.
    route iteration 149, CPU time elapsed 0.984375 sec.
    forward max bucket size 121 , backward 1305.
        Unrouted nets 116 at the end of iteration 150.
    route iteration 150, CPU time elapsed 1.453125 sec.
    forward max bucket size 93 , backward 1311.
        Unrouted nets 111 at the end of iteration 151.
    route iteration 151, CPU time elapsed 0.671875 sec.
    forward max bucket size 232 , backward 1305.
        Unrouted nets 94 at the end of iteration 152.
    route iteration 152, CPU time elapsed 0.859375 sec.
    forward max bucket size 113 , backward 109.
        Unrouted nets 100 at the end of iteration 153.
    route iteration 153, CPU time elapsed 0.703125 sec.
    forward max bucket size 707 , backward 382.
        Unrouted nets 121 at the end of iteration 154.
    route iteration 154, CPU time elapsed 0.593750 sec.
    forward max bucket size 954 , backward 476.
        Unrouted nets 125 at the end of iteration 155.
    route iteration 155, CPU time elapsed 0.968750 sec.
    forward max bucket size 478 , backward 984.
        Unrouted nets 135 at the end of iteration 156.
    route iteration 156, CPU time elapsed 0.968750 sec.
    forward max bucket size 478 , backward 1422.
        Unrouted nets 138 at the end of iteration 157.
    route iteration 157, CPU time elapsed 1.109375 sec.
    forward max bucket size 127 , backward 158.
        Unrouted nets 134 at the end of iteration 158.
    route iteration 158, CPU time elapsed 0.781250 sec.
    forward max bucket size 387 , backward 283.
        Unrouted nets 144 at the end of iteration 159.
    route iteration 159, CPU time elapsed 0.953125 sec.
    forward max bucket size 444 , backward 2788.
        Unrouted nets 150 at the end of iteration 160.
    route iteration 160, CPU time elapsed 1.140625 sec.
    forward max bucket size 417 , backward 2605.
        Unrouted nets 153 at the end of iteration 161.
    route iteration 161, CPU time elapsed 1.453125 sec.
    forward max bucket size 658 , backward 1376.
        Unrouted nets 151 at the end of iteration 162.
    route iteration 162, CPU time elapsed 1.203125 sec.
    forward max bucket size 1120 , backward 1378.
        Unrouted nets 152 at the end of iteration 163.
    route iteration 163, CPU time elapsed 1.718750 sec.
    forward max bucket size 1993 , backward 604.
        Unrouted nets 150 at the end of iteration 164.
    route iteration 164, CPU time elapsed 1.500000 sec.
    forward max bucket size 289 , backward 2869.
        Unrouted nets 142 at the end of iteration 165.
    route iteration 165, CPU time elapsed 1.265625 sec.
    forward max bucket size 1417 , backward 542.
        Unrouted nets 160 at the end of iteration 166.
    route iteration 166, CPU time elapsed 1.156250 sec.
    forward max bucket size 1513 , backward 495.
        Unrouted nets 158 at the end of iteration 167.
    route iteration 167, CPU time elapsed 1.000000 sec.
    forward max bucket size 1165 , backward 291.
        Unrouted nets 170 at the end of iteration 168.
    route iteration 168, CPU time elapsed 0.687500 sec.
    forward max bucket size 1284 , backward 453.
        Unrouted nets 183 at the end of iteration 169.
    route iteration 169, CPU time elapsed 0.781250 sec.
    forward max bucket size 284 , backward 104.
        Unrouted nets 159 at the end of iteration 170.
    route iteration 170, CPU time elapsed 1.140625 sec.
    forward max bucket size 1229 , backward 1539.
        Unrouted nets 161 at the end of iteration 171.
    route iteration 171, CPU time elapsed 0.890625 sec.
    forward max bucket size 348 , backward 181.
        Unrouted nets 151 at the end of iteration 172.
    route iteration 172, CPU time elapsed 1.156250 sec.
    forward max bucket size 397 , backward 254.
        Unrouted nets 169 at the end of iteration 173.
    route iteration 173, CPU time elapsed 0.968750 sec.
    forward max bucket size 469 , backward 258.
        Unrouted nets 184 at the end of iteration 174.
    route iteration 174, CPU time elapsed 1.078125 sec.
    forward max bucket size 989 , backward 195.
        Unrouted nets 164 at the end of iteration 175.
    route iteration 175, CPU time elapsed 1.078125 sec.
    forward max bucket size 912 , backward 237.
        Unrouted nets 145 at the end of iteration 176.
    route iteration 176, CPU time elapsed 0.671875 sec.
    forward max bucket size 1187 , backward 484.
        Unrouted nets 138 at the end of iteration 177.
    route iteration 177, CPU time elapsed 0.890625 sec.
    forward max bucket size 600 , backward 661.
        Unrouted nets 134 at the end of iteration 178.
    route iteration 178, CPU time elapsed 0.937500 sec.
    forward max bucket size 692 , backward 466.
        Unrouted nets 140 at the end of iteration 179.
    route iteration 179, CPU time elapsed 0.671875 sec.
    forward max bucket size 807 , backward 382.
        Unrouted nets 146 at the end of iteration 180.
    route iteration 180, CPU time elapsed 0.734375 sec.
    forward max bucket size 754 , backward 270.
        Unrouted nets 143 at the end of iteration 181.
    route iteration 181, CPU time elapsed 0.453125 sec.
    forward max bucket size 859 , backward 130.
        Unrouted nets 131 at the end of iteration 182.
    route iteration 182, CPU time elapsed 0.453125 sec.
    forward max bucket size 628 , backward 188.
        Unrouted nets 125 at the end of iteration 183.
    route iteration 183, CPU time elapsed 0.734375 sec.
    forward max bucket size 3367 , backward 1442.
        Unrouted nets 130 at the end of iteration 184.
    route iteration 184, CPU time elapsed 0.515625 sec.
    forward max bucket size 1356 , backward 495.
        Unrouted nets 121 at the end of iteration 185.
    route iteration 185, CPU time elapsed 0.828125 sec.
    forward max bucket size 304 , backward 881.
        Unrouted nets 115 at the end of iteration 186.
    route iteration 186, CPU time elapsed 0.687500 sec.
    forward max bucket size 582 , backward 242.
        Unrouted nets 104 at the end of iteration 187.
    route iteration 187, CPU time elapsed 0.625000 sec.
    forward max bucket size 766 , backward 278.
        Unrouted nets 86 at the end of iteration 188.
    route iteration 188, CPU time elapsed 0.515625 sec.
    forward max bucket size 789 , backward 337.
        Unrouted nets 94 at the end of iteration 189.
    route iteration 189, CPU time elapsed 0.546875 sec.
    forward max bucket size 491 , backward 238.
        Unrouted nets 108 at the end of iteration 190.
    route iteration 190, CPU time elapsed 0.765625 sec.
    forward max bucket size 538 , backward 168.
        Unrouted nets 109 at the end of iteration 191.
    route iteration 191, CPU time elapsed 0.484375 sec.
    forward max bucket size 251 , backward 77.
        Unrouted nets 99 at the end of iteration 192.
    route iteration 192, CPU time elapsed 0.453125 sec.
    forward max bucket size 1402 , backward 71.
        Unrouted nets 100 at the end of iteration 193.
    route iteration 193, CPU time elapsed 0.453125 sec.
    forward max bucket size 924 , backward 323.
        Unrouted nets 102 at the end of iteration 194.
    route iteration 194, CPU time elapsed 0.640625 sec.
    forward max bucket size 727 , backward 410.
        Unrouted nets 106 at the end of iteration 195.
    route iteration 195, CPU time elapsed 0.640625 sec.
    forward max bucket size 480 , backward 816.
        Unrouted nets 108 at the end of iteration 196.
    route iteration 196, CPU time elapsed 0.671875 sec.
    forward max bucket size 505 , backward 850.
        Unrouted nets 95 at the end of iteration 197.
    route iteration 197, CPU time elapsed 0.734375 sec.
    forward max bucket size 442 , backward 283.
        Unrouted nets 81 at the end of iteration 198.
    route iteration 198, CPU time elapsed 0.484375 sec.
    forward max bucket size 381 , backward 94.
        Unrouted nets 63 at the end of iteration 199.
    route iteration 199, CPU time elapsed 0.359375 sec.
    forward max bucket size 307 , backward 116.
        Unrouted nets 67 at the end of iteration 200.
    route iteration 200, CPU time elapsed 0.562500 sec.
    forward max bucket size 1171 , backward 670.
        Unrouted nets 73 at the end of iteration 201.
    route iteration 201, CPU time elapsed 0.390625 sec.
    forward max bucket size 1330 , backward 1967.
        Unrouted nets 78 at the end of iteration 202.
    route iteration 202, CPU time elapsed 0.453125 sec.
    forward max bucket size 264 , backward 258.
        Unrouted nets 71 at the end of iteration 203.
    route iteration 203, CPU time elapsed 0.359375 sec.
    forward max bucket size 125 , backward 85.
        Unrouted nets 59 at the end of iteration 204.
    route iteration 204, CPU time elapsed 0.484375 sec.
    forward max bucket size 163 , backward 127.
        Unrouted nets 53 at the end of iteration 205.
    route iteration 205, CPU time elapsed 0.296875 sec.
    forward max bucket size 129 , backward 266.
        Unrouted nets 54 at the end of iteration 206.
    route iteration 206, CPU time elapsed 0.328125 sec.
    forward max bucket size 142 , backward 82.
        Unrouted nets 46 at the end of iteration 207.
    route iteration 207, CPU time elapsed 0.328125 sec.
    forward max bucket size 467 , backward 30.
        Unrouted nets 33 at the end of iteration 208.
    route iteration 208, CPU time elapsed 0.328125 sec.
    forward max bucket size 154 , backward 82.
        Unrouted nets 25 at the end of iteration 209.
    route iteration 209, CPU time elapsed 0.296875 sec.
    forward max bucket size 184 , backward 38.
        Unrouted nets 23 at the end of iteration 210.
    route iteration 210, CPU time elapsed 0.359375 sec.
    forward max bucket size 136 , backward 131.
        Unrouted nets 26 at the end of iteration 211.
    route iteration 211, CPU time elapsed 0.765625 sec.
    forward max bucket size 137 , backward 157.
        Unrouted nets 30 at the end of iteration 212.
    route iteration 212, CPU time elapsed 0.828125 sec.
    forward max bucket size 266 , backward 185.
        Unrouted nets 33 at the end of iteration 213.
    route iteration 213, CPU time elapsed 0.875000 sec.
    forward max bucket size 179 , backward 181.
        Unrouted nets 28 at the end of iteration 214.
    route iteration 214, CPU time elapsed 1.140625 sec.
    forward max bucket size 187 , backward 179.
        Unrouted nets 31 at the end of iteration 215.
    route iteration 215, CPU time elapsed 1.156250 sec.
    forward max bucket size 217 , backward 66.
        Unrouted nets 29 at the end of iteration 216.
    route iteration 216, CPU time elapsed 0.437500 sec.
    forward max bucket size 983 , backward 500.
        Unrouted nets 24 at the end of iteration 217.
    route iteration 217, CPU time elapsed 0.828125 sec.
    forward max bucket size 146 , backward 187.
        Unrouted nets 21 at the end of iteration 218.
    route iteration 218, CPU time elapsed 0.859375 sec.
    forward max bucket size 121 , backward 68.
        Unrouted nets 25 at the end of iteration 219.
    route iteration 219, CPU time elapsed 0.437500 sec.
    forward max bucket size 37 , backward 38.
        Unrouted nets 20 at the end of iteration 220.
    route iteration 220, CPU time elapsed 0.343750 sec.
    forward max bucket size 34 , backward 30.
        Unrouted nets 23 at the end of iteration 221.
    route iteration 221, CPU time elapsed 0.343750 sec.
    forward max bucket size 63 , backward 78.
        Unrouted nets 14 at the end of iteration 222.
    route iteration 222, CPU time elapsed 0.343750 sec.
    forward max bucket size 263 , backward 104.
        Unrouted nets 18 at the end of iteration 223.
    route iteration 223, CPU time elapsed 0.375000 sec.
    forward max bucket size 203 , backward 76.
        Unrouted nets 21 at the end of iteration 224.
    route iteration 224, CPU time elapsed 0.328125 sec.
    forward max bucket size 148 , backward 74.
        Unrouted nets 19 at the end of iteration 225.
    route iteration 225, CPU time elapsed 0.390625 sec.
    forward max bucket size 165 , backward 64.
        Unrouted nets 15 at the end of iteration 226.
    route iteration 226, CPU time elapsed 0.375000 sec.
    forward max bucket size 147 , backward 2240.
        Unrouted nets 21 at the end of iteration 227.
    route iteration 227, CPU time elapsed 0.843750 sec.
    forward max bucket size 121 , backward 2232.
        Unrouted nets 16 at the end of iteration 228.
    route iteration 228, CPU time elapsed 1.187500 sec.
    forward max bucket size 147 , backward 2232.
        Unrouted nets 10 at the end of iteration 229.
    route iteration 229, CPU time elapsed 0.921875 sec.
    forward max bucket size 108 , backward 2233.
        Unrouted nets 9 at the end of iteration 230.
    route iteration 230, CPU time elapsed 0.687500 sec.
    forward max bucket size 113 , backward 76.
        Unrouted nets 11 at the end of iteration 231.
    route iteration 231, CPU time elapsed 0.593750 sec.
    forward max bucket size 273 , backward 2457.
        Unrouted nets 11 at the end of iteration 232.
    route iteration 232, CPU time elapsed 0.468750 sec.
    forward max bucket size 81 , backward 46.
        Unrouted nets 8 at the end of iteration 233.
    route iteration 233, CPU time elapsed 0.359375 sec.
    forward max bucket size 101 , backward 70.
        Unrouted nets 6 at the end of iteration 234.
    route iteration 234, CPU time elapsed 0.421875 sec.
    forward max bucket size 40 , backward 19.
        Unrouted nets 6 at the end of iteration 235.
    route iteration 235, CPU time elapsed 0.328125 sec.
    forward max bucket size 112 , backward 105.
        Unrouted nets 2 at the end of iteration 236.
    route iteration 236, CPU time elapsed 0.515625 sec.
    forward max bucket size 33 , backward 31.
        Unrouted nets 2 at the end of iteration 237.
    route iteration 237, CPU time elapsed 0.234375 sec.
    forward max bucket size 14 , backward 21.
        Unrouted nets 2 at the end of iteration 238.
    route iteration 238, CPU time elapsed 0.312500 sec.
    forward max bucket size 40 , backward 23.
        Unrouted nets 0 at the end of iteration 239.
    route iteration 239, CPU time elapsed 0.312500 sec.
Detailed routing takes 239 iterations
I: Design net u_CORES/drck_o is routed by general path.
C: Route-2036: The clock path from u_CORES/u_GTP_SCANCHAIN_PG/scanchain:TCK1 to clkbufg_5/gopclkbufg:CLK is routed by SRB.
I: Design net u_CORES/capt_o is routed by general path.
C: Route-2036: The clock path from u_CORES/u_GTP_SCANCHAIN_PG/scanchain:CAPTUREDR to u_CORES/u_debug_core_0/u_hub_data_decode/id_sample.conf_id[4]/opit_0_inv:CLK is routed by SRB.
I: Design net ntclkbufg_2 is routed by general path.
C: Route-2036: The clock path from clkbufg_5/gopclkbufg:CLKOUT to u_CORES/u_debug_core_0/u_Trigger_Condition/u_cfg_reg_file/getback_n.cfg_rdata/opit_0_inv_L6Q:CLK is routed by SRB.
Detailed routing takes 1386.64 sec.
Start fix hold violation.
Build tmp routing results takes 1.12 sec.
Timing analysis takes 0.61 sec.
Hold violation fix iter 0 takes 7.33 sec, total_step_forward 2595121.
Incremental timing analysis takes 0.50 sec.
Hold violation fix iter 1 takes 2.61 sec, total_step_forward 988797.
Incremental timing analysis takes 0.59 sec.
Hold violation fix iter 2 takes 2.12 sec, total_step_forward 812683.
Incremental timing analysis takes 0.50 sec.
Hold violation fix iter 3 takes 2.27 sec, total_step_forward 838284.
Incremental timing analysis takes 0.56 sec.
Hold violation fix iter 4 takes 2.17 sec, total_step_forward 846255.
Incremental timing analysis takes 0.55 sec.
Hold violation fix iter 5 takes 2.16 sec, total_step_forward 849638.
Hold Violation Fix in router takes 6 iterations.
Fix hold violation Finished.
Hold Violation Fix in router takes 27.94 sec.

Dispose routing result:
    Collect routing result.
    Delete unused device instances.
    Annotate routing result.
    Change LUT configuration.
    Dispose misc instances.
    Annotate routing result again.
Finish routing takes 4.25 sec.
Used SRB routing arc is 1030561.
Cleanup routing takes 0.05 sec.
Routing done.
Total routing takes 1454.72 sec.
W: Timing-4105: The worst slack of endpoint fre_duty_measure2/Divider2/Div_flow_loop[19].Divider/Dividend_o[8]/opit_0_inv_L6QL5Q_perm/I3 of clock clk_64M is 166ps(fast corner), but required hold violation threshold is 200ps.
C: STA-3017: There are 17 clock cross SRB paths do not meet the required hold violation threshold(200ps).


Device Utilization Summary :
+-------------------------------------------------------------------------------+
| Logic Utilization           | Used      | Available     | Utilization(%)     
+-------------------------------------------------------------------------------+
| Use of ADC                  | 0         | 1             | 0                  
| Use of ANALOG               | 0         | 1             | 0                  
| Use of APM                  | 64        | 240           | 27                 
| Use of BKCL                 | 2         | 6             | 34                 
| Use of CCS                  | 1         | 1             | 100                
| Use of CLMA                 | 11188     | 11675         | 96                 
|   FF                        | 30280     | 93400         | 33                 
|   LUT                       | 30752     | 46700         | 66                 
|   LUT-FF pairs              | 8619      | 46700         | 19                 
| Use of CLMS                 | 4712      | 4975          | 95                 
|   FF                        | 12687     | 39800         | 32                 
|   LUT                       | 12530     | 19900         | 63                 
|   LUT-FF pairs              | 3334      | 19900         | 17                 
|   Distributed RAM           | 78        | 19900         | 1                  
| Use of DDRPHY_CPD           | 0         | 12            | 0                  
| Use of DDRPHY_IOCLK_DIV     | 0         | 6             | 0                  
| Use of DDR_PHY              | 0         | 24            | 0                  
| Use of DRM                  | 14        | 155           | 10                 
| Use of GPLL                 | 1         | 6             | 17                 
| Use of GSEB                 | 0         | 218           | 0                  
| Use of HARD0                | 1799      | 10550         | 18                 
| Use of HCKB                 | 22        | 96            | 23                 
|  HCKB dataused              | 10        | 96            | 11                 
| Use of HCKMUX_TEST          | 0         | 8             | 0                  
| Use of HSSTLP               | 0         | 2             | 0                  
| Use of IO                   | 40        | 300           | 14                 
|   IOBD                      | 18        | 144           | 13                 
|   IOBS                      | 22        | 156           | 15                 
| Use of IOCKB                | 0         | 24            | 0                  
| Use of IOCKMUX_TEST         | 0         | 6             | 0                  
| Use of IOLHR                | 40        | 300           | 14                 
| Use of KEYRAM               | 0         | 1             | 0                  
| Use of MFG_TEST             | 0         | 1             | 0                  
| Use of MRCKB                | 0         | 12            | 0                  
| Use of MRCKMUX_TEST         | 0         | 6             | 0                  
| Use of MRPOSTMUX_TEST       | 0         | 6             | 0                  
| Use of PCIE                 | 0         | 1             | 0                  
| Use of PCKMUX_TEST          | 0         | 12            | 0                  
| Use of PLLMRMUX_TEST        | 0         | 6             | 0                  
| Use of PLLREFMUX_TEST       | 0         | 6             | 0                  
| Use of PPLL                 | 0         | 6             | 0                  
| Use of PREGMUXC_TEST        | 0         | 4             | 0                  
| Use of PREGMUXLR_TEST       | 0         | 6             | 0                  
| Use of RCKB                 | 12        | 24            | 50                 
|  RCKB dataused              | 12        | 24            | 50                 
| Use of RCKMUX_TEST          | 0         | 6             | 0                  
| Use of SCANCHAIN            | 1         | 1             | 100                
| Use of SCKMUX_TEST          | 0         | 12            | 0                  
| Use of SFB                  | 0         | 2225          | 0                  
| Use of SPAD                 | 0         | 8             | 0                  
| Use of TSERDES              | 0         | 48            | 0                  
| Use of USCM                 | 3         | 32            | 10                 
|  USCM dataused              | 0         | 32            | 0                  
| Use of USCMMUX_TEST         | 0         | 32            | 0                  
+-------------------------------------------------------------------------------+

Finished routing.
Design 'top' has been placed and routed successfully.
Saving design to DB.
Finished placement and routing.
Action pnr: Real time elapsed is 0h:31m:44s
Action pnr: CPU time elapsed is 0h:28m:30s
Action pnr: Process CPU time elapsed is 0h:31m:6s
Current time: Thu Nov  6 00:56:11 2025
Action pnr: Peak memory pool usage is 3,309 MB
