#Build: Fabric Compiler 2022.2-SP6.4, Build 146967, Jan 31 01:39 2024
#Install: D:\pds right\PDS_2022.2-SP6.4\bin
#Application name: pds_shell.exe
#OS: Windows 10 10.0.26100
#Hostname: yanxi
Generated by Fabric Compiler (version 2022.2-SP6.4 build 146967) at Thu Nov  6 02:59:16 2025
Compiling verification operator library.
Compiling common defs.
Compiling prim grid devices.
Compiling gate devices.
Compiling gate operators.
Building architecture model.
Loading device packaging model.
pnr strategy configuration : 
strategy name : 0
Building architecture floorplan logic view.
Constraint check start.
Executing : def_port {adc1_clk} LOC=V21 VCCIO=3.3 IOSTANDARD=LVCMOS33 DRIVE=4 SLEW=FAST NONE=TRUE
Executing : def_port {adc1_clk} LOC=V21 VCCIO=3.3 IOSTANDARD=LVCMOS33 DRIVE=4 SLEW=FAST NONE=TRUE successfully
Executing : def_port {adc2_clk} LOC=V14 VCCIO=3.3 IOSTANDARD=LVCMOS33 DRIVE=4 SLEW=FAST UNUSED=TRUE
Executing : def_port {adc2_clk} LOC=V14 VCCIO=3.3 IOSTANDARD=LVCMOS33 DRIVE=4 SLEW=FAST UNUSED=TRUE successfully
Executing : def_port {hmi_tx} LOC=U22 VCCIO=3.3 IOSTANDARD=LVCMOS33 DRIVE=4 SLEW=FAST UNUSED=TRUE
Executing : def_port {hmi_tx} LOC=U22 VCCIO=3.3 IOSTANDARD=LVCMOS33 DRIVE=4 SLEW=FAST UNUSED=TRUE successfully
Executing : def_port {led[0]} LOC=A20 VCCIO=3.3 IOSTANDARD=LVCMOS33 DRIVE=4 SLEW=FAST NONE=TRUE
Executing : def_port {led[0]} LOC=A20 VCCIO=3.3 IOSTANDARD=LVCMOS33 DRIVE=4 SLEW=FAST NONE=TRUE successfully
Executing : def_port {led[1]} LOC=C18 VCCIO=3.3 IOSTANDARD=LVCMOS33 DRIVE=4 SLEW=FAST NONE=TRUE
Executing : def_port {led[1]} LOC=C18 VCCIO=3.3 IOSTANDARD=LVCMOS33 DRIVE=4 SLEW=FAST NONE=TRUE successfully
Executing : def_port {led[2]} LOC=C19 VCCIO=3.3 IOSTANDARD=LVCMOS33 DRIVE=4 SLEW=FAST NONE=TRUE
Executing : def_port {led[2]} LOC=C19 VCCIO=3.3 IOSTANDARD=LVCMOS33 DRIVE=4 SLEW=FAST NONE=TRUE successfully
Executing : def_port {led[3]} LOC=E18 VCCIO=3.3 IOSTANDARD=LVCMOS33 DRIVE=4 SLEW=FAST NONE=TRUE
Executing : def_port {led[3]} LOC=E18 VCCIO=3.3 IOSTANDARD=LVCMOS33 DRIVE=4 SLEW=FAST NONE=TRUE successfully
Executing : def_port {led[4]} LOC=A17 VCCIO=3.3 IOSTANDARD=LVCMOS33 DRIVE=4 SLEW=FAST NONE=TRUE
Executing : def_port {led[4]} LOC=A17 VCCIO=3.3 IOSTANDARD=LVCMOS33 DRIVE=4 SLEW=FAST NONE=TRUE successfully
Executing : def_port {led[5]} LOC=A18 VCCIO=3.3 IOSTANDARD=LVCMOS33 DRIVE=4 SLEW=FAST NONE=TRUE
Executing : def_port {led[5]} LOC=A18 VCCIO=3.3 IOSTANDARD=LVCMOS33 DRIVE=4 SLEW=FAST NONE=TRUE successfully
Executing : def_port {led[6]} LOC=C17 VCCIO=3.3 IOSTANDARD=LVCMOS33 DRIVE=4 SLEW=FAST NONE=TRUE
Executing : def_port {led[6]} LOC=C17 VCCIO=3.3 IOSTANDARD=LVCMOS33 DRIVE=4 SLEW=FAST NONE=TRUE successfully
Executing : def_port {led[7]} LOC=B17 VCCIO=3.3 IOSTANDARD=LVCMOS33 DRIVE=4 SLEW=FAST NONE=TRUE
Executing : def_port {led[7]} LOC=B17 VCCIO=3.3 IOSTANDARD=LVCMOS33 DRIVE=4 SLEW=FAST NONE=TRUE successfully
Executing : def_port {A1} LOC=AA25 VCCIO=3.3 IOSTANDARD=LVCMOS33 NONE=TRUE
Executing : def_port {A1} LOC=AA25 VCCIO=3.3 IOSTANDARD=LVCMOS33 NONE=TRUE successfully
Executing : def_port {B1} LOC=Y25 VCCIO=3.3 IOSTANDARD=LVCMOS33 NONE=TRUE
Executing : def_port {B1} LOC=Y25 VCCIO=3.3 IOSTANDARD=LVCMOS33 NONE=TRUE successfully
Executing : def_port {adc1[0]} LOC=V16 VCCIO=3.3 IOSTANDARD=LVCMOS33 NONE=TRUE
Executing : def_port {adc1[0]} LOC=V16 VCCIO=3.3 IOSTANDARD=LVCMOS33 NONE=TRUE successfully
Executing : def_port {adc1[1]} LOC=V17 VCCIO=3.3 IOSTANDARD=LVCMOS33 NONE=TRUE
Executing : def_port {adc1[1]} LOC=V17 VCCIO=3.3 IOSTANDARD=LVCMOS33 NONE=TRUE successfully
Executing : def_port {adc1[2]} LOC=T17 VCCIO=3.3 IOSTANDARD=LVCMOS33 NONE=TRUE
Executing : def_port {adc1[2]} LOC=T17 VCCIO=3.3 IOSTANDARD=LVCMOS33 NONE=TRUE successfully
Executing : def_port {adc1[3]} LOC=T18 VCCIO=3.3 IOSTANDARD=LVCMOS33 NONE=TRUE
Executing : def_port {adc1[3]} LOC=T18 VCCIO=3.3 IOSTANDARD=LVCMOS33 NONE=TRUE successfully
Executing : def_port {adc1[4]} LOC=V19 VCCIO=3.3 IOSTANDARD=LVCMOS33 NONE=TRUE
Executing : def_port {adc1[4]} LOC=V19 VCCIO=3.3 IOSTANDARD=LVCMOS33 NONE=TRUE successfully
Executing : def_port {adc1[5]} LOC=W19 VCCIO=3.3 IOSTANDARD=LVCMOS33 NONE=TRUE
Executing : def_port {adc1[5]} LOC=W19 VCCIO=3.3 IOSTANDARD=LVCMOS33 NONE=TRUE successfully
Executing : def_port {adc1[6]} LOC=U25 VCCIO=3.3 IOSTANDARD=LVCMOS33 NONE=TRUE
Executing : def_port {adc1[6]} LOC=U25 VCCIO=3.3 IOSTANDARD=LVCMOS33 NONE=TRUE successfully
Executing : def_port {adc1[7]} LOC=U26 VCCIO=3.3 IOSTANDARD=LVCMOS33 NONE=TRUE
Executing : def_port {adc1[7]} LOC=U26 VCCIO=3.3 IOSTANDARD=LVCMOS33 NONE=TRUE successfully
Executing : def_port {adc1[8]} LOC=AA24 VCCIO=3.3 IOSTANDARD=LVCMOS33 NONE=TRUE
Executing : def_port {adc1[8]} LOC=AA24 VCCIO=3.3 IOSTANDARD=LVCMOS33 NONE=TRUE successfully
Executing : def_port {adc1[9]} LOC=AB25 VCCIO=3.3 IOSTANDARD=LVCMOS33 NONE=TRUE
Executing : def_port {adc1[9]} LOC=AB25 VCCIO=3.3 IOSTANDARD=LVCMOS33 NONE=TRUE successfully
Executing : def_port {adc1[10]} LOC=AA22 VCCIO=3.3 IOSTANDARD=LVCMOS33 NONE=TRUE
Executing : def_port {adc1[10]} LOC=AA22 VCCIO=3.3 IOSTANDARD=LVCMOS33 NONE=TRUE successfully
Executing : def_port {adc1[11]} LOC=AA23 VCCIO=3.3 IOSTANDARD=LVCMOS33 NONE=TRUE
Executing : def_port {adc1[11]} LOC=AA23 VCCIO=3.3 IOSTANDARD=LVCMOS33 NONE=TRUE successfully
Executing : def_port {adc2[0]} LOC=U14 VCCIO=3.3 IOSTANDARD=LVCMOS33 NONE=TRUE
Executing : def_port {adc2[0]} LOC=U14 VCCIO=3.3 IOSTANDARD=LVCMOS33 NONE=TRUE successfully
Executing : def_port {adc2[1]} LOC=Y21 VCCIO=3.3 IOSTANDARD=LVCMOS33 NONE=TRUE
Executing : def_port {adc2[1]} LOC=Y21 VCCIO=3.3 IOSTANDARD=LVCMOS33 NONE=TRUE successfully
Executing : def_port {adc2[2]} LOC=W21 VCCIO=3.3 IOSTANDARD=LVCMOS33 NONE=TRUE
Executing : def_port {adc2[2]} LOC=W21 VCCIO=3.3 IOSTANDARD=LVCMOS33 NONE=TRUE successfully
Executing : def_port {adc2[3]} LOC=T15 VCCIO=3.3 IOSTANDARD=LVCMOS33 NONE=TRUE
Executing : def_port {adc2[3]} LOC=T15 VCCIO=3.3 IOSTANDARD=LVCMOS33 NONE=TRUE successfully
Executing : def_port {adc2[4]} LOC=T14 VCCIO=3.3 IOSTANDARD=LVCMOS33 NONE=TRUE
Executing : def_port {adc2[4]} LOC=T14 VCCIO=3.3 IOSTANDARD=LVCMOS33 NONE=TRUE successfully
Executing : def_port {adc2[5]} LOC=W18 VCCIO=3.3 IOSTANDARD=LVCMOS33 NONE=TRUE
Executing : def_port {adc2[5]} LOC=W18 VCCIO=3.3 IOSTANDARD=LVCMOS33 NONE=TRUE successfully
Executing : def_port {adc2[6]} LOC=V18 VCCIO=3.3 IOSTANDARD=LVCMOS33 NONE=TRUE
Executing : def_port {adc2[6]} LOC=V18 VCCIO=3.3 IOSTANDARD=LVCMOS33 NONE=TRUE successfully
Executing : def_port {adc2[7]} LOC=U20 VCCIO=3.3 IOSTANDARD=LVCMOS33 NONE=TRUE
Executing : def_port {adc2[7]} LOC=U20 VCCIO=3.3 IOSTANDARD=LVCMOS33 NONE=TRUE successfully
Executing : def_port {adc2[8]} LOC=T20 VCCIO=3.3 IOSTANDARD=LVCMOS33 NONE=TRUE
Executing : def_port {adc2[8]} LOC=T20 VCCIO=3.3 IOSTANDARD=LVCMOS33 NONE=TRUE successfully
Executing : def_port {adc2[9]} LOC=Y26 VCCIO=3.3 IOSTANDARD=LVCMOS33 NONE=TRUE
Executing : def_port {adc2[9]} LOC=Y26 VCCIO=3.3 IOSTANDARD=LVCMOS33 NONE=TRUE successfully
Executing : def_port {adc2[10]} LOC=W25 VCCIO=3.3 IOSTANDARD=LVCMOS33 NONE=TRUE
Executing : def_port {adc2[10]} LOC=W25 VCCIO=3.3 IOSTANDARD=LVCMOS33 NONE=TRUE successfully
Executing : def_port {adc2[11]} LOC=AC24 VCCIO=3.3 IOSTANDARD=LVCMOS33 NONE=TRUE
Executing : def_port {adc2[11]} LOC=AC24 VCCIO=3.3 IOSTANDARD=LVCMOS33 NONE=TRUE successfully
Executing : def_port {clk} LOC=D18 VCCIO=3.3 IOSTANDARD=LVCMOS33 UNUSED=TRUE
Executing : def_port {clk} LOC=D18 VCCIO=3.3 IOSTANDARD=LVCMOS33 UNUSED=TRUE successfully
Executing : def_port {hmi_rx} LOC=V22 VCCIO=3.3 IOSTANDARD=LVCMOS33 NONE=TRUE
Executing : def_port {hmi_rx} LOC=V22 VCCIO=3.3 IOSTANDARD=LVCMOS33 NONE=TRUE successfully
Executing : def_port {rst} LOC=C22 VCCIO=3.3 IOSTANDARD=LVCMOS33 NONE=TRUE
Executing : def_port {rst} LOC=C22 VCCIO=3.3 IOSTANDARD=LVCMOS33 NONE=TRUE successfully
W: ConstraintEditor-4019: Port 'esp8266_rx' unspecified I/O constraint.
W: ConstraintEditor-4019: Port 'esp8266_tx' unspecified I/O constraint.
Constraint check end.
I: Column Clock Check open.
Read Column Clock Map.

Placement started.
Phase 1 Pre global placement started.
Mapping instance GRS_INST/grs_ccs to CCS_87_316.
Mapping instance u_CORES/u_GTP_SCANCHAIN_PG/scanchain to SCANCHAIN_88_312.
Mapping instance PLL/u_gpll/gpll_inst to GPLL_7_1075.
Phase 1.1 1st GP placement started.
Design Utilization : 68%.
First map gop timing takes 10.47 sec
Worst slack after clock region global placement is -5919
Wirelength after clock region global placement is 653881 and checksum is B4D9D0333AFE8168.
1st GP placement takes 30.38 sec.

Phase 1.2 Clock placement started.
Mapping instance clkbufg_23/gopclkbufg to USCM_215_624.
Mapping instance clkbufg_24/gopclkbufg to USCM_215_627.
Mapping instance clkbufg_26/gopclkbufg to USCM_215_630.
C: Place-2028: GLOBAL_CLOCK: the driver u_CORES/u_GTP_SCANCHAIN_PG/scanchain fixed at SCANCHAIN_88_312 is unreasonable. Sub-optimal placement for a clock source and a clock buffer.
Mapping instance clkbufg_25/gopclkbufg to USCM_215_576.
Clock placement takes 0.38 sec.

Wirelength after Pre Global Placement is 653881 and checksum is B4D9D0333AFE8168.
Pre global placement takes 31.55 sec.

Phase 2 Global placement started.
Phase 2.1 Fixed placement started.
Placed fixed group with base inst A1_ibuf/opit_1 on IOLHR_16_240.
Placed fixed group with base inst B1_ibuf/opit_1 on IOLHR_16_246.
Placed fixed group with base inst adc1_clk_obuf/opit_1 on IOLHR_16_138.
Placed fixed group with base inst adc1_ibuf[0]/opit_1 on IOLHR_16_12.
Placed fixed group with base inst adc1_ibuf[1]/opit_1 on IOLHR_16_6.
Placed fixed group with base inst adc1_ibuf[2]/opit_1 on IOLHR_16_48.
Placed fixed group with base inst adc1_ibuf[3]/opit_1 on IOLHR_16_42.
Placed fixed group with base inst adc1_ibuf[4]/opit_1 on IOLHR_16_84.
Placed fixed group with base inst adc1_ibuf[5]/opit_1 on IOLHR_16_78.
Placed fixed group with base inst adc1_ibuf[6]/opit_1 on IOLHR_16_294.
Placed fixed group with base inst adc1_ibuf[7]/opit_1 on IOLHR_16_288.
Placed fixed group with base inst adc1_ibuf[8]/opit_1 on IOLHR_16_222.
Placed fixed group with base inst adc1_ibuf[9]/opit_1 on IOLHR_16_216.
Placed fixed group with base inst adc1_ibuf[10]/opit_1 on IOLHR_16_210.
Placed fixed group with base inst adc1_ibuf[11]/opit_1 on IOLHR_16_204.
Placed fixed group with base inst adc2_clk_obuf/opit_1 on IOLHR_16_18.
Placed fixed group with base inst adc2_ibuf[0]/opit_1 on IOLHR_16_24.
Placed fixed group with base inst adc2_ibuf[1]/opit_1 on IOLHR_16_126.
Placed fixed group with base inst adc2_ibuf[2]/opit_1 on IOLHR_16_132.
Placed fixed group with base inst adc2_ibuf[3]/opit_1 on IOLHR_16_54.
Placed fixed group with base inst adc2_ibuf[4]/opit_1 on IOLHR_16_60.
Placed fixed group with base inst adc2_ibuf[5]/opit_1 on IOLHR_16_66.
Placed fixed group with base inst adc2_ibuf[6]/opit_1 on IOLHR_16_72.
Placed fixed group with base inst adc2_ibuf[7]/opit_1 on IOLHR_16_114.
Placed fixed group with base inst adc2_ibuf[8]/opit_1 on IOLHR_16_120.
Placed fixed group with base inst adc2_ibuf[9]/opit_1 on IOLHR_16_252.
Placed fixed group with base inst adc2_ibuf[10]/opit_1 on IOLHR_16_258.
Placed fixed group with base inst adc2_ibuf[11]/opit_1 on IOLHR_16_192.
Placed fixed group with base inst clk_ibuf/opit_1 on IOLHR_16_1080.
Placed fixed group with base inst hmi_rx_ibuf/opit_1 on IOLHR_16_156.
Placed fixed group with base inst hmi_tx_obuf/opit_1 on IOLHR_16_162.
Placed fixed group with base inst led_obuf[0]/opit_1 on IOLHR_16_1032.
Placed fixed group with base inst led_obuf[1]/opit_1 on IOLHR_16_1074.
Placed fixed group with base inst led_obuf[2]/opit_1 on IOLHR_16_1056.
Placed fixed group with base inst led_obuf[3]/opit_1 on IOLHR_16_1086.
Placed fixed group with base inst led_obuf[4]/opit_1 on IOLHR_16_1116.
Placed fixed group with base inst led_obuf[5]/opit_1 on IOLHR_16_1110.
Placed fixed group with base inst led_obuf[6]/opit_1 on IOLHR_16_1140.
Placed fixed group with base inst led_obuf[7]/opit_1 on IOLHR_16_1134.
Placed fixed group with base inst rst_ibuf/opit_1 on IOLHR_16_990.
Placed fixed instance GRS_INST/grs_ccs on CCS_87_316.
Placed fixed instance PLL/u_gpll/gpll_inst on GPLL_7_1075.
Placed fixed instance clkbufg_23/gopclkbufg on USCM_215_624.
Placed fixed instance clkbufg_24/gopclkbufg on USCM_215_627.
Placed fixed instance clkbufg_25/gopclkbufg on USCM_215_576.
Placed fixed instance clkbufg_26/gopclkbufg on USCM_215_630.
Placed fixed instance u_CORES/u_GTP_SCANCHAIN_PG/scanchain on SCANCHAIN_88_312.
Placed fixed instance BKCL_auto_0 on BKCL_1_952.
Placed fixed instance BKCL_auto_1 on BKCL_1_34.
Fixed placement takes 1.38 sec.

Phase 2.2 Process placement started.
Process placement takes 0.02 sec.

Phase 2.3 IO placement started.
IO placement takes 0.61 sec.

Phase 2.4 2nd GP placement started.
Run super clustering :
	Initial slack -10992.
	2 iterations finished.
	Final slack -8034.
Super clustering done.
Design Utilization : 68%.
Worst slack after global placement is -5912
2nd GP placement takes 23.77 sec.

Wirelength after global placement is 616982 and checksum is 1C138ACD4068A1C5.
Global placement takes 25.80 sec.

Phase 3 Post global placement started.
Packing LUT6D started.
I: LUT6D pack result: There are 1937 LUT6 in collection, pack success:56
Packing LUT6D takes 1.97 sec.
Phase 3.1 Macro cell placement started.
I: Process macros using "Greedy".
Ram placement takes 0.00 sec.
Wirelength after macro cell placement is 893440 and checksum is 2134A655FF4076A.
Macro cell placement takes 0.33 sec.

Phase 3.2 3rd GP placement started.
Run super clustering :
	Initial slack -10992.
	2 iterations finished.
	Final slack -9997.
Super clustering done.
Design Utilization : 68%.
Worst slack after post global placement is -5779
3rd GP placement takes 22.61 sec.

Wirelength after post global placement is 944682 and checksum is EAAD24B1DA49D8C9.
Packing LUT6D started.
I: LUT6D pack result: There are 1836 LUT6 in collection, pack success:7
Packing LUT6D takes 1.89 sec.
Post global placement takes 26.86 sec.

Phase 4 Legalization started.
The average distance in LP is 0.739797.
Wirelength after legalization is 968240 and checksum is 79CB20A9EDEEDBD2.
Legalization takes 1.08 sec.

Phase 5 Timing-driven detailed placement started.
Phase 5.1 Replication placement started.
Worst slack before Replication Place is -6030.
Replication placement takes 1.48 sec.

Wirelength after replication placement is 968240 and checksum is 79CB20A9EDEEDBD2.
Phase 5.2 Swapping placement started.
Worst slack before detailed placement is -6030, TNS before detailed placement is -565335. 
Cost at Swap iteration 0 : -6030, wslk -5930, tns -567350, takes 0.06 sec.
Cost at DP iteration 0 : -5930, wslk -5769, tns -568241, takes 0.08 sec.
Cost at Swap iteration 1 : -5769, wslk -5761, tns -571308, takes 0.06 sec.
Cost at Swap iteration 2 : -5761, wslk -5761, tns -571526, takes 0.06 sec.
Cost at DP iteration 2 : -5761, wslk -5662, tns -571679, takes 0.05 sec.
Cost at Swap iteration 3 : -5662, wslk -5662, tns -571542, takes 0.06 sec.
Cost at Swap iteration 4 : -5662, wslk -5662, tns -571542, takes 0.09 sec.
Cost at DP iteration 4 : -5662, wslk -5660, tns -572987, takes 0.12 sec.
Cost at Swap iteration 5 : -5660, wslk -5660, tns -572590, takes 0.05 sec.
Cost at Swap iteration 6 : -5660, wslk -5660, tns -572590, takes 0.12 sec.
Cost at DP iteration 6 : -5660, wslk -5634, tns -572348, takes 0.12 sec.
Cost at Swap iteration 7 : -5634, wslk -5634, tns -572348, takes 0.05 sec.
Cost at Swap iteration 8 : -5634, wslk -5634, tns -572348, takes 0.11 sec.
Cost at DP iteration 8 : -5634, wslk -5622, tns -572341, takes 0.11 sec.
Cost at Swap iteration 9 : -5622, wslk -5622, tns -572341, takes 0.03 sec.
Cost at Swap iteration 10 : -5622, wslk -5622, tns -572341, takes 0.12 sec.
Cost at DP iteration 10 : -5622, wslk -5622, tns -572341, takes 0.11 sec.
Cost at Swap iteration 11 : -5622, wslk -5622, tns -572341, takes 0.06 sec.
Worst slack after detailed placement is -5622, TNS after detailed placement is -572341. 
Swapping placement takes 4.06 sec.

Wirelength after detailed placement is 969510 and checksum is C56015129F68D10D.
Timing-driven detailed placement takes 5.61 sec.

Worst slack is -5622, TNS after placement is -572391.
Placement done.
Total placement takes 102.22 sec.
Finished placement.

Routing started.
Building routing graph takes 5.28 sec.
Worst slack is -5622, TNS before global route is -572391.
Processing design graph takes 3.19 sec.
Total memory for routing:
	272.422404 M.
Total nets for routing : 82883.
Global Routing step 1 processed 0 nets, it takes 16.69 sec.
Rcf routing step 1 processed 0 nets, it takes 0.00 sec.
Rcf routing step 2 processed 0 nets, it takes 0.00 sec.
Rcf routing step 3 processed 0 nets, it takes 0.00 sec.
Unrouted nets 0 at the end of iteration 0.
Global Routing step 1 processed 46 nets, it takes 0.06 sec.
Unrouted nets 242 at the end of iteration 0.
Unrouted nets 155 at the end of iteration 1.
Unrouted nets 114 at the end of iteration 2.
Unrouted nets 73 at the end of iteration 3.
Unrouted nets 44 at the end of iteration 4.
Unrouted nets 23 at the end of iteration 5.
Unrouted nets 18 at the end of iteration 6.
Unrouted nets 10 at the end of iteration 7.
Unrouted nets 7 at the end of iteration 8.
Unrouted nets 9 at the end of iteration 9.
Unrouted nets 4 at the end of iteration 10.
Unrouted nets 0 at the end of iteration 11.
Global Routing step 2 processed 459 nets, it takes 0.59 sec.
Unrouted nets 41 at the end of iteration 0.
Unrouted nets 31 at the end of iteration 1.
Unrouted nets 10 at the end of iteration 2.
Unrouted nets 2 at the end of iteration 3.
Unrouted nets 0 at the end of iteration 4.
Global Routing step 3 processed 59 nets, it takes 0.64 sec.
Unrouted nets 2369 at the end of iteration 0.
Unrouted nets 1578 at the end of iteration 1.
Unrouted nets 1157 at the end of iteration 2.
Unrouted nets 842 at the end of iteration 3.
Unrouted nets 657 at the end of iteration 4.
Unrouted nets 463 at the end of iteration 5.
Unrouted nets 380 at the end of iteration 6.
Unrouted nets 310 at the end of iteration 7.
Unrouted nets 262 at the end of iteration 8.
Unrouted nets 234 at the end of iteration 9.
Unrouted nets 194 at the end of iteration 10.
Unrouted nets 124 at the end of iteration 11.
Unrouted nets 133 at the end of iteration 12.
Unrouted nets 100 at the end of iteration 13.
Unrouted nets 79 at the end of iteration 14.
Unrouted nets 27 at the end of iteration 15.
Unrouted nets 24 at the end of iteration 16.
Unrouted nets 17 at the end of iteration 17.
Unrouted nets 10 at the end of iteration 18.
Unrouted nets 2 at the end of iteration 19.
Unrouted nets 2 at the end of iteration 20.
Unrouted nets 2 at the end of iteration 21.
Unrouted nets 0 at the end of iteration 22.
Global Routing step 4 processed 3625 nets, it takes 11.36 sec.
Global routing takes 12.73 sec.
Total 91235 subnets.
    forward max bucket size 33427 , backward 1076.
        Unrouted nets 60149 at the end of iteration 0.
    route iteration 0, CPU time elapsed 10.265625 sec.
    forward max bucket size 35702 , backward 1049.
        Unrouted nets 49208 at the end of iteration 1.
    route iteration 1, CPU time elapsed 9.437500 sec.
    forward max bucket size 36143 , backward 994.
        Unrouted nets 41455 at the end of iteration 2.
    route iteration 2, CPU time elapsed 8.687500 sec.
    forward max bucket size 1424 , backward 1122.
        Unrouted nets 35329 at the end of iteration 3.
    route iteration 3, CPU time elapsed 8.000000 sec.
    forward max bucket size 35876 , backward 1079.
        Unrouted nets 29921 at the end of iteration 4.
    route iteration 4, CPU time elapsed 7.843750 sec.
    forward max bucket size 1959 , backward 2094.
        Unrouted nets 25267 at the end of iteration 5.
    route iteration 5, CPU time elapsed 7.140625 sec.
    forward max bucket size 1833 , backward 1572.
        Unrouted nets 25339 at the end of iteration 6.
    route iteration 6, CPU time elapsed 5.609375 sec.
    forward max bucket size 2071 , backward 1651.
        Unrouted nets 22780 at the end of iteration 7.
    route iteration 7, CPU time elapsed 5.250000 sec.
    forward max bucket size 2293 , backward 1760.
        Unrouted nets 19942 at the end of iteration 8.
    route iteration 8, CPU time elapsed 4.765625 sec.
    forward max bucket size 2059 , backward 1577.
        Unrouted nets 16969 at the end of iteration 9.
    route iteration 9, CPU time elapsed 4.171875 sec.
    forward max bucket size 1668 , backward 1369.
        Unrouted nets 14553 at the end of iteration 10.
    route iteration 10, CPU time elapsed 3.562500 sec.
    forward max bucket size 2205 , backward 2308.
        Unrouted nets 12395 at the end of iteration 11.
    route iteration 11, CPU time elapsed 3.171875 sec.
    forward max bucket size 2222 , backward 1569.
        Unrouted nets 10557 at the end of iteration 12.
    route iteration 12, CPU time elapsed 2.843750 sec.
    forward max bucket size 1875 , backward 1567.
        Unrouted nets 8905 at the end of iteration 13.
    route iteration 13, CPU time elapsed 2.531250 sec.
    forward max bucket size 3268 , backward 1996.
        Unrouted nets 7326 at the end of iteration 14.
    route iteration 14, CPU time elapsed 2.109375 sec.
    forward max bucket size 3446 , backward 2218.
        Unrouted nets 6099 at the end of iteration 15.
    route iteration 15, CPU time elapsed 1.781250 sec.
    forward max bucket size 2494 , backward 2400.
        Unrouted nets 5052 at the end of iteration 16.
    route iteration 16, CPU time elapsed 1.640625 sec.
    forward max bucket size 2515 , backward 1524.
        Unrouted nets 4263 at the end of iteration 17.
    route iteration 17, CPU time elapsed 1.406250 sec.
    forward max bucket size 1519 , backward 1312.
        Unrouted nets 3557 at the end of iteration 18.
    route iteration 18, CPU time elapsed 1.234375 sec.
    forward max bucket size 2059 , backward 1738.
        Unrouted nets 2928 at the end of iteration 19.
    route iteration 19, CPU time elapsed 1.031250 sec.
    forward max bucket size 1997 , backward 1717.
        Unrouted nets 2463 at the end of iteration 20.
    route iteration 20, CPU time elapsed 0.812500 sec.
    forward max bucket size 1953 , backward 2310.
        Unrouted nets 2023 at the end of iteration 21.
    route iteration 21, CPU time elapsed 0.765625 sec.
    forward max bucket size 2460 , backward 1183.
        Unrouted nets 1693 at the end of iteration 22.
    route iteration 22, CPU time elapsed 0.671875 sec.
    forward max bucket size 3106 , backward 1981.
        Unrouted nets 1417 at the end of iteration 23.
    route iteration 23, CPU time elapsed 0.640625 sec.
    forward max bucket size 2221 , backward 1709.
        Unrouted nets 1216 at the end of iteration 24.
    route iteration 24, CPU time elapsed 0.593750 sec.
    forward max bucket size 1937 , backward 1140.
        Unrouted nets 1015 at the end of iteration 25.
    route iteration 25, CPU time elapsed 0.468750 sec.
    forward max bucket size 1236 , backward 1234.
        Unrouted nets 866 at the end of iteration 26.
    route iteration 26, CPU time elapsed 0.500000 sec.
    forward max bucket size 1564 , backward 1281.
        Unrouted nets 732 at the end of iteration 27.
    route iteration 27, CPU time elapsed 0.406250 sec.
    forward max bucket size 1531 , backward 1330.
        Unrouted nets 635 at the end of iteration 28.
    route iteration 28, CPU time elapsed 0.375000 sec.
    forward max bucket size 1632 , backward 748.
        Unrouted nets 582 at the end of iteration 29.
    route iteration 29, CPU time elapsed 0.406250 sec.
    forward max bucket size 1160 , backward 1082.
        Unrouted nets 511 at the end of iteration 30.
    route iteration 30, CPU time elapsed 0.421875 sec.
    forward max bucket size 706 , backward 746.
        Unrouted nets 452 at the end of iteration 31.
    route iteration 31, CPU time elapsed 0.343750 sec.
    forward max bucket size 1145 , backward 877.
        Unrouted nets 382 at the end of iteration 32.
    route iteration 32, CPU time elapsed 0.328125 sec.
    forward max bucket size 1222 , backward 718.
        Unrouted nets 308 at the end of iteration 33.
    route iteration 33, CPU time elapsed 0.296875 sec.
    forward max bucket size 1222 , backward 1035.
        Unrouted nets 238 at the end of iteration 34.
    route iteration 34, CPU time elapsed 0.296875 sec.
    forward max bucket size 674 , backward 897.
        Unrouted nets 218 at the end of iteration 35.
    route iteration 35, CPU time elapsed 0.281250 sec.
    forward max bucket size 1233 , backward 1320.
        Unrouted nets 193 at the end of iteration 36.
    route iteration 36, CPU time elapsed 0.265625 sec.
    forward max bucket size 1292 , backward 1728.
        Unrouted nets 170 at the end of iteration 37.
    route iteration 37, CPU time elapsed 0.265625 sec.
    forward max bucket size 1244 , backward 846.
        Unrouted nets 163 at the end of iteration 38.
    route iteration 38, CPU time elapsed 0.281250 sec.
    forward max bucket size 1285 , backward 1193.
        Unrouted nets 132 at the end of iteration 39.
    route iteration 39, CPU time elapsed 0.250000 sec.
    forward max bucket size 1874 , backward 1350.
        Unrouted nets 147 at the end of iteration 40.
    route iteration 40, CPU time elapsed 0.234375 sec.
    forward max bucket size 934 , backward 915.
        Unrouted nets 117 at the end of iteration 41.
    route iteration 41, CPU time elapsed 0.234375 sec.
    forward max bucket size 1115 , backward 1183.
        Unrouted nets 105 at the end of iteration 42.
    route iteration 42, CPU time elapsed 0.250000 sec.
    forward max bucket size 1115 , backward 1172.
        Unrouted nets 86 at the end of iteration 43.
    route iteration 43, CPU time elapsed 0.250000 sec.
    forward max bucket size 496 , backward 377.
        Unrouted nets 76 at the end of iteration 44.
    route iteration 44, CPU time elapsed 0.218750 sec.
    forward max bucket size 965 , backward 534.
        Unrouted nets 52 at the end of iteration 45.
    route iteration 45, CPU time elapsed 0.218750 sec.
    forward max bucket size 806 , backward 660.
        Unrouted nets 56 at the end of iteration 46.
    route iteration 46, CPU time elapsed 0.218750 sec.
    forward max bucket size 285 , backward 258.
        Unrouted nets 36 at the end of iteration 47.
    route iteration 47, CPU time elapsed 0.218750 sec.
    forward max bucket size 478 , backward 385.
        Unrouted nets 37 at the end of iteration 48.
    route iteration 48, CPU time elapsed 0.203125 sec.
    forward max bucket size 335 , backward 351.
        Unrouted nets 22 at the end of iteration 49.
    route iteration 49, CPU time elapsed 0.203125 sec.
    forward max bucket size 399 , backward 343.
        Unrouted nets 16 at the end of iteration 50.
    route iteration 50, CPU time elapsed 0.203125 sec.
    forward max bucket size 381 , backward 78.
        Unrouted nets 13 at the end of iteration 51.
    route iteration 51, CPU time elapsed 0.218750 sec.
    forward max bucket size 42 , backward 156.
        Unrouted nets 9 at the end of iteration 52.
    route iteration 52, CPU time elapsed 0.359375 sec.
    forward max bucket size 243 , backward 19.
        Unrouted nets 3 at the end of iteration 53.
    route iteration 53, CPU time elapsed 0.390625 sec.
    forward max bucket size 35 , backward 19.
        Unrouted nets 7 at the end of iteration 54.
    route iteration 54, CPU time elapsed 0.171875 sec.
    forward max bucket size 35 , backward 32.
        Unrouted nets 7 at the end of iteration 55.
    route iteration 55, CPU time elapsed 0.203125 sec.
    forward max bucket size 31 , backward 17.
        Unrouted nets 7 at the end of iteration 56.
    route iteration 56, CPU time elapsed 0.171875 sec.
    forward max bucket size 1202 , backward 231.
        Unrouted nets 6 at the end of iteration 57.
    route iteration 57, CPU time elapsed 0.203125 sec.
    forward max bucket size 19 , backward 22.
        Unrouted nets 0 at the end of iteration 58.
    route iteration 58, CPU time elapsed 0.203125 sec.
Detailed routing takes 58 iterations
I: Design net u_CORES/drck_o is routed by general path.
C: Route-2036: The clock path from u_CORES/u_GTP_SCANCHAIN_PG/scanchain:TCK1 to clkbufg_25/gopclkbufg:CLK is routed by SRB.
I: Design net u_CORES/capt_o is routed by general path.
C: Route-2036: The clock path from u_CORES/u_GTP_SCANCHAIN_PG/scanchain:CAPTUREDR to u_CORES/u_debug_core_0/u_hub_data_decode/id_sample.conf_id[2]/opit_0_inv:CLK is routed by SRB.
I: Design net ntclkbufg_2 is routed by general path.
C: Route-2036: The clock path from clkbufg_25/gopclkbufg:CLKOUT to u_CORES/u_debug_core_0/u_Storage_Condition/u_cfg_reg_file/bit_cnt[4]/opit_0_inv_L6Q:CLK is routed by SRB.
Detailed routing takes 111.09 sec.
Start fix hold violation.
Build tmp routing results takes 0.62 sec.
Timing analysis takes 0.73 sec.
Hold violation fix iter 0 takes 0.86 sec, total_step_forward 44252.
Incremental timing analysis takes 0.45 sec.
Hold violation fix iter 1 takes 0.02 sec, total_step_forward 474.
Incremental timing analysis takes 0.56 sec.
Hold violation fix iter 2 takes 50.70 sec, total_step_forward 277841.
Incremental timing analysis takes 0.55 sec.
Hold violation fix iter 3 takes 0.47 sec, total_step_forward 49918.
Incremental timing analysis takes 0.53 sec.
Hold violation fix iter 4 takes 0.02 sec, total_step_forward 0.
Hold Violation Fix in router takes 5 iterations.
Fix hold violation Finished.
Hold Violation Fix in router takes 66.98 sec.

Dispose routing result:
    Collect routing result.
    Delete unused device instances.
    Annotate routing result.
    Change LUT configuration.
    Dispose misc instances.
    Annotate routing result again.
Finish routing takes 3.52 sec.
Used SRB routing arc is 707862.
Cleanup routing takes 0.05 sec.
Routing done.
Total routing takes 221.20 sec.


Device Utilization Summary :
+-------------------------------------------------------------------------------+
| Logic Utilization           | Used      | Available     | Utilization(%)     
+-------------------------------------------------------------------------------+
| Use of ADC                  | 0         | 1             | 0                  
| Use of ANALOG               | 0         | 1             | 0                  
| Use of APM                  | 216       | 240           | 90                 
| Use of BKCL                 | 2         | 6             | 34                 
| Use of CCS                  | 1         | 1             | 100                
| Use of CLMA                 | 8912      | 11675         | 77                 
|   FF                        | 27340     | 93400         | 30                 
|   LUT                       | 31698     | 46700         | 68                 
|   LUT-FF pairs              | 16847     | 46700         | 37                 
| Use of CLMS                 | 3782      | 4975          | 77                 
|   FF                        | 11590     | 39800         | 30                 
|   LUT                       | 13390     | 19900         | 68                 
|   LUT-FF pairs              | 6963      | 19900         | 35                 
|   Distributed RAM           | 75        | 19900         | 1                  
| Use of DDRPHY_CPD           | 0         | 12            | 0                  
| Use of DDRPHY_IOCLK_DIV     | 0         | 6             | 0                  
| Use of DDR_PHY              | 0         | 24            | 0                  
| Use of DRM                  | 16.5      | 155           | 11                 
| Use of GPLL                 | 1         | 6             | 17                 
| Use of GSEB                 | 0         | 218           | 0                  
| Use of HARD0                | 5103      | 10550         | 49                 
| Use of HCKB                 | 18        | 96            | 19                 
|  HCKB dataused              | 1         | 96            | 2                  
| Use of HCKMUX_TEST          | 0         | 8             | 0                  
| Use of HSSTLP               | 0         | 2             | 0                  
| Use of IO                   | 42        | 300           | 14                 
|   IOBD                      | 19        | 144           | 14                 
|   IOBS                      | 23        | 156           | 15                 
| Use of IOCKB                | 0         | 24            | 0                  
| Use of IOCKMUX_TEST         | 0         | 6             | 0                  
| Use of IOLHR                | 42        | 300           | 14                 
| Use of KEYRAM               | 0         | 1             | 0                  
| Use of MFG_TEST             | 0         | 1             | 0                  
| Use of MRCKB                | 0         | 12            | 0                  
| Use of MRCKMUX_TEST         | 0         | 6             | 0                  
| Use of MRPOSTMUX_TEST       | 0         | 6             | 0                  
| Use of PCIE                 | 0         | 1             | 0                  
| Use of PCKMUX_TEST          | 0         | 12            | 0                  
| Use of PLLMRMUX_TEST        | 0         | 6             | 0                  
| Use of PLLREFMUX_TEST       | 0         | 6             | 0                  
| Use of PPLL                 | 0         | 6             | 0                  
| Use of PREGMUXC_TEST        | 0         | 4             | 0                  
| Use of PREGMUXLR_TEST       | 0         | 6             | 0                  
| Use of RCKB                 | 6         | 24            | 25                 
|  RCKB dataused              | 6         | 24            | 25                 
| Use of RCKMUX_TEST          | 0         | 6             | 0                  
| Use of SCANCHAIN            | 1         | 1             | 100                
| Use of SCKMUX_TEST          | 0         | 12            | 0                  
| Use of SFB                  | 0         | 2225          | 0                  
| Use of SPAD                 | 0         | 8             | 0                  
| Use of TSERDES              | 0         | 48            | 0                  
| Use of USCM                 | 4         | 32            | 13                 
|  USCM dataused              | 0         | 32            | 0                  
| Use of USCMMUX_TEST         | 0         | 32            | 0                  
+-------------------------------------------------------------------------------+

Finished routing.
Design 'top' has been placed and routed successfully.
Saving design to DB.
Finished placement and routing.
Action pnr: Real time elapsed is 0h:9m:24s
Action pnr: CPU time elapsed is 0h:8m:8s
Action pnr: Process CPU time elapsed is 0h:11m:26s
Current time: Thu Nov  6 03:08:38 2025
Action pnr: Peak memory pool usage is 3,823 MB
