#Build: Fabric Compiler 2022.2-SP6.4, Build 146967, Jan 31 01:39 2024
#Install: D:\pds right\PDS_2022.2-SP6.4\bin
#Application name: pds_shell.exe
#OS: Windows 10 10.0.26100
#Hostname: yanxi
Generated by Fabric Compiler (version 2022.2-SP6.4 build 146967) at Thu Nov  6 03:31:25 2025
Compiling verification operator library.
Compiling common defs.
Loading technology operator library.
Compiling technology operator library.
Compiling technology operator (valence) library.
Compiling operator packing rules.
Compiling prim grid devices.
Compiling gate devices.
Compiling gate operators.
Compiling tech operator impls.
Building architecture model.
Loading device packaging model.
Building architecture floorplan logic view.
E: UserConstraintEditor-0008: [C:/Users/27102/Desktop/pds project/project/project.lcf(line number: 257)] | Package pin AA25 can not be placed.
E: UserConstraintEditor-0008: [C:/Users/27102/Desktop/pds project/project/project.lcf(line number: 262)] | Package pin Y25 can not be placed.
