#Build: Fabric Compiler 2022.2-SP6.4, Build 146967, Jan 31 01:39 2024
#Install: D:\lab\app\PDS\PDS_2022.2-SP6.4\bin
#Application name: pds_shell.exe
#OS: Windows 10 10.0.26100
#Hostname: DESKTOP-5FU19C0
Generated by Fabric Compiler (version 2022.2-SP6.4 build 146967) at Fri Oct 24 01:37:00 2025
Compiling verification operator library.
Compiling common defs.
Compiling prim grid devices.
Compiling gate devices.
Compiling gate operators.
Building architecture model.
Loading device packaging model.
Reading design from DB.
Start Generate Netlist.
Generate Netlist is finished successfully.
Action gen_netlist: Real time elapsed is 0h:0m:24s
Action gen_netlist: CPU time elapsed is 0h:0m:20s
Action gen_netlist: Process CPU time elapsed is 0h:0m:20s
Current time: Fri Oct 24 01:37:22 2025
Action gen_netlist: Peak memory pool usage is 1,192 MB
