IP Generator (Version 2022.2-SP6.4 build 146967)
Check out license ...
Start generating at 2025-11-04 21:09
Instance: fjw_ram (C:\Users\27102\Desktop\pds project\project\ipcore\fjw_ram\fjw_ram.idf)
IP: Pango DRM Based Simple Dual Port RAM (1.10)
Part: Logos2-PG2L100H-FBG676--6
Create directory 'rtl' ...
Copy 'rtl\ipm2l_sdpram_v1_10.v.xml' to 'rtl' ...
Compile file 'rtl\ipm2l_sdpram_v1_10.v.xml' to 'rtl\ipm2l_sdpram_v1_10_fjw_ram.v' ...
Copy 'ipm2l_sdpram_wrapper_v1_10.v.xml' ...
Compile file 'ipm2l_sdpram_wrapper_v1_10.v.xml' to 'fjw_ram.v' ...
Found top module 'fjw_ram' in file 'fjw_ram.v'.
Copy 'ipm2l_sdpram_wrapper_v1_0_tb.v.xml' ...
Compile file 'ipm2l_sdpram_wrapper_v1_0_tb.v.xml' to 'fjw_ram_tb.v' ...
Copy 'init_param_bin_exmp.dat' ...
Copy 'init_param_hex_exmp.dat' ...
Run file 'createParam.tcl' ...
Run file 'creatResetValue.tcl' ...
Create template file 'fjw_ram_tmpl.v' ...
Create template file 'fjw_ram_tmpl.vhdl' ...
There are 2 source files to synthesize.
Synthesis is disabled.
Done: 0 error(s), 0 warning(s)
