#Build: Fabric Compiler 2022.2-SP6.4, Build 146967, Jan 31 01:39 2024
#Install: D:\pds right\PDS_2022.2-SP6.4\bin
#Application name: pds_shell.exe
#OS: Windows 10 10.0.26100
#Hostname: yanxi
Generated by Fabric Compiler (version 2022.2-SP6.4 build 146967) at Tue Nov  4 21:46:24 2025
Compiling verification operator library.
Compiling common defs.
Compiling prim grid devices.
Compiling gate devices.
Compiling gate operators.
Building architecture model.
Loading device packaging model.
Reading design from pnr DB.
Start Report Post-PnR timing.
Constructing timing graph ...
Timing graph has been constructed successfully
C: STA-3003: The timing arc 'I4->L6' of 'gopLUT6' are non_unate, The timing analyser will assume pos_unate for these arcs in clock propgation. Clock: 'clk_64M'  from 'N0/gateop_perm/I4' to: 'N0/gateop_perm/L6'
C: STA-3003: The timing arc 'I4->L6' of 'gopLUT6' are non_unate, The timing analyser will assume pos_unate for these arcs in clock propgation. Clock: 'clk_64M'  from 'N0/gateop_perm/I4' to: 'N0/gateop_perm/L6'
C: STA-3003: The timing arc 'I4->L6' of 'gopLUT6' are non_unate, The timing analyser will assume pos_unate for these arcs in clock propgation. Clock: 'clk_64M'  from 'N0/gateop_perm/I4' to: 'N0/gateop_perm/L6'
C: STA-3003: The timing arc 'I4->L6' of 'gopLUT6' are non_unate, The timing analyser will assume pos_unate for these arcs in clock propgation. Clock: 'clk_64M'  from 'N0/gateop_perm/I4' to: 'N0/gateop_perm/L6'
C: STA-3003: The timing arc 'I4->L6' of 'gopLUT6' are non_unate, The timing analyser will assume pos_unate for these arcs in clock propgation. Clock: 'clk_64M'  from 'N0/gateop_perm/I4' to: 'N0/gateop_perm/L6'
C: STA-3003: The timing arc 'I4->L6' of 'gopLUT6' are non_unate, The timing analyser will assume pos_unate for these arcs in clock propgation. Clock: 'clk_64M'  from 'N0/gateop_perm/I4' to: 'N0/gateop_perm/L6'
C: STA-3003: The timing arc 'I4->L6' of 'gopLUT6' are non_unate, The timing analyser will assume pos_unate for these arcs in clock propgation. Clock: 'clk_64M'  from 'N0/gateop_perm/I4' to: 'N0/gateop_perm/L6'
C: STA-3003: The timing arc 'I4->L6' of 'gopLUT6' are non_unate, The timing analyser will assume pos_unate for these arcs in clock propgation. Clock: 'clk_64M'  from 'N0/gateop_perm/I4' to: 'N0/gateop_perm/L6'
C: STA-3009: The clock clk is not connected to any clock endpoints,it will be treated as a normal port or pin.
W: Timing-4087: Port 'adc1_clk' is not constrained, it is treated as combinational output.
W: Timing-4087: Port 'adc2_clk' is not constrained, it is treated as combinational output.
W: Timing-4087: Port 'hmi_tx' is not constrained, it is treated as combinational output.
W: Timing-4087: Port 'led[0]' is not constrained, it is treated as combinational output.
W: Timing-4087: Port 'led[1]' is not constrained, it is treated as combinational output.
W: Timing-4087: Port 'led[2]' is not constrained, it is treated as combinational output.
W: Timing-4087: Port 'led[3]' is not constrained, it is treated as combinational output.
W: Timing-4087: Port 'led[4]' is not constrained, it is treated as combinational output.
W: Timing-4087: Port 'led[5]' is not constrained, it is treated as combinational output.
W: Timing-4087: Port 'led[6]' is not constrained, it is treated as combinational output.
W: Timing-4087: Port 'led[7]' is not constrained, it is treated as combinational output.
W: Timing-4086: Port 'A1' is not constrained, it is treated as combinational input.
W: Timing-4086: Port 'B1' is not constrained, it is treated as combinational input.
W: Timing-4086: Port 'adc1[0]' is not constrained, it is treated as combinational input.
W: Timing-4086: Port 'adc1[1]' is not constrained, it is treated as combinational input.
W: Timing-4086: Port 'adc1[2]' is not constrained, it is treated as combinational input.
W: Timing-4086: Port 'adc1[3]' is not constrained, it is treated as combinational input.
W: Timing-4086: Port 'adc1[4]' is not constrained, it is treated as combinational input.
W: Timing-4086: Port 'adc1[5]' is not constrained, it is treated as combinational input.
W: Timing-4086: Port 'adc1[6]' is not constrained, it is treated as combinational input.
W: Timing-4086: Port 'adc1[7]' is not constrained, it is treated as combinational input.
W: Timing-4086: Port 'adc1[8]' is not constrained, it is treated as combinational input.
W: Timing-4086: Port 'adc1[9]' is not constrained, it is treated as combinational input.
W: Timing-4086: Port 'adc1[10]' is not constrained, it is treated as combinational input.
W: Timing-4086: Port 'adc1[11]' is not constrained, it is treated as combinational input.
W: Timing-4086: Port 'adc2[0]' is not constrained, it is treated as combinational input.
W: Timing-4086: Port 'adc2[1]' is not constrained, it is treated as combinational input.
W: Timing-4086: Port 'adc2[2]' is not constrained, it is treated as combinational input.
W: Timing-4086: Port 'adc2[3]' is not constrained, it is treated as combinational input.
W: Timing-4086: Port 'adc2[4]' is not constrained, it is treated as combinational input.
W: Timing-4086: Port 'adc2[5]' is not constrained, it is treated as combinational input.
W: Timing-4086: Port 'adc2[6]' is not constrained, it is treated as combinational input.
W: Timing-4086: Port 'adc2[7]' is not constrained, it is treated as combinational input.
W: Timing-4086: Port 'adc2[8]' is not constrained, it is treated as combinational input.
W: Timing-4086: Port 'adc2[9]' is not constrained, it is treated as combinational input.
W: Timing-4086: Port 'adc2[10]' is not constrained, it is treated as combinational input.
W: Timing-4086: Port 'adc2[11]' is not constrained, it is treated as combinational input.
W: Timing-4086: Port 'hmi_rx' is not constrained, it is treated as combinational input.
W: Timing-4086: Port 'rst' is not constrained, it is treated as combinational input.
Report timing is finished successfully.
Action report_timing: Real time elapsed is 0h:0m:21s
Action report_timing: CPU time elapsed is 0h:0m:18s
Action report_timing: Process CPU time elapsed is 0h:0m:20s
Current time: Tue Nov  4 21:46:44 2025
Action report_timing: Peak memory pool usage is 1,560 MB
