#Build: Fabric Compiler 2022.2-SP6.4, Build 146967, Jan 31 01:39 2024
#Install: D:\pds right\PDS_2022.2-SP6.4\bin
#Application name: pds_shell.exe
#OS: Windows 10 10.0.26100
#Hostname: yanxi
Generated by Fabric Compiler (version 2022.2-SP6.4 build 146967) at Thu Nov  6 03:44:09 2025
Compiling verification operator library.
Compiling common defs.
Compiling prim grid devices.
Compiling gate devices.
Compiling gate operators.
Building architecture model.
Loading device packaging model.
pnr strategy configuration : 
strategy name : 0
Building architecture floorplan logic view.
Constraint check start.
Executing : def_port {adc1_clk} LOC=V21 VCCIO=3.3 IOSTANDARD=LVCMOS33 DRIVE=4 SLEW=FAST NONE=TRUE
Executing : def_port {adc1_clk} LOC=V21 VCCIO=3.3 IOSTANDARD=LVCMOS33 DRIVE=4 SLEW=FAST NONE=TRUE successfully
Executing : def_port {adc2_clk} LOC=V14 VCCIO=3.3 IOSTANDARD=LVCMOS33 DRIVE=4 SLEW=FAST UNUSED=TRUE
Executing : def_port {adc2_clk} LOC=V14 VCCIO=3.3 IOSTANDARD=LVCMOS33 DRIVE=4 SLEW=FAST UNUSED=TRUE successfully
W: ConstraintEditor-4031: [C:/Users/27102/Desktop/pds project/project/device_map/top.pcf(line number: 5)] BUS_KEEPER attribute have been defined already, current attribute NONE will overwrite the old attribute UNUSED.
Executing : def_port {esp8266_tx} LOC=Y25 VCCIO=3.3 IOSTANDARD=LVCMOS33 DRIVE=4 SLEW=FAST UNUSED=TRUE NONE=TRUE
Executing : def_port {esp8266_tx} LOC=Y25 VCCIO=3.3 IOSTANDARD=LVCMOS33 DRIVE=4 SLEW=FAST UNUSED=TRUE NONE=TRUE successfully
Executing : def_port {hmi_tx} LOC=U22 VCCIO=3.3 IOSTANDARD=LVCMOS33 DRIVE=4 SLEW=FAST UNUSED=TRUE
Executing : def_port {hmi_tx} LOC=U22 VCCIO=3.3 IOSTANDARD=LVCMOS33 DRIVE=4 SLEW=FAST UNUSED=TRUE successfully
Executing : def_port {led[0]} LOC=A20 VCCIO=3.3 IOSTANDARD=LVCMOS33 DRIVE=4 SLEW=FAST NONE=TRUE
Executing : def_port {led[0]} LOC=A20 VCCIO=3.3 IOSTANDARD=LVCMOS33 DRIVE=4 SLEW=FAST NONE=TRUE successfully
Executing : def_port {led[1]} LOC=C18 VCCIO=3.3 IOSTANDARD=LVCMOS33 DRIVE=4 SLEW=FAST NONE=TRUE
Executing : def_port {led[1]} LOC=C18 VCCIO=3.3 IOSTANDARD=LVCMOS33 DRIVE=4 SLEW=FAST NONE=TRUE successfully
Executing : def_port {led[2]} LOC=C19 VCCIO=3.3 IOSTANDARD=LVCMOS33 DRIVE=4 SLEW=FAST NONE=TRUE
Executing : def_port {led[2]} LOC=C19 VCCIO=3.3 IOSTANDARD=LVCMOS33 DRIVE=4 SLEW=FAST NONE=TRUE successfully
Executing : def_port {led[3]} LOC=E18 VCCIO=3.3 IOSTANDARD=LVCMOS33 DRIVE=4 SLEW=FAST NONE=TRUE
Executing : def_port {led[3]} LOC=E18 VCCIO=3.3 IOSTANDARD=LVCMOS33 DRIVE=4 SLEW=FAST NONE=TRUE successfully
Executing : def_port {led[4]} LOC=A17 VCCIO=3.3 IOSTANDARD=LVCMOS33 DRIVE=4 SLEW=FAST NONE=TRUE
Executing : def_port {led[4]} LOC=A17 VCCIO=3.3 IOSTANDARD=LVCMOS33 DRIVE=4 SLEW=FAST NONE=TRUE successfully
Executing : def_port {led[5]} LOC=A18 VCCIO=3.3 IOSTANDARD=LVCMOS33 DRIVE=4 SLEW=FAST NONE=TRUE
Executing : def_port {led[5]} LOC=A18 VCCIO=3.3 IOSTANDARD=LVCMOS33 DRIVE=4 SLEW=FAST NONE=TRUE successfully
Executing : def_port {led[6]} LOC=C17 VCCIO=3.3 IOSTANDARD=LVCMOS33 DRIVE=4 SLEW=FAST NONE=TRUE
Executing : def_port {led[6]} LOC=C17 VCCIO=3.3 IOSTANDARD=LVCMOS33 DRIVE=4 SLEW=FAST NONE=TRUE successfully
Executing : def_port {led[7]} LOC=B17 VCCIO=3.3 IOSTANDARD=LVCMOS33 DRIVE=4 SLEW=FAST NONE=TRUE
Executing : def_port {led[7]} LOC=B17 VCCIO=3.3 IOSTANDARD=LVCMOS33 DRIVE=4 SLEW=FAST NONE=TRUE successfully
Executing : def_port {A1} LOC=W26 VCCIO=3.3 IOSTANDARD=LVCMOS33 NONE=TRUE
Executing : def_port {A1} LOC=W26 VCCIO=3.3 IOSTANDARD=LVCMOS33 NONE=TRUE successfully
Executing : def_port {B1} LOC=V26 VCCIO=3.3 IOSTANDARD=LVCMOS33 NONE=TRUE
Executing : def_port {B1} LOC=V26 VCCIO=3.3 IOSTANDARD=LVCMOS33 NONE=TRUE successfully
Executing : def_port {adc1[0]} LOC=V16 VCCIO=3.3 IOSTANDARD=LVCMOS33 NONE=TRUE
Executing : def_port {adc1[0]} LOC=V16 VCCIO=3.3 IOSTANDARD=LVCMOS33 NONE=TRUE successfully
Executing : def_port {adc1[1]} LOC=V17 VCCIO=3.3 IOSTANDARD=LVCMOS33 NONE=TRUE
Executing : def_port {adc1[1]} LOC=V17 VCCIO=3.3 IOSTANDARD=LVCMOS33 NONE=TRUE successfully
Executing : def_port {adc1[2]} LOC=T17 VCCIO=3.3 IOSTANDARD=LVCMOS33 NONE=TRUE
Executing : def_port {adc1[2]} LOC=T17 VCCIO=3.3 IOSTANDARD=LVCMOS33 NONE=TRUE successfully
Executing : def_port {adc1[3]} LOC=T18 VCCIO=3.3 IOSTANDARD=LVCMOS33 NONE=TRUE
Executing : def_port {adc1[3]} LOC=T18 VCCIO=3.3 IOSTANDARD=LVCMOS33 NONE=TRUE successfully
Executing : def_port {adc1[4]} LOC=V19 VCCIO=3.3 IOSTANDARD=LVCMOS33 NONE=TRUE
Executing : def_port {adc1[4]} LOC=V19 VCCIO=3.3 IOSTANDARD=LVCMOS33 NONE=TRUE successfully
Executing : def_port {adc1[5]} LOC=W19 VCCIO=3.3 IOSTANDARD=LVCMOS33 NONE=TRUE
Executing : def_port {adc1[5]} LOC=W19 VCCIO=3.3 IOSTANDARD=LVCMOS33 NONE=TRUE successfully
Executing : def_port {adc1[6]} LOC=U25 VCCIO=3.3 IOSTANDARD=LVCMOS33 NONE=TRUE
Executing : def_port {adc1[6]} LOC=U25 VCCIO=3.3 IOSTANDARD=LVCMOS33 NONE=TRUE successfully
Executing : def_port {adc1[7]} LOC=U26 VCCIO=3.3 IOSTANDARD=LVCMOS33 NONE=TRUE
Executing : def_port {adc1[7]} LOC=U26 VCCIO=3.3 IOSTANDARD=LVCMOS33 NONE=TRUE successfully
Executing : def_port {adc1[8]} LOC=AA24 VCCIO=3.3 IOSTANDARD=LVCMOS33 NONE=TRUE
Executing : def_port {adc1[8]} LOC=AA24 VCCIO=3.3 IOSTANDARD=LVCMOS33 NONE=TRUE successfully
Executing : def_port {adc1[9]} LOC=AB25 VCCIO=3.3 IOSTANDARD=LVCMOS33 NONE=TRUE
Executing : def_port {adc1[9]} LOC=AB25 VCCIO=3.3 IOSTANDARD=LVCMOS33 NONE=TRUE successfully
Executing : def_port {adc1[10]} LOC=AA22 VCCIO=3.3 IOSTANDARD=LVCMOS33 NONE=TRUE
Executing : def_port {adc1[10]} LOC=AA22 VCCIO=3.3 IOSTANDARD=LVCMOS33 NONE=TRUE successfully
Executing : def_port {adc1[11]} LOC=AA23 VCCIO=3.3 IOSTANDARD=LVCMOS33 NONE=TRUE
Executing : def_port {adc1[11]} LOC=AA23 VCCIO=3.3 IOSTANDARD=LVCMOS33 NONE=TRUE successfully
Executing : def_port {adc2[0]} LOC=U14 VCCIO=3.3 IOSTANDARD=LVCMOS33 NONE=TRUE
Executing : def_port {adc2[0]} LOC=U14 VCCIO=3.3 IOSTANDARD=LVCMOS33 NONE=TRUE successfully
Executing : def_port {adc2[1]} LOC=Y21 VCCIO=3.3 IOSTANDARD=LVCMOS33 NONE=TRUE
Executing : def_port {adc2[1]} LOC=Y21 VCCIO=3.3 IOSTANDARD=LVCMOS33 NONE=TRUE successfully
Executing : def_port {adc2[2]} LOC=W21 VCCIO=3.3 IOSTANDARD=LVCMOS33 NONE=TRUE
Executing : def_port {adc2[2]} LOC=W21 VCCIO=3.3 IOSTANDARD=LVCMOS33 NONE=TRUE successfully
Executing : def_port {adc2[3]} LOC=T15 VCCIO=3.3 IOSTANDARD=LVCMOS33 NONE=TRUE
Executing : def_port {adc2[3]} LOC=T15 VCCIO=3.3 IOSTANDARD=LVCMOS33 NONE=TRUE successfully
Executing : def_port {adc2[4]} LOC=T14 VCCIO=3.3 IOSTANDARD=LVCMOS33 NONE=TRUE
Executing : def_port {adc2[4]} LOC=T14 VCCIO=3.3 IOSTANDARD=LVCMOS33 NONE=TRUE successfully
Executing : def_port {adc2[5]} LOC=W18 VCCIO=3.3 IOSTANDARD=LVCMOS33 NONE=TRUE
Executing : def_port {adc2[5]} LOC=W18 VCCIO=3.3 IOSTANDARD=LVCMOS33 NONE=TRUE successfully
Executing : def_port {adc2[6]} LOC=V18 VCCIO=3.3 IOSTANDARD=LVCMOS33 NONE=TRUE
Executing : def_port {adc2[6]} LOC=V18 VCCIO=3.3 IOSTANDARD=LVCMOS33 NONE=TRUE successfully
Executing : def_port {adc2[7]} LOC=U20 VCCIO=3.3 IOSTANDARD=LVCMOS33 NONE=TRUE
Executing : def_port {adc2[7]} LOC=U20 VCCIO=3.3 IOSTANDARD=LVCMOS33 NONE=TRUE successfully
Executing : def_port {adc2[8]} LOC=T20 VCCIO=3.3 IOSTANDARD=LVCMOS33 NONE=TRUE
Executing : def_port {adc2[8]} LOC=T20 VCCIO=3.3 IOSTANDARD=LVCMOS33 NONE=TRUE successfully
Executing : def_port {adc2[9]} LOC=Y26 VCCIO=3.3 IOSTANDARD=LVCMOS33 NONE=TRUE
Executing : def_port {adc2[9]} LOC=Y26 VCCIO=3.3 IOSTANDARD=LVCMOS33 NONE=TRUE successfully
Executing : def_port {adc2[10]} LOC=W25 VCCIO=3.3 IOSTANDARD=LVCMOS33 NONE=TRUE
Executing : def_port {adc2[10]} LOC=W25 VCCIO=3.3 IOSTANDARD=LVCMOS33 NONE=TRUE successfully
Executing : def_port {adc2[11]} LOC=AC24 VCCIO=3.3 IOSTANDARD=LVCMOS33 NONE=TRUE
Executing : def_port {adc2[11]} LOC=AC24 VCCIO=3.3 IOSTANDARD=LVCMOS33 NONE=TRUE successfully
Executing : def_port {clk} LOC=D18 VCCIO=3.3 IOSTANDARD=LVCMOS33 UNUSED=TRUE
Executing : def_port {clk} LOC=D18 VCCIO=3.3 IOSTANDARD=LVCMOS33 UNUSED=TRUE successfully
W: ConstraintEditor-4031: [C:/Users/27102/Desktop/pds project/project/device_map/top.pcf(line number: 42)] BUS_KEEPER attribute have been defined already, current attribute NONE will overwrite the old attribute UNUSED.
Executing : def_port {esp8266_rx} LOC=AA25 VCCIO=3.3 IOSTANDARD=LVCMOS33 UNUSED=TRUE NONE=TRUE
Executing : def_port {esp8266_rx} LOC=AA25 VCCIO=3.3 IOSTANDARD=LVCMOS33 UNUSED=TRUE NONE=TRUE successfully
Executing : def_port {hmi_rx} LOC=V22 VCCIO=3.3 IOSTANDARD=LVCMOS33 NONE=TRUE
Executing : def_port {hmi_rx} LOC=V22 VCCIO=3.3 IOSTANDARD=LVCMOS33 NONE=TRUE successfully
Executing : def_port {rst} LOC=C22 VCCIO=3.3 IOSTANDARD=LVCMOS33 NONE=TRUE
Executing : def_port {rst} LOC=C22 VCCIO=3.3 IOSTANDARD=LVCMOS33 NONE=TRUE successfully
Constraint check end.
I: Column Clock Check open.
Read Column Clock Map.

Placement started.
Phase 1 Pre global placement started.
Mapping instance GRS_INST/grs_ccs to CCS_87_316.
Mapping instance u_CORES/u_GTP_SCANCHAIN_PG/scanchain to SCANCHAIN_88_312.
Mapping instance PLL/u_gpll/gpll_inst to GPLL_7_1075.
Phase 1.1 1st GP placement started.
Design Utilization : 68%.
First map gop timing takes 10.66 sec
Worst slack after clock region global placement is 1801
Wirelength after clock region global placement is 657210 and checksum is A2F638EE28343D15.
1st GP placement takes 30.36 sec.

Phase 1.2 Clock placement started.
Mapping instance clkbufg_23/gopclkbufg to USCM_215_624.
Mapping instance clkbufg_24/gopclkbufg to USCM_215_627.
C: Place-2028: GLOBAL_CLOCK: the driver u_CORES/u_GTP_SCANCHAIN_PG/scanchain fixed at SCANCHAIN_88_312 is unreasonable. Sub-optimal placement for a clock source and a clock buffer.
Mapping instance clkbufg_25/gopclkbufg to USCM_215_576.
Clock placement takes 0.36 sec.

Wirelength after Pre Global Placement is 657210 and checksum is A2F638EE28343D15.
Pre global placement takes 31.55 sec.

Phase 2 Global placement started.
Phase 2.1 Fixed placement started.
Placed fixed group with base inst A1_ibuf/opit_1 on IOLHR_16_276.
Placed fixed group with base inst B1_ibuf/opit_1 on IOLHR_16_282.
Placed fixed group with base inst adc1_clk_obuf/opit_1 on IOLHR_16_138.
Placed fixed group with base inst adc1_ibuf[0]/opit_1 on IOLHR_16_12.
Placed fixed group with base inst adc1_ibuf[1]/opit_1 on IOLHR_16_6.
Placed fixed group with base inst adc1_ibuf[2]/opit_1 on IOLHR_16_48.
Placed fixed group with base inst adc1_ibuf[3]/opit_1 on IOLHR_16_42.
Placed fixed group with base inst adc1_ibuf[4]/opit_1 on IOLHR_16_84.
Placed fixed group with base inst adc1_ibuf[5]/opit_1 on IOLHR_16_78.
Placed fixed group with base inst adc1_ibuf[6]/opit_1 on IOLHR_16_294.
Placed fixed group with base inst adc1_ibuf[7]/opit_1 on IOLHR_16_288.
Placed fixed group with base inst adc1_ibuf[8]/opit_1 on IOLHR_16_222.
Placed fixed group with base inst adc1_ibuf[9]/opit_1 on IOLHR_16_216.
Placed fixed group with base inst adc1_ibuf[10]/opit_1 on IOLHR_16_210.
Placed fixed group with base inst adc1_ibuf[11]/opit_1 on IOLHR_16_204.
Placed fixed group with base inst adc2_clk_obuf/opit_1 on IOLHR_16_18.
Placed fixed group with base inst adc2_ibuf[0]/opit_1 on IOLHR_16_24.
Placed fixed group with base inst adc2_ibuf[1]/opit_1 on IOLHR_16_126.
Placed fixed group with base inst adc2_ibuf[2]/opit_1 on IOLHR_16_132.
Placed fixed group with base inst adc2_ibuf[3]/opit_1 on IOLHR_16_54.
Placed fixed group with base inst adc2_ibuf[4]/opit_1 on IOLHR_16_60.
Placed fixed group with base inst adc2_ibuf[5]/opit_1 on IOLHR_16_66.
Placed fixed group with base inst adc2_ibuf[6]/opit_1 on IOLHR_16_72.
Placed fixed group with base inst adc2_ibuf[7]/opit_1 on IOLHR_16_114.
Placed fixed group with base inst adc2_ibuf[8]/opit_1 on IOLHR_16_120.
Placed fixed group with base inst adc2_ibuf[9]/opit_1 on IOLHR_16_252.
Placed fixed group with base inst adc2_ibuf[10]/opit_1 on IOLHR_16_258.
Placed fixed group with base inst adc2_ibuf[11]/opit_1 on IOLHR_16_192.
Placed fixed group with base inst clk_ibuf/opit_1 on IOLHR_16_1080.
Placed fixed group with base inst esp8266_rx_ibuf/opit_1 on IOLHR_16_240.
Placed fixed group with base inst esp8266_tx_obuf/opit_1 on IOLHR_16_246.
Placed fixed group with base inst hmi_rx_ibuf/opit_1 on IOLHR_16_156.
Placed fixed group with base inst hmi_tx_obuf/opit_1 on IOLHR_16_162.
Placed fixed group with base inst led_obuf[0]/opit_1 on IOLHR_16_1032.
Placed fixed group with base inst led_obuf[1]/opit_1 on IOLHR_16_1074.
Placed fixed group with base inst led_obuf[2]/opit_1 on IOLHR_16_1056.
Placed fixed group with base inst led_obuf[3]/opit_1 on IOLHR_16_1086.
Placed fixed group with base inst led_obuf[4]/opit_1 on IOLHR_16_1116.
Placed fixed group with base inst led_obuf[5]/opit_1 on IOLHR_16_1110.
Placed fixed group with base inst led_obuf[6]/opit_1 on IOLHR_16_1140.
Placed fixed group with base inst led_obuf[7]/opit_1 on IOLHR_16_1134.
Placed fixed group with base inst rst_ibuf/opit_1 on IOLHR_16_990.
Placed fixed instance GRS_INST/grs_ccs on CCS_87_316.
Placed fixed instance PLL/u_gpll/gpll_inst on GPLL_7_1075.
Placed fixed instance clkbufg_23/gopclkbufg on USCM_215_624.
Placed fixed instance clkbufg_24/gopclkbufg on USCM_215_627.
Placed fixed instance clkbufg_25/gopclkbufg on USCM_215_576.
Placed fixed instance u_CORES/u_GTP_SCANCHAIN_PG/scanchain on SCANCHAIN_88_312.
Placed fixed instance BKCL_auto_0 on BKCL_1_952.
Placed fixed instance BKCL_auto_1 on BKCL_1_34.
Fixed placement takes 1.47 sec.

Phase 2.2 Process placement started.
Process placement takes 0.00 sec.

Phase 2.3 IO placement started.
IO placement takes 0.56 sec.

Phase 2.4 2nd GP placement started.
Run super clustering :
	Initial slack -3025.
	5 iterations finished.
	Final slack -541.
Super clustering done.
Design Utilization : 68%.
Worst slack after global placement is 1635
2nd GP placement takes 19.92 sec.

Wirelength after global placement is 639495 and checksum is 48C2A59BCE74528C.
Global placement takes 21.98 sec.

Phase 3 Post global placement started.
Packing LUT6D started.
I: LUT6D pack result: There are 2094 LUT6 in collection, pack success:105
Packing LUT6D takes 2.17 sec.
Phase 3.1 Macro cell placement started.
I: Process macros using "Greedy".
Ram placement takes 0.00 sec.
Wirelength after macro cell placement is 905966 and checksum is 30AC6E2CB6899537.
Macro cell placement takes 0.31 sec.

Phase 3.2 3rd GP placement started.
Run super clustering :
	Initial slack -3025.
	3 iterations finished.
	Final slack -1418.
Super clustering done.
Design Utilization : 68%.
Worst slack after post global placement is 1891
3rd GP placement takes 20.97 sec.

Wirelength after post global placement is 938667 and checksum is 373A66FD8B4759AA.
Packing LUT6D started.
I: LUT6D pack result: There are 1884 LUT6 in collection, pack success:6
Packing LUT6D takes 1.86 sec.
Post global placement takes 25.36 sec.

Phase 4 Legalization started.
The average distance in LP is 0.770107.
Wirelength after legalization is 965973 and checksum is 5455DE4341B2E131.
Legalization takes 1.25 sec.

Phase 5 Timing-driven detailed placement started.
Phase 5.1 Replication placement started.
Worst slack before Replication Place is 1628.
Replication placement takes 1.41 sec.

Wirelength after replication placement is 965973 and checksum is 5455DE4341B2E131.
Phase 5.2 Swapping placement started.
Worst slack before detailed placement is 1628, TNS before detailed placement is 0. 
Worst slack after detailed placement is 1628, TNS after detailed placement is 0. 
Swapping placement takes 1.59 sec.

Wirelength after detailed placement is 965973 and checksum is 5455DE4341B2E131.
Timing-driven detailed placement takes 3.06 sec.

Worst slack is 1628, TNS after placement is 0.
Placement done.
Total placement takes 94.16 sec.
Finished placement.

Routing started.
Building routing graph takes 5.42 sec.
Worst slack is 1628, TNS before global route is 0.
Processing design graph takes 3.23 sec.
Total memory for routing:
	272.389613 M.
Total nets for routing : 82895.
Global Routing step 1 processed 0 nets, it takes 17.36 sec.
Rcf routing step 1 processed 0 nets, it takes 0.00 sec.
Rcf routing step 2 processed 0 nets, it takes 0.02 sec.
Rcf routing step 3 processed 0 nets, it takes 0.00 sec.
Unrouted nets 0 at the end of iteration 0.
Global Routing step 1 processed 34 nets, it takes 0.05 sec.
Unrouted nets 183 at the end of iteration 0.
Unrouted nets 118 at the end of iteration 1.
Unrouted nets 72 at the end of iteration 2.
Unrouted nets 41 at the end of iteration 3.
Unrouted nets 18 at the end of iteration 4.
Unrouted nets 9 at the end of iteration 5.
Unrouted nets 5 at the end of iteration 6.
Unrouted nets 0 at the end of iteration 7.
Global Routing step 2 processed 634 nets, it takes 0.59 sec.
Unrouted nets 26 at the end of iteration 0.
Unrouted nets 17 at the end of iteration 1.
Unrouted nets 9 at the end of iteration 2.
Unrouted nets 6 at the end of iteration 3.
Unrouted nets 1 at the end of iteration 4.
Unrouted nets 0 at the end of iteration 5.
Global Routing step 3 processed 33 nets, it takes 0.70 sec.
Unrouted nets 2260 at the end of iteration 0.
Unrouted nets 1611 at the end of iteration 1.
Unrouted nets 1232 at the end of iteration 2.
Unrouted nets 1008 at the end of iteration 3.
Unrouted nets 813 at the end of iteration 4.
Unrouted nets 652 at the end of iteration 5.
Unrouted nets 609 at the end of iteration 6.
Unrouted nets 526 at the end of iteration 7.
Unrouted nets 463 at the end of iteration 8.
Unrouted nets 335 at the end of iteration 9.
Unrouted nets 291 at the end of iteration 10.
Unrouted nets 248 at the end of iteration 11.
Unrouted nets 232 at the end of iteration 12.
Unrouted nets 171 at the end of iteration 13.
Unrouted nets 179 at the end of iteration 14.
Unrouted nets 160 at the end of iteration 15.
Unrouted nets 158 at the end of iteration 16.
Unrouted nets 105 at the end of iteration 17.
Unrouted nets 83 at the end of iteration 18.
Unrouted nets 70 at the end of iteration 19.
Unrouted nets 75 at the end of iteration 20.
Unrouted nets 54 at the end of iteration 21.
Unrouted nets 47 at the end of iteration 22.
Unrouted nets 53 at the end of iteration 23.
Unrouted nets 57 at the end of iteration 24.
Unrouted nets 57 at the end of iteration 25.
Unrouted nets 82 at the end of iteration 26.
Unrouted nets 68 at the end of iteration 27.
Unrouted nets 67 at the end of iteration 28.
Unrouted nets 62 at the end of iteration 29.
Unrouted nets 67 at the end of iteration 30.
Unrouted nets 85 at the end of iteration 31.
Unrouted nets 73 at the end of iteration 32.
Unrouted nets 63 at the end of iteration 33.
Unrouted nets 37 at the end of iteration 34.
Unrouted nets 37 at the end of iteration 35.
Unrouted nets 54 at the end of iteration 36.
Unrouted nets 41 at the end of iteration 37.
Unrouted nets 57 at the end of iteration 38.
Unrouted nets 42 at the end of iteration 39.
Unrouted nets 48 at the end of iteration 40.
Unrouted nets 46 at the end of iteration 41.
Unrouted nets 44 at the end of iteration 42.
Unrouted nets 27 at the end of iteration 43.
Unrouted nets 34 at the end of iteration 44.
Unrouted nets 28 at the end of iteration 45.
Unrouted nets 12 at the end of iteration 46.
Unrouted nets 8 at the end of iteration 47.
Unrouted nets 6 at the end of iteration 48.
Unrouted nets 4 at the end of iteration 49.
Unrouted nets 0 at the end of iteration 50.
Global Routing step 4 processed 3320 nets, it takes 26.89 sec.
Global routing takes 28.34 sec.
Total 90600 subnets.
    forward max bucket size 35307 , backward 1068.
        Unrouted nets 59588 at the end of iteration 0.
    route iteration 0, CPU time elapsed 15.281250 sec.
    forward max bucket size 35706 , backward 1060.
        Unrouted nets 48373 at the end of iteration 1.
    route iteration 1, CPU time elapsed 9.718750 sec.
    forward max bucket size 2027 , backward 1321.
        Unrouted nets 40828 at the end of iteration 2.
    route iteration 2, CPU time elapsed 8.968750 sec.
    forward max bucket size 3139 , backward 2228.
        Unrouted nets 34619 at the end of iteration 3.
    route iteration 3, CPU time elapsed 8.656250 sec.
    forward max bucket size 35319 , backward 2390.
        Unrouted nets 29056 at the end of iteration 4.
    route iteration 4, CPU time elapsed 8.468750 sec.
    forward max bucket size 35055 , backward 3107.
        Unrouted nets 24365 at the end of iteration 5.
    route iteration 5, CPU time elapsed 7.906250 sec.
    forward max bucket size 4048 , backward 3032.
        Unrouted nets 24893 at the end of iteration 6.
    route iteration 6, CPU time elapsed 6.375000 sec.
    forward max bucket size 5095 , backward 3090.
        Unrouted nets 22517 at the end of iteration 7.
    route iteration 7, CPU time elapsed 6.015625 sec.
    forward max bucket size 5063 , backward 3275.
        Unrouted nets 19937 at the end of iteration 8.
    route iteration 8, CPU time elapsed 5.546875 sec.
    forward max bucket size 5164 , backward 3399.
        Unrouted nets 17195 at the end of iteration 9.
    route iteration 9, CPU time elapsed 5.015625 sec.
    forward max bucket size 4021 , backward 3498.
        Unrouted nets 14965 at the end of iteration 10.
    route iteration 10, CPU time elapsed 4.546875 sec.
    forward max bucket size 5093 , backward 4072.
        Unrouted nets 13078 at the end of iteration 11.
    route iteration 11, CPU time elapsed 4.078125 sec.
    forward max bucket size 4937 , backward 3357.
        Unrouted nets 11238 at the end of iteration 12.
    route iteration 12, CPU time elapsed 3.828125 sec.
    forward max bucket size 5012 , backward 4003.
        Unrouted nets 9534 at the end of iteration 13.
    route iteration 13, CPU time elapsed 3.375000 sec.
    forward max bucket size 4615 , backward 3511.
        Unrouted nets 8263 at the end of iteration 14.
    route iteration 14, CPU time elapsed 2.875000 sec.
    forward max bucket size 5087 , backward 4702.
        Unrouted nets 7139 at the end of iteration 15.
    route iteration 15, CPU time elapsed 2.734375 sec.
    forward max bucket size 5689 , backward 3989.
        Unrouted nets 5877 at the end of iteration 16.
    route iteration 16, CPU time elapsed 2.281250 sec.
    forward max bucket size 5466 , backward 3325.
        Unrouted nets 4832 at the end of iteration 17.
    route iteration 17, CPU time elapsed 2.109375 sec.
    forward max bucket size 5827 , backward 3707.
        Unrouted nets 4048 at the end of iteration 18.
    route iteration 18, CPU time elapsed 1.875000 sec.
    forward max bucket size 5876 , backward 4230.
        Unrouted nets 3525 at the end of iteration 19.
    route iteration 19, CPU time elapsed 1.578125 sec.
    forward max bucket size 4831 , backward 3718.
        Unrouted nets 3017 at the end of iteration 20.
    route iteration 20, CPU time elapsed 1.421875 sec.
    forward max bucket size 5104 , backward 3411.
        Unrouted nets 2537 at the end of iteration 21.
    route iteration 21, CPU time elapsed 1.296875 sec.
    forward max bucket size 4494 , backward 3054.
        Unrouted nets 2193 at the end of iteration 22.
    route iteration 22, CPU time elapsed 1.109375 sec.
    forward max bucket size 4751 , backward 3174.
        Unrouted nets 1940 at the end of iteration 23.
    route iteration 23, CPU time elapsed 1.093750 sec.
    forward max bucket size 4681 , backward 3742.
        Unrouted nets 1624 at the end of iteration 24.
    route iteration 24, CPU time elapsed 1.000000 sec.
    forward max bucket size 4780 , backward 2763.
        Unrouted nets 1397 at the end of iteration 25.
    route iteration 25, CPU time elapsed 0.875000 sec.
    forward max bucket size 4812 , backward 3202.
        Unrouted nets 1269 at the end of iteration 26.
    route iteration 26, CPU time elapsed 0.812500 sec.
    forward max bucket size 4919 , backward 2671.
        Unrouted nets 1242 at the end of iteration 27.
    route iteration 27, CPU time elapsed 0.843750 sec.
    forward max bucket size 5645 , backward 3535.
        Unrouted nets 1071 at the end of iteration 28.
    route iteration 28, CPU time elapsed 0.828125 sec.
    forward max bucket size 5792 , backward 3613.
        Unrouted nets 942 at the end of iteration 29.
    route iteration 29, CPU time elapsed 0.703125 sec.
    forward max bucket size 3382 , backward 2688.
        Unrouted nets 814 at the end of iteration 30.
    route iteration 30, CPU time elapsed 0.609375 sec.
    forward max bucket size 4871 , backward 3718.
        Unrouted nets 781 at the end of iteration 31.
    route iteration 31, CPU time elapsed 0.656250 sec.
    forward max bucket size 5323 , backward 4536.
        Unrouted nets 660 at the end of iteration 32.
    route iteration 32, CPU time elapsed 0.593750 sec.
    forward max bucket size 3439 , backward 3527.
        Unrouted nets 564 at the end of iteration 33.
    route iteration 33, CPU time elapsed 0.546875 sec.
    forward max bucket size 4025 , backward 3492.
        Unrouted nets 498 at the end of iteration 34.
    route iteration 34, CPU time elapsed 0.453125 sec.
    forward max bucket size 4684 , backward 3436.
        Unrouted nets 441 at the end of iteration 35.
    route iteration 35, CPU time elapsed 0.468750 sec.
    forward max bucket size 4851 , backward 2871.
        Unrouted nets 365 at the end of iteration 36.
    route iteration 36, CPU time elapsed 0.421875 sec.
    forward max bucket size 4269 , backward 2280.
        Unrouted nets 285 at the end of iteration 37.
    route iteration 37, CPU time elapsed 0.375000 sec.
    forward max bucket size 3018 , backward 1547.
        Unrouted nets 208 at the end of iteration 38.
    route iteration 38, CPU time elapsed 0.312500 sec.
    forward max bucket size 5628 , backward 3064.
        Unrouted nets 181 at the end of iteration 39.
    route iteration 39, CPU time elapsed 0.234375 sec.
    forward max bucket size 3599 , backward 2608.
        Unrouted nets 193 at the end of iteration 40.
    route iteration 40, CPU time elapsed 0.296875 sec.
    forward max bucket size 4156 , backward 1361.
        Unrouted nets 178 at the end of iteration 41.
    route iteration 41, CPU time elapsed 0.265625 sec.
    forward max bucket size 3816 , backward 2747.
        Unrouted nets 164 at the end of iteration 42.
    route iteration 42, CPU time elapsed 0.312500 sec.
    forward max bucket size 4463 , backward 2314.
        Unrouted nets 128 at the end of iteration 43.
    route iteration 43, CPU time elapsed 0.328125 sec.
    forward max bucket size 3617 , backward 2205.
        Unrouted nets 128 at the end of iteration 44.
    route iteration 44, CPU time elapsed 0.281250 sec.
    forward max bucket size 3926 , backward 2564.
        Unrouted nets 130 at the end of iteration 45.
    route iteration 45, CPU time elapsed 0.265625 sec.
    forward max bucket size 3801 , backward 2173.
        Unrouted nets 126 at the end of iteration 46.
    route iteration 46, CPU time elapsed 0.281250 sec.
    forward max bucket size 5605 , backward 3033.
        Unrouted nets 119 at the end of iteration 47.
    route iteration 47, CPU time elapsed 0.265625 sec.
    forward max bucket size 6562 , backward 3304.
        Unrouted nets 58 at the end of iteration 48.
    route iteration 48, CPU time elapsed 0.281250 sec.
    forward max bucket size 4021 , backward 2914.
        Unrouted nets 48 at the end of iteration 49.
    route iteration 49, CPU time elapsed 0.218750 sec.
    forward max bucket size 2116 , backward 3037.
        Unrouted nets 55 at the end of iteration 50.
    route iteration 50, CPU time elapsed 0.234375 sec.
    forward max bucket size 2367 , backward 2977.
        Unrouted nets 46 at the end of iteration 51.
    route iteration 51, CPU time elapsed 0.218750 sec.
    forward max bucket size 5284 , backward 2405.
        Unrouted nets 49 at the end of iteration 52.
    route iteration 52, CPU time elapsed 0.234375 sec.
    forward max bucket size 2915 , backward 2165.
        Unrouted nets 55 at the end of iteration 53.
    route iteration 53, CPU time elapsed 0.218750 sec.
    forward max bucket size 2723 , backward 1420.
        Unrouted nets 52 at the end of iteration 54.
    route iteration 54, CPU time elapsed 0.234375 sec.
    forward max bucket size 2493 , backward 949.
        Unrouted nets 41 at the end of iteration 55.
    route iteration 55, CPU time elapsed 0.218750 sec.
    forward max bucket size 2508 , backward 1147.
        Unrouted nets 29 at the end of iteration 56.
    route iteration 56, CPU time elapsed 0.203125 sec.
    forward max bucket size 2314 , backward 675.
        Unrouted nets 30 at the end of iteration 57.
    route iteration 57, CPU time elapsed 0.203125 sec.
    forward max bucket size 2753 , backward 1817.
        Unrouted nets 34 at the end of iteration 58.
    route iteration 58, CPU time elapsed 0.203125 sec.
    forward max bucket size 1968 , backward 405.
        Unrouted nets 23 at the end of iteration 59.
    route iteration 59, CPU time elapsed 0.218750 sec.
    forward max bucket size 638 , backward 605.
        Unrouted nets 22 at the end of iteration 60.
    route iteration 60, CPU time elapsed 0.187500 sec.
    forward max bucket size 797 , backward 952.
        Unrouted nets 22 at the end of iteration 61.
    route iteration 61, CPU time elapsed 0.203125 sec.
    forward max bucket size 2287 , backward 105.
        Unrouted nets 18 at the end of iteration 62.
    route iteration 62, CPU time elapsed 0.203125 sec.
    forward max bucket size 2267 , backward 1644.
        Unrouted nets 13 at the end of iteration 63.
    route iteration 63, CPU time elapsed 0.203125 sec.
    forward max bucket size 341 , backward 139.
        Unrouted nets 6 at the end of iteration 64.
    route iteration 64, CPU time elapsed 0.203125 sec.
    forward max bucket size 17 , backward 21.
        Unrouted nets 4 at the end of iteration 65.
    route iteration 65, CPU time elapsed 0.187500 sec.
    forward max bucket size 557 , backward 505.
        Unrouted nets 2 at the end of iteration 66.
    route iteration 66, CPU time elapsed 0.187500 sec.
    forward max bucket size 17 , backward 5.
        Unrouted nets 2 at the end of iteration 67.
    route iteration 67, CPU time elapsed 0.171875 sec.
    forward max bucket size 8 , backward 4.
        Unrouted nets 0 at the end of iteration 68.
    route iteration 68, CPU time elapsed 0.171875 sec.
Detailed routing takes 68 iterations
I: Design net u_CORES/drck_o is routed by general path.
C: Route-2036: The clock path from u_CORES/u_GTP_SCANCHAIN_PG/scanchain:TCK1 to clkbufg_25/gopclkbufg:CLK is routed by SRB.
I: Design net u_CORES/capt_o is routed by general path.
C: Route-2036: The clock path from u_CORES/u_GTP_SCANCHAIN_PG/scanchain:CAPTUREDR to u_CORES/u_debug_core_0/u_hub_data_decode/id_sample.conf_id[4]/opit_0_inv:CLK is routed by SRB.
I: Design net ntclkbufg_2 is routed by general path.
C: Route-2036: The clock path from clkbufg_25/gopclkbufg:CLKOUT to u_CORES/u_debug_core_0/u0_trig_unit/conf_reg[48]/opit_0_inv_L6QL5Q:CLK is routed by SRB.
Detailed routing takes 138.72 sec.
Start fix hold violation.
Build tmp routing results takes 0.66 sec.
Timing analysis takes 0.80 sec.
Hold violation fix iter 0 takes 1.56 sec, total_step_forward 58178.
Incremental timing analysis takes 0.56 sec.
Hold violation fix iter 1 takes 0.05 sec, total_step_forward 668.
Incremental timing analysis takes 0.56 sec.
Hold violation fix iter 2 takes 0.00 sec, total_step_forward 44.
Incremental timing analysis takes 0.58 sec.
Hold violation fix iter 3 takes 0.02 sec, total_step_forward 0.
Hold Violation Fix in router takes 4 iterations.
Fix hold violation Finished.
Hold Violation Fix in router takes 15.70 sec.

Dispose routing result:
    Collect routing result.
    Delete unused device instances.
    Annotate routing result.
    Change LUT configuration.
    Dispose misc instances.
    Annotate routing result again.
Finish routing takes 3.33 sec.
Used SRB routing arc is 704512.
Cleanup routing takes 0.05 sec.
Routing done.
Total routing takes 213.80 sec.


Device Utilization Summary :
+-------------------------------------------------------------------------------+
| Logic Utilization           | Used      | Available     | Utilization(%)     
+-------------------------------------------------------------------------------+
| Use of ADC                  | 0         | 1             | 0                  
| Use of ANALOG               | 0         | 1             | 0                  
| Use of APM                  | 216       | 240           | 90                 
| Use of BKCL                 | 2         | 6             | 34                 
| Use of CCS                  | 1         | 1             | 100                
| Use of CLMA                 | 8798      | 11675         | 76                 
|   FF                        | 27036     | 93400         | 29                 
|   LUT                       | 31646     | 46700         | 68                 
|   LUT-FF pairs              | 16647     | 46700         | 36                 
| Use of CLMS                 | 3753      | 4975          | 76                 
|   FF                        | 11894     | 39800         | 30                 
|   LUT                       | 13398     | 19900         | 68                 
|   LUT-FF pairs              | 7074      | 19900         | 36                 
|   Distributed RAM           | 75        | 19900         | 1                  
| Use of DDRPHY_CPD           | 0         | 12            | 0                  
| Use of DDRPHY_IOCLK_DIV     | 0         | 6             | 0                  
| Use of DDR_PHY              | 0         | 24            | 0                  
| Use of DRM                  | 16.5      | 155           | 11                 
| Use of GPLL                 | 1         | 6             | 17                 
| Use of GSEB                 | 0         | 218           | 0                  
| Use of HARD0                | 5078      | 10550         | 49                 
| Use of HCKB                 | 17        | 96            | 18                 
|  HCKB dataused              | 1         | 96            | 2                  
| Use of HCKMUX_TEST          | 0         | 8             | 0                  
| Use of HSSTLP               | 0         | 2             | 0                  
| Use of IO                   | 42        | 300           | 14                 
|   IOBD                      | 19        | 144           | 14                 
|   IOBS                      | 23        | 156           | 15                 
| Use of IOCKB                | 0         | 24            | 0                  
| Use of IOCKMUX_TEST         | 0         | 6             | 0                  
| Use of IOLHR                | 42        | 300           | 14                 
| Use of KEYRAM               | 0         | 1             | 0                  
| Use of MFG_TEST             | 0         | 1             | 0                  
| Use of MRCKB                | 0         | 12            | 0                  
| Use of MRCKMUX_TEST         | 0         | 6             | 0                  
| Use of MRPOSTMUX_TEST       | 0         | 6             | 0                  
| Use of PCIE                 | 0         | 1             | 0                  
| Use of PCKMUX_TEST          | 0         | 12            | 0                  
| Use of PLLMRMUX_TEST        | 0         | 6             | 0                  
| Use of PLLREFMUX_TEST       | 0         | 6             | 0                  
| Use of PPLL                 | 0         | 6             | 0                  
| Use of PREGMUXC_TEST        | 0         | 4             | 0                  
| Use of PREGMUXLR_TEST       | 0         | 6             | 0                  
| Use of RCKB                 | 7         | 24            | 30                 
|  RCKB dataused              | 7         | 24            | 30                 
| Use of RCKMUX_TEST          | 0         | 6             | 0                  
| Use of SCANCHAIN            | 1         | 1             | 100                
| Use of SCKMUX_TEST          | 0         | 12            | 0                  
| Use of SFB                  | 0         | 2225          | 0                  
| Use of SPAD                 | 0         | 8             | 0                  
| Use of TSERDES              | 0         | 48            | 0                  
| Use of USCM                 | 3         | 32            | 10                 
|  USCM dataused              | 0         | 32            | 0                  
| Use of USCMMUX_TEST         | 0         | 32            | 0                  
+-------------------------------------------------------------------------------+

Finished routing.
Design 'top' has been placed and routed successfully.
Saving design to DB.
Finished placement and routing.
Action pnr: Real time elapsed is 0h:8m:43s
Action pnr: CPU time elapsed is 0h:7m:19s
Action pnr: Process CPU time elapsed is 0h:9m:30s
Current time: Thu Nov  6 03:52:49 2025
Action pnr: Peak memory pool usage is 3,822 MB
